#
# A fatal error has been detected by the Java Runtime Environment:
#
#  EXCEPTION_ACCESS_VIOLATION (0xc0000005) at pc=0x00007ffe2dbe5374, pid=21568, tid=21200
#
# JRE version: Java(TM) SE Runtime Environment (21.0.1+12) (build 21.0.1+12-LTS-29)
# Java VM: Java HotSpot(TM) 64-Bit Server VM (21.0.1+12-LTS-29, mixed mode, sharing, tiered, compressed oops, compressed class ptrs, g1 gc, windows-amd64)
# Problematic frame:
# C  [nvoglv64.dll+0xf65374]
#
# No core dump will be written. Minidumps are not enabled by default on client versions of Windows
#
# If you would like to submit a bug report, please visit:
#   https://bugreport.java.com/bugreport/crash.jsp
# The crash happened outside the Java Virtual Machine in native code.
# See problematic frame for where to report the bug.
#

---------------  S U M M A R Y ------------

Command Line: -agentlib:jdwp=transport=dt_socket,server=n,suspend=y,address=localhost:54778 --add-exports=java.desktop/sun.awt=ALL-UNNAMED --enable-preview -XX:+ShowCodeDetailsInExceptionMessages Main

Host: Intel(R) Core(TM) i7-9700K CPU @ 3.60GHz, 8 cores, 31G,  Windows 11 , 64 bit Build 22621 (10.0.22621.2506)
Time: Thu Dec 28 19:52:12 2023  Windows 11 , 64 bit Build 22621 (10.0.22621.2506) elapsed time: 2.650728 seconds (0d 0h 0m 2s)

---------------  T H R E A D  ---------------

Current thread (0x000001a43b7295d0):  JavaThread "AWT-EventQueue-0"        [_thread_in_native, id=21200, stack(0x0000002a81020000,0x0000002a81120000) (1024K)]

Stack: [0x0000002a81020000,0x0000002a81120000],  sp=0x0000002a8111dd68,  free space=1015k
Native frames: (J=compiled Java code, j=interpreted, Vv=VM code, C=native code)
C  [nvoglv64.dll+0xf65374]

Java frames: (J=compiled Java code, j=interpreted, Vv=VM code)
j  jogamp.opengl.gl4.GL4bcImpl.dispatch_glUniformMatrix4fv1(IIZLjava/lang/Object;IZJ)V+0
j  jogamp.opengl.gl4.GL4bcImpl.glUniformMatrix4fv(IIZLjava/nio/FloatBuffer;)V+87
j  medipro.object.base.gameobject.GameObjectView.bindBuffers(Lcom/jogamp/opengl/GLAutoDrawable;I)V+173
j  medipro.object.base.gameobject.GameObjectView.display(Lcom/jogamp/opengl/GLAutoDrawable;)V+71
j  medipro.object.base.World.display(Lcom/jogamp/opengl/GLAutoDrawable;)V+45
j  medipro.gui.panel.GLGamePanel.display(Lcom/jogamp/opengl/GLAutoDrawable;)V+26
j  jogamp.opengl.GLDrawableHelper.displayImpl(Lcom/jogamp/opengl/GLAutoDrawable;)V+62
j  jogamp.opengl.GLDrawableHelper.display(Lcom/jogamp/opengl/GLAutoDrawable;)V+2
j  com.jogamp.opengl.awt.GLJPanel$Updater.display(Lcom/jogamp/opengl/GLAutoDrawable;)V+200
j  com.jogamp.opengl.awt.GLJPanel$9.run()V+11
j  jogamp.opengl.GLDrawableHelper.invokeGLImpl(Lcom/jogamp/opengl/GLDrawable;Lcom/jogamp/opengl/GLContext;Ljava/lang/Runnable;Ljava/lang/Runnable;)V+205
j  jogamp.opengl.GLDrawableHelper.invokeGL(Lcom/jogamp/opengl/GLDrawable;Lcom/jogamp/opengl/GLContext;Ljava/lang/Runnable;Ljava/lang/Runnable;)V+75
j  com.jogamp.opengl.awt.GLJPanel$OffscreenBackend.doPaintComponent(Ljava/awt/Graphics;)V+29
j  com.jogamp.opengl.awt.GLJPanel.paintComponent(Ljava/awt/Graphics;)V+224
j  javax.swing.JComponent.paint(Ljava/awt/Graphics;)V+286 java.desktop@21.0.1
j  javax.swing.JComponent.paintToOffscreen(Ljava/awt/Graphics;IIIIII)V+41 java.desktop@21.0.1
j  javax.swing.RepaintManager$PaintManager.paintDoubleBufferedImpl(Ljavax/swing/JComponent;Ljava/awt/Image;Ljava/awt/Graphics;IIII)V+163 java.desktop@21.0.1
j  javax.swing.RepaintManager$PaintManager.paintDoubleBuffered(Ljavax/swing/JComponent;Ljava/awt/Image;Ljava/awt/Graphics;IIII)V+46 java.desktop@21.0.1
j  javax.swing.RepaintManager$PaintManager.paint(Ljavax/swing/JComponent;Ljavax/swing/JComponent;Ljava/awt/Graphics;IIII)Z+128 java.desktop@21.0.1
j  javax.swing.RepaintManager.paint(Ljavax/swing/JComponent;Ljavax/swing/JComponent;Ljava/awt/Graphics;IIII)V+52 java.desktop@21.0.1
j  javax.swing.JComponent._paintImmediately(IIII)V+683 java.desktop@21.0.1
j  javax.swing.JComponent.paintImmediately(IIII)V+138 java.desktop@21.0.1
j  javax.swing.RepaintManager$4.run()Ljava/lang/Void;+81 java.desktop@21.0.1
j  javax.swing.RepaintManager$4.run()Ljava/lang/Object;+1 java.desktop@21.0.1
J 734 c1 java.security.AccessController.executePrivileged(Ljava/security/PrivilegedAction;Ljava/security/AccessControlContext;Ljava/lang/Class;)Ljava/lang/Object; java.base@21.0.1 (65 bytes) @ 0x000001a41ee5eadc [0x000001a41ee5e960+0x000000000000017c]
j  java.security.AccessController.doPrivileged(Ljava/security/PrivilegedAction;Ljava/security/AccessControlContext;)Ljava/lang/Object;+13 java.base@21.0.1
j  java.security.ProtectionDomain$JavaSecurityAccessImpl.doIntersectionPrivilege(Ljava/security/PrivilegedAction;Ljava/security/AccessControlContext;Ljava/security/AccessControlContext;)Ljava/lang/Object;+18 java.base@21.0.1
j  javax.swing.RepaintManager.paintDirtyRegions(Ljava/util/Map;)V+154 java.desktop@21.0.1
j  javax.swing.RepaintManager.paintDirtyRegions()V+46 java.desktop@21.0.1
j  javax.swing.RepaintManager.prePaintDirtyRegions()V+73 java.desktop@21.0.1
j  javax.swing.RepaintManager$ProcessingRunnable.run()V+37 java.desktop@21.0.1
j  java.awt.event.InvocationEvent.dispatch()V+47 java.desktop@21.0.1
j  java.awt.EventQueue.dispatchEventImpl(Ljava/awt/AWTEvent;Ljava/lang/Object;)V+21 java.desktop@21.0.1
j  java.awt.EventQueue$4.run()Ljava/lang/Void;+32 java.desktop@21.0.1
j  java.awt.EventQueue$4.run()Ljava/lang/Object;+1 java.desktop@21.0.1
J 734 c1 java.security.AccessController.executePrivileged(Ljava/security/PrivilegedAction;Ljava/security/AccessControlContext;Ljava/lang/Class;)Ljava/lang/Object; java.base@21.0.1 (65 bytes) @ 0x000001a41ee5eadc [0x000001a41ee5e960+0x000000000000017c]
j  java.security.AccessController.doPrivileged(Ljava/security/PrivilegedAction;Ljava/security/AccessControlContext;)Ljava/lang/Object;+13 java.base@21.0.1
j  java.security.ProtectionDomain$JavaSecurityAccessImpl.doIntersectionPrivilege(Ljava/security/PrivilegedAction;Ljava/security/AccessControlContext;Ljava/security/AccessControlContext;)Ljava/lang/Object;+18 java.base@21.0.1
j  java.awt.EventQueue.dispatchEvent(Ljava/awt/AWTEvent;)V+46 java.desktop@21.0.1
j  java.awt.EventDispatchThread.pumpOneEventForFilters(I)V+81 java.desktop@21.0.1
j  java.awt.EventDispatchThread.pumpEventsForFilter(ILjava/awt/Conditional;Ljava/awt/EventFilter;)V+35 java.desktop@21.0.1
j  java.awt.EventDispatchThread.pumpEventsForHierarchy(ILjava/awt/Conditional;Ljava/awt/Component;)V+11 java.desktop@21.0.1
j  java.awt.EventDispatchThread.pumpEvents(ILjava/awt/Conditional;)V+4 java.desktop@21.0.1
j  java.awt.EventDispatchThread.pumpEvents(Ljava/awt/Conditional;)V+3 java.desktop@21.0.1
j  java.awt.EventDispatchThread.run()V+9 java.desktop@21.0.1
v  ~StubRoutines::call_stub 0x000001a42627100d

siginfo: EXCEPTION_ACCESS_VIOLATION (0xc0000005), reading address 0x000001a408952000


Registers:
RAX=0x0000000000000001, RBX=0x000001a40897d810, RCX=0x000001a40894fe00, RDX=0x0000000000002200
RSP=0x0000002a8111dd68, RBP=0x0000000000000000, RSI=0x0000000000000010, RDI=0x0000000000000001
R8 =0x0000000000000030, R9 =0x0000000000000001, R10=0x000001a408951fd0, R11=0x000001a40894fdd0
R12=0x000001a40cdb0000, R13=0x000001a40894fdd0, R14=0x000001a40d65c050, R15=0x000001a408951fd0
RIP=0x00007ffe2dbe5374, EFLAGS=0x0000000000010202


Register to memory mapping:

RAX=0x0000000000000001 is an unknown value
RBX=0x000001a40897d810 points into unknown readable memory: 0x0000000000000005 | 05 00 00 00 00 00 00 00
RCX=0x000001a40894fe00 points into unknown readable memory: 0x0000000000000000 | 00 00 00 00 00 00 00 00
RDX=0x0000000000002200 is an unknown value
RSP=0x0000002a8111dd68 is pointing into the stack for thread: 0x000001a43b7295d0
RBP=0x0 is null
RSI=0x0000000000000010 is an unknown value
RDI=0x0000000000000001 is an unknown value
R8 =0x0000000000000030 is an unknown value
R9 =0x0000000000000001 is an unknown value
R10=0x000001a408951fd0 points into unknown readable memory: 0x0000000000000000 | 00 00 00 00 00 00 00 00
R11=0x000001a40894fdd0 points into unknown readable memory: 0x0000000000000000 | 00 00 00 00 00 00 00 00
R12=0x000001a40cdb0000 points into unknown readable memory: 0x000001a40876e550 | 50 e5 76 08 a4 01 00 00
R13=0x000001a40894fdd0 points into unknown readable memory: 0x0000000000000000 | 00 00 00 00 00 00 00 00
R14=0x000001a40d65c050 points into unknown readable memory: 0x000000000000000a | 0a 00 00 00 00 00 00 00
R15=0x000001a408951fd0 points into unknown readable memory: 0x0000000000000000 | 00 00 00 00 00 00 00 00

Top of Stack: (sp=0x0000002a8111dd68)
0x0000002a8111dd68:   00007ffe2d41d1dd 0000000000000000
0x0000002a8111dd78:   0000000000000008 0000000000000000
0x0000002a8111dd88:   00007ffe3d2f10b9 0000000000000001
0x0000002a8111dd98:   00007ffe2d4b8300 000001a43b729988
0x0000002a8111dda8:   0000002a8111df30 0000000000000000
0x0000002a8111ddb8:   00007fff0d794ac1 000001a43b7295d0
0x0000002a8111ddc8:   0000002a8111df50 0000000000000000
0x0000002a8111ddd8:   000001a42627919a 00000000000001c0
0x0000002a8111dde8:   00007ffe2d4299c0 000001a400855358
0x0000002a8111ddf8:   0000002a8111def0 000001a400855358
0x0000002a8111de08:   000001a42627919a 0000002a00000001
0x0000002a8111de18:   0000000000000000 000001a408951fd0
0x0000002a8111de28:   0000002a8111df50 000001a43b7295d0
0x0000002a8111de38:   000001a426280716 0000002a8111ded0
0x0000002a8111de48:   000001a42627919a 0000000000000000
0x0000002a8111de58:   000001a43f800000 000001a400000000
0x0000002a8111de68:   0000002a8111df30 0000000000000040
0x0000002a8111de78:   0000000000000001 00007ffe2d4b8300
0x0000002a8111de88:   0000002a8111de88 0000000000000001
0x0000002a8111de98:   0000002a8111de98 000001a400afc280
0x0000002a8111dea8:   0000002a8111dea8 0000000000000000
0x0000002a8111deb8:   000000000000000c 000001a400940000
0x0000002a8111dec8:   0000000000000000 000000061f9dabc0
0x0000002a8111ded8:   000001a400855358 0000000000000000
0x0000002a8111dee8:   0000002a8111df10 0000002a8111dfa0
0x0000002a8111def8:   000001a42627919a 0000000000000000
0x0000002a8111df08:   000001a42627c697 00007ffe2d4b8300
0x0000002a8111df18:   0000000000000000 0000000000000001
0x0000002a8111df28:   0000000000000040 0000000620737728
0x0000002a8111df38:   0000000000000000 0000000000000001
0x0000002a8111df48:   0000000000000000 00000006204e8910
0x0000002a8111df58:   0000002a8111df58 000001a40085523f 

Instructions: (pc=0x00007ffe2dbe5374)
0x00007ffe2dbe5274:   48 0c c3 66 0f 1f 84 00 00 00 00 00 4c 8b 02 8b
0x00007ffe2dbe5284:   4a 08 44 0f b7 4a 0c 44 0f b6 52 0e 4c 89 00 89
0x00007ffe2dbe5294:   48 08 66 44 89 48 0c 44 88 50 0e c3 0f 10 04 11
0x00007ffe2dbe52a4:   4c 03 c1 48 83 c1 10 41 f6 c3 0f 74 13 0f 28 c8
0x00007ffe2dbe52b4:   48 83 e1 f0 0f 10 04 11 48 83 c1 10 41 0f 11 0b
0x00007ffe2dbe52c4:   4c 2b c1 4d 8b c8 49 c1 e9 07 0f 84 88 00 00 00
0x00007ffe2dbe52d4:   0f 29 41 f0 4c 3b 0d 79 5f a4 01 76 17 e9 c2 00
0x00007ffe2dbe52e4:   00 00 66 66 0f 1f 84 00 00 00 00 00 0f 29 41 e0
0x00007ffe2dbe52f4:   0f 29 49 f0 0f 10 04 11 0f 10 4c 11 10 48 81 c1
0x00007ffe2dbe5304:   80 00 00 00 0f 29 41 80 0f 29 49 90 0f 10 44 11
0x00007ffe2dbe5314:   a0 0f 10 4c 11 b0 49 ff c9 0f 29 41 a0 0f 29 49
0x00007ffe2dbe5324:   b0 0f 10 44 11 c0 0f 10 4c 11 d0 0f 29 41 c0 0f
0x00007ffe2dbe5334:   29 49 d0 0f 10 44 11 e0 0f 10 4c 11 f0 75 ad 0f
0x00007ffe2dbe5344:   29 41 e0 49 83 e0 7f 0f 28 c1 eb 0c 0f 10 04 11
0x00007ffe2dbe5354:   48 83 c1 10 49 83 e8 10 4d 8b c8 49 c1 e9 04 74
0x00007ffe2dbe5364:   1c 66 66 66 0f 1f 84 00 00 00 00 00 0f 11 41 f0
0x00007ffe2dbe5374:   0f 10 04 11 48 83 c1 10 49 ff c9 75 ef 49 83 e0
0x00007ffe2dbe5384:   0f 74 0d 4a 8d 04 01 0f 10 4c 10 f0 0f 11 48 f0
0x00007ffe2dbe5394:   0f 11 41 f0 49 8b c3 c3 0f 1f 40 00 0f 2b 41 e0
0x00007ffe2dbe53a4:   0f 2b 49 f0 0f 18 84 11 00 02 00 00 0f 10 04 11
0x00007ffe2dbe53b4:   0f 10 4c 11 10 48 81 c1 80 00 00 00 0f 2b 41 80
0x00007ffe2dbe53c4:   0f 2b 49 90 0f 10 44 11 a0 0f 10 4c 11 b0 49 ff
0x00007ffe2dbe53d4:   c9 0f 2b 41 a0 0f 2b 49 b0 0f 10 44 11 c0 0f 10
0x00007ffe2dbe53e4:   4c 11 d0 0f 18 84 11 40 02 00 00 0f 2b 41 c0 0f
0x00007ffe2dbe53f4:   2b 49 d0 0f 10 44 11 e0 0f 10 4c 11 f0 75 9d 0f
0x00007ffe2dbe5404:   ae f8 e9 38 ff ff ff 0f 1f 44 00 00 49 03 c8 0f
0x00007ffe2dbe5414:   10 44 11 f0 48 83 e9 10 49 83 e8 10 f6 c1 0f 74
0x00007ffe2dbe5424:   17 48 8b c1 48 83 e1 f0 0f 10 c8 0f 10 04 11 0f
0x00007ffe2dbe5434:   11 08 4c 8b c1 4d 2b c3 4d 8b c8 49 c1 e9 07 74
0x00007ffe2dbe5444:   68 0f 29 01 eb 0d 66 0f 1f 44 00 00 0f 29 41 10
0x00007ffe2dbe5454:   0f 29 09 0f 10 44 11 f0 0f 10 4c 11 e0 48 81 e9
0x00007ffe2dbe5464:   80 00 00 00 0f 29 41 70 0f 29 49 60 0f 10 44 11 


Stack slot to memory mapping:

stack at sp + 0 slots: 0x00007ffe2d41d1dd nvoglv64.dll
stack at sp + 1 slots: 0x0 is null
stack at sp + 2 slots: 0x0000000000000008 is an unknown value
stack at sp + 3 slots: 0x0 is null
stack at sp + 4 slots: 0x00007ffe3d2f10b9 jvm.dll
stack at sp + 5 slots: 0x0000000000000001 is an unknown value
stack at sp + 6 slots: 0x00007ffe2d4b8300 nvoglv64.dll
stack at sp + 7 slots: 0x000001a43b729988 points into unknown readable memory: 0x00007ffe3da6c600 | 00 c6 a6 3d fe 7f 00 00


Compiled method (c1)    2725  734       3       java.security.AccessController::executePrivileged (65 bytes)
 total in heap  [0x000001a41ee5e790,0x000001a41ee5ed98] = 1544
 relocation     [0x000001a41ee5e8f0,0x000001a41ee5e958] = 104
 main code      [0x000001a41ee5e960,0x000001a41ee5ec30] = 720
 stub code      [0x000001a41ee5ec30,0x000001a41ee5ec88] = 88
 metadata       [0x000001a41ee5ec88,0x000001a41ee5ec98] = 16
 scopes data    [0x000001a41ee5ec98,0x000001a41ee5ed00] = 104
 scopes pcs     [0x000001a41ee5ed00,0x000001a41ee5ed80] = 128
 dependencies   [0x000001a41ee5ed80,0x000001a41ee5ed88] = 8
 nul chk table  [0x000001a41ee5ed88,0x000001a41ee5ed98] = 16

[Constant Pool (empty)]

[MachCode]
[Verified Entry Point]
  # {method} {0x000001a43c478680} 'executePrivileged' '(Ljava/security/PrivilegedAction;Ljava/security/AccessControlContext;Ljava/lang/Class;)Ljava/lang/Object;' in 'java/security/AccessController'
  # parm0:    rdx:rdx   = 'java/security/PrivilegedAction'
  # parm1:    r8:r8     = 'java/security/AccessControlContext'
  # parm2:    r9:r9     = 'java/lang/Class'
  #           [sp+0x50]  (sp of caller)
  0x000001a41ee5e960: 8984 2400 | 80ff ff55 | 4883 ec40 | 4181 7f20 | 0100 0000 

  0x000001a41ee5e974: ;   {runtime_call StubRoutines (final stubs)}
  0x000001a41ee5e974: 7405 e8e5 | 6344 0748 | 8954 2420 

  0x000001a41ee5e980: ;   {metadata(method data for {method} {0x000001a43c478680} 'executePrivileged' '(Ljava/security/PrivilegedAction;Ljava/security/AccessControlContext;Ljava/lang/Class;)Ljava/lang/Object;' in 'java/security/AccessController')}
  0x000001a41ee5e980: 48be 0052 | 0c00 a401 | 0000 8bbe | cc00 0000 | 83c7 0289 | becc 0000 | 0081 e7fe | 0700 0083 
  0x000001a41ee5e9a0: ff00 0f84 | e201 0000 | 4983 f800 

  0x000001a41ee5e9ac: ;   {metadata(method data for {method} {0x000001a43c478680} 'executePrivileged' '(Ljava/security/PrivilegedAction;Ljava/security/AccessControlContext;Ljava/lang/Class;)Ljava/lang/Object;' in 'java/security/AccessController')}
  0x000001a41ee5e9ac: 48be 0052 | 0c00 a401 | 0000 48bf | 2001 0000 | 0000 0000 | 0f85 0a00 | 0000 48bf | 1001 0000 
  0x000001a41ee5e9cc: 0000 0000 | 488b 1c3e | 488d 5b01 | 4889 1c3e | 4c89 4c24 | 280f 850a | 0000 004c | 8944 2430 
  0x000001a41ee5e9ec: e92b 0000 

  0x000001a41ee5e9f0: ;   {metadata(method data for {method} {0x000001a43c478680} 'executePrivileged' '(Ljava/security/PrivilegedAction;Ljava/security/AccessControlContext;Ljava/lang/Class;)Ljava/lang/Object;' in 'java/security/AccessController')}
  0x000001a41ee5e9f0: 0048 be00 | 520c 00a4 | 0100 0048 | 8386 3001 | 0000 0149 | 8bd0 4c89 | 4424 300f 

  0x000001a41ee5ea0c: ;   {static_call}
  0x000001a41ee5ea0c: 1f40 00e8 

  0x000001a41ee5ea10: ; ImmutableOopMap {[32]=Oop [40]=Oop [48]=Oop }
                      ;*invokestatic ensureMaterializedForStackWalk {reexecute=0 rethrow=0 return_oop=0}
                      ; - java.security.AccessController::executePrivileged@5 (line 774)
  0x000001a41ee5ea10: 3002 0000 

  0x000001a41ee5ea14: ;   {other}
  0x000001a41ee5ea14: 0f1f 8400 | 8402 0000 

  0x000001a41ee5ea1c: ;   {metadata(method data for {method} {0x000001a43c478680} 'executePrivileged' '(Ljava/security/PrivilegedAction;Ljava/security/AccessControlContext;Ljava/lang/Class;)Ljava/lang/Object;' in 'java/security/AccessController')}
  0x000001a41ee5ea1c: 48ba 0052 | 0c00 a401 | 0000 ff82 | 4001 0000 | 488b 5424 | 2048 3b02 

  0x000001a41ee5ea34: ;   {metadata(method data for {method} {0x000001a43c478680} 'executePrivileged' '(Ljava/security/PrivilegedAction;Ljava/security/AccessControlContext;Ljava/lang/Class;)Ljava/lang/Object;' in 'java/security/AccessController')}
  0x000001a41ee5ea34: 488b f248 | bf00 520c | 00a4 0100 | 008b 7608 | 49ba 0000 | 003c a401 | 0000 4903 | f248 3bb7 
  0x000001a41ee5ea54: b001 0000 | 750d 4883 | 87b8 0100 | 0001 e960 | 0000 0048 | 3bb7 c001 | 0000 750d | 4883 87c8 
  0x000001a41ee5ea74: 0100 0001 | e94a 0000 | 0048 83bf | b001 0000 | 0075 1748 | 89b7 b001 | 0000 48c7 | 87b8 0100 
  0x000001a41ee5ea94: 0001 0000 | 00e9 2900 | 0000 4883 | bfc0 0100 | 0000 7517 | 4889 b7c0 | 0100 0048 | c787 c801 
  0x000001a41ee5eab4: 0000 0100 | 0000 e908 | 0000 0048 | 8387 a001 | 0000 0148 | 8bf2 488b | d648 b870 | 4651 3ba4 
  0x000001a41ee5ead4: ;   {virtual_call}
  0x000001a41ee5ead4: 0100 00e8 

  0x000001a41ee5ead8: ; ImmutableOopMap {[32]=Oop [40]=Oop [48]=Oop }
                      ;*invokeinterface run {reexecute=0 rethrow=0 return_oop=0}
                      ; - java.security.AccessController::executePrivileged@29 (line 778)
  0x000001a41ee5ead8: c42d 5407 

  0x000001a41ee5eadc: ;   {other}
  0x000001a41ee5eadc: 0f1f 8400 | 4c03 0001 

  0x000001a41ee5eae4: ;   {metadata(method data for {method} {0x000001a43c478680} 'executePrivileged' '(Ljava/security/PrivilegedAction;Ljava/security/AccessControlContext;Ljava/lang/Class;)Ljava/lang/Object;' in 'java/security/AccessController')}
  0x000001a41ee5eae4: 48be 0052 | 0c00 a401 | 0000 ff86 | d801 0000 | 4c8b 4c24 | 284c 8b44 | 2430 488b 

  0x000001a41ee5eb00: ;   {metadata(method data for {method} {0x000001a43c478680} 'executePrivileged' '(Ljava/security/PrivilegedAction;Ljava/security/AccessControlContext;Ljava/lang/Class;)Ljava/lang/Object;' in 'java/security/AccessController')}
  0x000001a41ee5eb00: 5424 2048 | be00 520c | 00a4 0100 | 0048 8386 | 3802 0000 

  0x000001a41ee5eb14: ;   {metadata(method data for {method} {0x000001a43c03d400} 'reachabilityFence' '(Ljava/lang/Object;)V' in 'java/lang/ref/Reference')}
  0x000001a41ee5eb14: 0148 be58 | 7709 00a4 | 0100 008b | becc 0000 | 0083 c702 | 89be cc00 | 0000 81e7 | feff 1f00 
  0x000001a41ee5eb34: 83ff 000f | 8473 0000 

  0x000001a41ee5eb3c: ;   {metadata(method data for {method} {0x000001a43c478680} 'executePrivileged' '(Ljava/security/PrivilegedAction;Ljava/security/AccessControlContext;Ljava/lang/Class;)Ljava/lang/Object;' in 'java/security/AccessController')}
  0x000001a41ee5eb3c: 0048 be00 | 520c 00a4 | 0100 0048 | 8386 4802 

  0x000001a41ee5eb4c: ;   {metadata(method data for {method} {0x000001a43c03d400} 'reachabilityFence' '(Ljava/lang/Object;)V' in 'java/lang/ref/Reference')}
  0x000001a41ee5eb4c: 0000 0148 | be58 7709 | 00a4 0100 | 008b becc | 0000 0083 | c702 89be | cc00 0000 | 81e7 feff 
  0x000001a41ee5eb6c: 1f00 83ff | 000f 845a | 0000 0048 | 83c4 405d 

  0x000001a41ee5eb7c: ;   {poll_return}
  0x000001a41ee5eb7c: 493b a750 | 0400 000f | 8766 0000 

  0x000001a41ee5eb88: ;   {metadata({method} {0x000001a43c478680} 'executePrivileged' '(Ljava/security/PrivilegedAction;Ljava/security/AccessControlContext;Ljava/lang/Class;)Ljava/lang/Object;' in 'java/security/AccessController')}
  0x000001a41ee5eb88: 00c3 49ba | 7886 473c | a401 0000 | 4c89 5424 | 0848 c704 | 24ff ffff 

  0x000001a41ee5eba0: ;   {runtime_call counter_overflow Runtime1 stub}
  0x000001a41ee5eba0: ffe8 da8b 

  0x000001a41ee5eba4: ; ImmutableOopMap {rdx=Oop r8=Oop r9=Oop [32]=Oop }
                      ;*synchronization entry
                      ; - java.security.AccessController::executePrivileged@-1 (line 773)
  0x000001a41ee5eba4: 5307 e9fd 

  0x000001a41ee5eba8: ;   {runtime_call throw_null_pointer_exception Runtime1 stub}
  0x000001a41ee5eba8: fdff ffe8 

  0x000001a41ee5ebac: ; ImmutableOopMap {rdx=Oop [32]=Oop [40]=Oop [48]=Oop }
                      ;*invokeinterface run {reexecute=0 rethrow=0 return_oop=0}
                      ; - java.security.AccessController::executePrivileged@29 (line 778)
  0x000001a41ee5ebac: d03a 5307 

  0x000001a41ee5ebb0: ;   {metadata({method} {0x000001a43c03d400} 'reachabilityFence' '(Ljava/lang/Object;)V' in 'java/lang/ref/Reference')}
  0x000001a41ee5ebb0: 49ba f8d3 | 033c a401 | 0000 4c89 | 5424 0848 | c704 24ff 

  0x000001a41ee5ebc4: ;   {runtime_call counter_overflow Runtime1 stub}
  0x000001a41ee5ebc4: ffff ffe8 

  0x000001a41ee5ebc8: ; ImmutableOopMap {rax=Oop r9=Oop rdx=Oop r8=Oop [32]=Oop }
                      ;*synchronization entry
                      ; - java.lang.ref.Reference::reachabilityFence@-1 (line 628)
                      ; - java.security.AccessController::executePrivileged@56 (line 783)
  0x000001a41ee5ebc8: b48b 5307 | e96c ffff 

  0x000001a41ee5ebd0: ;   {metadata({method} {0x000001a43c03d400} 'reachabilityFence' '(Ljava/lang/Object;)V' in 'java/lang/ref/Reference')}
  0x000001a41ee5ebd0: ff49 baf8 | d303 3ca4 | 0100 004c | 8954 2408 | 48c7 0424 | ffff ffff 

  0x000001a41ee5ebe8: ;   {runtime_call counter_overflow Runtime1 stub}
  0x000001a41ee5ebe8: e893 8b53 

  0x000001a41ee5ebec: ; ImmutableOopMap {rax=Oop r9=Oop rdx=Oop r8=Oop [32]=Oop }
                      ;*synchronization entry
                      ; - java.lang.ref.Reference::reachabilityFence@-1 (line 628)
                      ; - java.security.AccessController::executePrivileged@60 (line 784)
                      ;   {internal_word}
  0x000001a41ee5ebec: 07eb 8849 | ba7c ebe5 | 1ea4 0100 | 004d 8997 | 6804 0000 

  0x000001a41ee5ec00: ;   {runtime_call SafepointBlob}
  0x000001a41ee5ec00: e9fb 6a46 | 0749 8b87 | 0005 0000 | 49c7 8700 | 0500 0000 | 0000 0049 | c787 0805 | 0000 0000 
  0x000001a41ee5ec20: 0000 4883 

  0x000001a41ee5ec24: ;   {runtime_call unwind_exception Runtime1 stub}
  0x000001a41ee5ec24: c440 5de9 | 542b 5307 | f4f4 f4f4 
[Stub Code]
  0x000001a41ee5ec30: ;   {no_reloc}
  0x000001a41ee5ec30: 0f1f 4400 

  0x000001a41ee5ec34: ;   {static_stub}
  0x000001a41ee5ec34: 0048 bb00 | 0000 0000 

  0x000001a41ee5ec3c: ;   {runtime_call}
  0x000001a41ee5ec3c: 0000 00e9 | fbff ffff 

  0x000001a41ee5ec44: ;   {static_stub}
  0x000001a41ee5ec44: 48bb a084 | 473c a401 

  0x000001a41ee5ec4c: ;   {runtime_call I2C/C2I adapters}
  0x000001a41ee5ec4c: 0000 e910 

  0x000001a41ee5ec50: ;   {runtime_call handle_exception_from_callee Runtime1 stub}
  0x000001a41ee5ec50: 4846 07e8 | 2858 5307 

  0x000001a41ee5ec58: ;   {external_word}
  0x000001a41ee5ec58: 48b9 0028 | 853d fe7f | 0000 4883 

  0x000001a41ee5ec64: ;   {runtime_call}
  0x000001a41ee5ec64: e4f0 48b8 | e00f 4d3d | fe7f 0000 

  0x000001a41ee5ec70: ;   {section_word}
  0x000001a41ee5ec70: ffd0 f449 | ba73 ece5 | 1ea4 0100 

  0x000001a41ee5ec7c: ;   {runtime_call DeoptimizationBlob}
  0x000001a41ee5ec7c: 0041 52e9 | 1c5d 4607 | f4f4 f4f4 
[/MachCode]


---------------  P R O C E S S  ---------------

Threads class SMR info:
_java_thread_list=0x000001a40897abf0, length=22, elements={
0x000001a43b3390c0, 0x000001a43b3398e0, 0x000001a43b33e880, 0x000001a43b33f380,
0x000001a43b33fd50, 0x000001a43b34cd20, 0x000001a43b355060, 0x000001a43b3573d0,
0x000001a43b4fac80, 0x000001a43b51ac50, 0x000001a43aaf1e90, 0x000001a43b520dc0,
0x000001a43b525e60, 0x000001a43b720420, 0x000001a43b72ad20, 0x000001a4085f45a0,
0x000001a40896e300, 0x000001a43b7295d0, 0x000001a408d4b210, 0x000001a408959880,
0x000001a408959f10, 0x000001a43b358170
}

Java Threads: ( => current thread )
  0x000001a43b3390c0 JavaThread "Reference Handler"          daemon [_thread_blocked, id=27404, stack(0x0000002affb00000,0x0000002affc00000) (1024K)]
  0x000001a43b3398e0 JavaThread "Finalizer"                  daemon [_thread_blocked, id=36244, stack(0x0000002affc00000,0x0000002affd00000) (1024K)]
  0x000001a43b33e880 JavaThread "Signal Dispatcher"          daemon [_thread_blocked, id=12052, stack(0x0000002affd00000,0x0000002affe00000) (1024K)]
  0x000001a43b33f380 JavaThread "Attach Listener"            daemon [_thread_blocked, id=21620, stack(0x0000002affe00000,0x0000002afff00000) (1024K)]
  0x000001a43b33fd50 JavaThread "Service Thread"             daemon [_thread_blocked, id=10348, stack(0x0000002afff00000,0x0000002b00000000) (1024K)]
  0x000001a43b34cd20 JavaThread "Monitor Deflation Thread"   daemon [_thread_blocked, id=9372, stack(0x0000002a80000000,0x0000002a80100000) (1024K)]
  0x000001a43b355060 JavaThread "C2 CompilerThread0"         daemon [_thread_blocked, id=32404, stack(0x0000002a80100000,0x0000002a80200000) (1024K)]
  0x000001a43b3573d0 JavaThread "C1 CompilerThread0"         daemon [_thread_blocked, id=29048, stack(0x0000002a80200000,0x0000002a80300000) (1024K)]
  0x000001a43b4fac80 JavaThread "Common-Cleaner"             daemon [_thread_blocked, id=1656, stack(0x0000002a80300000,0x0000002a80400000) (1024K)]
  0x000001a43b51ac50 JavaThread "JDWP Transport Listener: dt_socket" daemon [_thread_blocked, id=9440, stack(0x0000002a80400000,0x0000002a80500000) (1024K)]
  0x000001a43aaf1e90 JavaThread "JDWP Event Helper Thread"   daemon [_thread_blocked, id=1032, stack(0x0000002a80500000,0x0000002a80600000) (1024K)]
  0x000001a43b520dc0 JavaThread "JDWP Command Reader"        daemon [_thread_in_native, id=18392, stack(0x0000002a80600000,0x0000002a80700000) (1024K)]
  0x000001a43b525e60 JavaThread "Notification Thread"        daemon [_thread_blocked, id=32160, stack(0x0000002a80700000,0x0000002a80800000) (1024K)]
  0x000001a43b720420 JavaThread "Java2D Disposer"            daemon [_thread_blocked, id=4696, stack(0x0000002a80900000,0x0000002a80a00000) (1024K)]
  0x000001a43b72ad20 JavaThread "AWT-Windows"                daemon [_thread_in_native, id=39656, stack(0x0000002a80b00000,0x0000002a80c00000) (1024K)]
  0x000001a4085f45a0 JavaThread "main-SharedResourceRunner"  daemon [_thread_blocked, id=992, stack(0x0000002a80800000,0x0000002a80900000) (1024K)]
  0x000001a40896e300 JavaThread "AWT-Shutdown"                      [_thread_blocked, id=16844, stack(0x0000002a80a00000,0x0000002a80b00000) (1024K)]
=>0x000001a43b7295d0 JavaThread "AWT-EventQueue-0"                  [_thread_in_native, id=21200, stack(0x0000002a81020000,0x0000002a81120000) (1024K)]
  0x000001a408d4b210 JavaThread "Timer-0"                           [_thread_blocked, id=9204, stack(0x0000002a81c20000,0x0000002a81d20000) (1024K)]
  0x000001a408959880 JavaThread "D3D Screen Updater"         daemon [_thread_blocked, id=14068, stack(0x0000002a81d20000,0x0000002a81e20000) (1024K)]
  0x000001a408959f10 JavaThread "DestroyJavaVM"                     [_thread_blocked, id=39396, stack(0x0000002aff300000,0x0000002aff400000) (1024K)]
  0x000001a43b358170 JavaThread "C2 CompilerThread1"         daemon [_thread_blocked, id=11996, stack(0x0000002a81e20000,0x0000002a81f20000) (1024K)]
Total: 22

Other Threads:
  0x000001a43aaebd80 VMThread "VM Thread"                           [id=22896, stack(0x0000002affa00000,0x0000002affb00000) (1024K)]
  0x000001a43aad24d0 WatcherThread "VM Periodic Task Thread"        [id=8220, stack(0x0000002aff900000,0x0000002affa00000) (1024K)]
  0x000001a4151c9f00 WorkerThread "GC Thread#0"                     [id=27896, stack(0x0000002aff400000,0x0000002aff500000) (1024K)]
  0x000001a4084e9e80 WorkerThread "GC Thread#1"                     [id=36500, stack(0x0000002a81520000,0x0000002a81620000) (1024K)]
  0x000001a4084ea220 WorkerThread "GC Thread#2"                     [id=36804, stack(0x0000002a81620000,0x0000002a81720000) (1024K)]
  0x000001a4084ea5c0 WorkerThread "GC Thread#3"                     [id=34672, stack(0x0000002a81720000,0x0000002a81820000) (1024K)]
  0x000001a408c0ff80 WorkerThread "GC Thread#4"                     [id=7300, stack(0x0000002a81820000,0x0000002a81920000) (1024K)]
  0x000001a408c0e9c0 WorkerThread "GC Thread#5"                     [id=37348, stack(0x0000002a81920000,0x0000002a81a20000) (1024K)]
  0x000001a408c0e620 WorkerThread "GC Thread#6"                     [id=36720, stack(0x0000002a81a20000,0x0000002a81b20000) (1024K)]
  0x000001a408c0ed60 WorkerThread "GC Thread#7"                     [id=36960, stack(0x0000002a81b20000,0x0000002a81c20000) (1024K)]
  0x000001a4151dbf00 ConcurrentGCThread "G1 Main Marker"            [id=22988, stack(0x0000002aff500000,0x0000002aff600000) (1024K)]
  0x000001a4151dc910 WorkerThread "G1 Conc#0"                       [id=21672, stack(0x0000002aff600000,0x0000002aff700000) (1024K)]
  0x000001a43a992b80 ConcurrentGCThread "G1 Refine#0"               [id=2036, stack(0x0000002aff700000,0x0000002aff800000) (1024K)]
  0x000001a43a995230 ConcurrentGCThread "G1 Service"                [id=15224, stack(0x0000002aff800000,0x0000002aff900000) (1024K)]
Total: 14

Threads with active compile tasks:
Total: 0

VM state: not at safepoint (normal execution)

VM Mutex/Monitor currently owned by a thread: None

Heap address: 0x0000000601400000, size: 8172 MB, Compressed Oops mode: Zero based, Oop shift amount: 3

CDS archive(s) mapped at: [0x000001a43c000000-0x000001a43cc90000-0x000001a43cc90000), size 13172736, SharedBaseAddress: 0x000001a43c000000, ArchiveRelocationMode: 1.
Compressed class space mapped at: 0x000001a43d000000-0x000001a47d000000, reserved size: 1073741824
Narrow klass base: 0x000001a43c000000, Narrow klass shift: 0, Narrow klass range: 0x100000000

GC Precious Log:
 CardTable entry size: 512
 Card Set container configuration: InlinePtr #cards 4 size 8 Array Of Cards #cards 32 size 80 Howl #buckets 8 coarsen threshold 7372 Howl Bitmap #cards 1024 size 144 coarsen threshold 921 Card regions per heap region 1 cards per card region 8192
 CPUs: 8 total, 8 available
 Memory: 32684M
 Large Page Support: Disabled
 NUMA Support: Disabled
 Compressed Oops: Enabled (Zero based)
 Heap Region Size: 4M
 Heap Min Capacity: 8M
 Heap Initial Capacity: 512M
 Heap Max Capacity: 8172M
 Pre-touch: Disabled
 Parallel Workers: 8
 Concurrent Workers: 2
 Concurrent Refinement Workers: 8
 Periodic GC: Disabled

Heap:
 garbage-first heap   total 524288K, used 20205K [0x0000000601400000, 0x0000000800000000)
  region size 4096K, 5 young (20480K), 1 survivors (4096K)
 Metaspace       used 14530K, committed 14784K, reserved 1114112K
  class space    used 1295K, committed 1408K, reserved 1048576K

Heap Regions: E=young(eden), S=young(survivor), O=old, HS=humongous(starts), HC=humongous(continues), CS=collection set, F=free, TAMS=top-at-mark-start, PB=parsable bottom
|   0|0x0000000601400000, 0x0000000601800000, 0x0000000601800000|100%|HS|  |TAMS 0x0000000601400000| PB 0x0000000601400000| Complete 
|   1|0x0000000601800000, 0x0000000601800000, 0x0000000601c00000|  0%| F|  |TAMS 0x0000000601800000| PB 0x0000000601800000| Untracked 
|   2|0x0000000601c00000, 0x0000000601c00000, 0x0000000602000000|  0%| F|  |TAMS 0x0000000601c00000| PB 0x0000000601c00000| Untracked 
|   3|0x0000000602000000, 0x0000000602000000, 0x0000000602400000|  0%| F|  |TAMS 0x0000000602000000| PB 0x0000000602000000| Untracked 
|   4|0x0000000602400000, 0x0000000602400000, 0x0000000602800000|  0%| F|  |TAMS 0x0000000602400000| PB 0x0000000602400000| Untracked 
|   5|0x0000000602800000, 0x0000000602800000, 0x0000000602c00000|  0%| F|  |TAMS 0x0000000602800000| PB 0x0000000602800000| Untracked 
|   6|0x0000000602c00000, 0x0000000602c00000, 0x0000000603000000|  0%| F|  |TAMS 0x0000000602c00000| PB 0x0000000602c00000| Untracked 
|   7|0x0000000603000000, 0x0000000603000000, 0x0000000603400000|  0%| F|  |TAMS 0x0000000603000000| PB 0x0000000603000000| Untracked 
|   8|0x0000000603400000, 0x0000000603400000, 0x0000000603800000|  0%| F|  |TAMS 0x0000000603400000| PB 0x0000000603400000| Untracked 
|   9|0x0000000603800000, 0x0000000603800000, 0x0000000603c00000|  0%| F|  |TAMS 0x0000000603800000| PB 0x0000000603800000| Untracked 
|  10|0x0000000603c00000, 0x0000000603c00000, 0x0000000604000000|  0%| F|  |TAMS 0x0000000603c00000| PB 0x0000000603c00000| Untracked 
|  11|0x0000000604000000, 0x0000000604000000, 0x0000000604400000|  0%| F|  |TAMS 0x0000000604000000| PB 0x0000000604000000| Untracked 
|  12|0x0000000604400000, 0x0000000604400000, 0x0000000604800000|  0%| F|  |TAMS 0x0000000604400000| PB 0x0000000604400000| Untracked 
|  13|0x0000000604800000, 0x0000000604800000, 0x0000000604c00000|  0%| F|  |TAMS 0x0000000604800000| PB 0x0000000604800000| Untracked 
|  14|0x0000000604c00000, 0x0000000604c00000, 0x0000000605000000|  0%| F|  |TAMS 0x0000000604c00000| PB 0x0000000604c00000| Untracked 
|  15|0x0000000605000000, 0x0000000605000000, 0x0000000605400000|  0%| F|  |TAMS 0x0000000605000000| PB 0x0000000605000000| Untracked 
|  16|0x0000000605400000, 0x0000000605400000, 0x0000000605800000|  0%| F|  |TAMS 0x0000000605400000| PB 0x0000000605400000| Untracked 
|  17|0x0000000605800000, 0x0000000605800000, 0x0000000605c00000|  0%| F|  |TAMS 0x0000000605800000| PB 0x0000000605800000| Untracked 
|  18|0x0000000605c00000, 0x0000000605c00000, 0x0000000606000000|  0%| F|  |TAMS 0x0000000605c00000| PB 0x0000000605c00000| Untracked 
|  19|0x0000000606000000, 0x0000000606000000, 0x0000000606400000|  0%| F|  |TAMS 0x0000000606000000| PB 0x0000000606000000| Untracked 
|  20|0x0000000606400000, 0x0000000606400000, 0x0000000606800000|  0%| F|  |TAMS 0x0000000606400000| PB 0x0000000606400000| Untracked 
|  21|0x0000000606800000, 0x0000000606800000, 0x0000000606c00000|  0%| F|  |TAMS 0x0000000606800000| PB 0x0000000606800000| Untracked 
|  22|0x0000000606c00000, 0x0000000606c00000, 0x0000000607000000|  0%| F|  |TAMS 0x0000000606c00000| PB 0x0000000606c00000| Untracked 
|  23|0x0000000607000000, 0x0000000607000000, 0x0000000607400000|  0%| F|  |TAMS 0x0000000607000000| PB 0x0000000607000000| Untracked 
|  24|0x0000000607400000, 0x0000000607400000, 0x0000000607800000|  0%| F|  |TAMS 0x0000000607400000| PB 0x0000000607400000| Untracked 
|  25|0x0000000607800000, 0x0000000607800000, 0x0000000607c00000|  0%| F|  |TAMS 0x0000000607800000| PB 0x0000000607800000| Untracked 
|  26|0x0000000607c00000, 0x0000000607c00000, 0x0000000608000000|  0%| F|  |TAMS 0x0000000607c00000| PB 0x0000000607c00000| Untracked 
|  27|0x0000000608000000, 0x0000000608000000, 0x0000000608400000|  0%| F|  |TAMS 0x0000000608000000| PB 0x0000000608000000| Untracked 
|  28|0x0000000608400000, 0x0000000608400000, 0x0000000608800000|  0%| F|  |TAMS 0x0000000608400000| PB 0x0000000608400000| Untracked 
|  29|0x0000000608800000, 0x0000000608800000, 0x0000000608c00000|  0%| F|  |TAMS 0x0000000608800000| PB 0x0000000608800000| Untracked 
|  30|0x0000000608c00000, 0x0000000608c00000, 0x0000000609000000|  0%| F|  |TAMS 0x0000000608c00000| PB 0x0000000608c00000| Untracked 
|  31|0x0000000609000000, 0x0000000609000000, 0x0000000609400000|  0%| F|  |TAMS 0x0000000609000000| PB 0x0000000609000000| Untracked 
|  32|0x0000000609400000, 0x0000000609400000, 0x0000000609800000|  0%| F|  |TAMS 0x0000000609400000| PB 0x0000000609400000| Untracked 
|  33|0x0000000609800000, 0x0000000609800000, 0x0000000609c00000|  0%| F|  |TAMS 0x0000000609800000| PB 0x0000000609800000| Untracked 
|  34|0x0000000609c00000, 0x0000000609c00000, 0x000000060a000000|  0%| F|  |TAMS 0x0000000609c00000| PB 0x0000000609c00000| Untracked 
|  35|0x000000060a000000, 0x000000060a000000, 0x000000060a400000|  0%| F|  |TAMS 0x000000060a000000| PB 0x000000060a000000| Untracked 
|  36|0x000000060a400000, 0x000000060a400000, 0x000000060a800000|  0%| F|  |TAMS 0x000000060a400000| PB 0x000000060a400000| Untracked 
|  37|0x000000060a800000, 0x000000060a800000, 0x000000060ac00000|  0%| F|  |TAMS 0x000000060a800000| PB 0x000000060a800000| Untracked 
|  38|0x000000060ac00000, 0x000000060ac00000, 0x000000060b000000|  0%| F|  |TAMS 0x000000060ac00000| PB 0x000000060ac00000| Untracked 
|  39|0x000000060b000000, 0x000000060b000000, 0x000000060b400000|  0%| F|  |TAMS 0x000000060b000000| PB 0x000000060b000000| Untracked 
|  40|0x000000060b400000, 0x000000060b400000, 0x000000060b800000|  0%| F|  |TAMS 0x000000060b400000| PB 0x000000060b400000| Untracked 
|  41|0x000000060b800000, 0x000000060b800000, 0x000000060bc00000|  0%| F|  |TAMS 0x000000060b800000| PB 0x000000060b800000| Untracked 
|  42|0x000000060bc00000, 0x000000060bc00000, 0x000000060c000000|  0%| F|  |TAMS 0x000000060bc00000| PB 0x000000060bc00000| Untracked 
|  43|0x000000060c000000, 0x000000060c000000, 0x000000060c400000|  0%| F|  |TAMS 0x000000060c000000| PB 0x000000060c000000| Untracked 
|  44|0x000000060c400000, 0x000000060c400000, 0x000000060c800000|  0%| F|  |TAMS 0x000000060c400000| PB 0x000000060c400000| Untracked 
|  45|0x000000060c800000, 0x000000060c800000, 0x000000060cc00000|  0%| F|  |TAMS 0x000000060c800000| PB 0x000000060c800000| Untracked 
|  46|0x000000060cc00000, 0x000000060cc00000, 0x000000060d000000|  0%| F|  |TAMS 0x000000060cc00000| PB 0x000000060cc00000| Untracked 
|  47|0x000000060d000000, 0x000000060d000000, 0x000000060d400000|  0%| F|  |TAMS 0x000000060d000000| PB 0x000000060d000000| Untracked 
|  48|0x000000060d400000, 0x000000060d400000, 0x000000060d800000|  0%| F|  |TAMS 0x000000060d400000| PB 0x000000060d400000| Untracked 
|  49|0x000000060d800000, 0x000000060d800000, 0x000000060dc00000|  0%| F|  |TAMS 0x000000060d800000| PB 0x000000060d800000| Untracked 
|  50|0x000000060dc00000, 0x000000060dc00000, 0x000000060e000000|  0%| F|  |TAMS 0x000000060dc00000| PB 0x000000060dc00000| Untracked 
|  51|0x000000060e000000, 0x000000060e000000, 0x000000060e400000|  0%| F|  |TAMS 0x000000060e000000| PB 0x000000060e000000| Untracked 
|  52|0x000000060e400000, 0x000000060e400000, 0x000000060e800000|  0%| F|  |TAMS 0x000000060e400000| PB 0x000000060e400000| Untracked 
|  53|0x000000060e800000, 0x000000060e800000, 0x000000060ec00000|  0%| F|  |TAMS 0x000000060e800000| PB 0x000000060e800000| Untracked 
|  54|0x000000060ec00000, 0x000000060ec00000, 0x000000060f000000|  0%| F|  |TAMS 0x000000060ec00000| PB 0x000000060ec00000| Untracked 
|  55|0x000000060f000000, 0x000000060f000000, 0x000000060f400000|  0%| F|  |TAMS 0x000000060f000000| PB 0x000000060f000000| Untracked 
|  56|0x000000060f400000, 0x000000060f400000, 0x000000060f800000|  0%| F|  |TAMS 0x000000060f400000| PB 0x000000060f400000| Untracked 
|  57|0x000000060f800000, 0x000000060f800000, 0x000000060fc00000|  0%| F|  |TAMS 0x000000060f800000| PB 0x000000060f800000| Untracked 
|  58|0x000000060fc00000, 0x000000060fc00000, 0x0000000610000000|  0%| F|  |TAMS 0x000000060fc00000| PB 0x000000060fc00000| Untracked 
|  59|0x0000000610000000, 0x0000000610000000, 0x0000000610400000|  0%| F|  |TAMS 0x0000000610000000| PB 0x0000000610000000| Untracked 
|  60|0x0000000610400000, 0x0000000610400000, 0x0000000610800000|  0%| F|  |TAMS 0x0000000610400000| PB 0x0000000610400000| Untracked 
|  61|0x0000000610800000, 0x0000000610800000, 0x0000000610c00000|  0%| F|  |TAMS 0x0000000610800000| PB 0x0000000610800000| Untracked 
|  62|0x0000000610c00000, 0x0000000610c00000, 0x0000000611000000|  0%| F|  |TAMS 0x0000000610c00000| PB 0x0000000610c00000| Untracked 
|  63|0x0000000611000000, 0x0000000611000000, 0x0000000611400000|  0%| F|  |TAMS 0x0000000611000000| PB 0x0000000611000000| Untracked 
|  64|0x0000000611400000, 0x0000000611400000, 0x0000000611800000|  0%| F|  |TAMS 0x0000000611400000| PB 0x0000000611400000| Untracked 
|  65|0x0000000611800000, 0x0000000611800000, 0x0000000611c00000|  0%| F|  |TAMS 0x0000000611800000| PB 0x0000000611800000| Untracked 
|  66|0x0000000611c00000, 0x0000000611c00000, 0x0000000612000000|  0%| F|  |TAMS 0x0000000611c00000| PB 0x0000000611c00000| Untracked 
|  67|0x0000000612000000, 0x0000000612000000, 0x0000000612400000|  0%| F|  |TAMS 0x0000000612000000| PB 0x0000000612000000| Untracked 
|  68|0x0000000612400000, 0x0000000612400000, 0x0000000612800000|  0%| F|  |TAMS 0x0000000612400000| PB 0x0000000612400000| Untracked 
|  69|0x0000000612800000, 0x0000000612800000, 0x0000000612c00000|  0%| F|  |TAMS 0x0000000612800000| PB 0x0000000612800000| Untracked 
|  70|0x0000000612c00000, 0x0000000612c00000, 0x0000000613000000|  0%| F|  |TAMS 0x0000000612c00000| PB 0x0000000612c00000| Untracked 
|  71|0x0000000613000000, 0x0000000613000000, 0x0000000613400000|  0%| F|  |TAMS 0x0000000613000000| PB 0x0000000613000000| Untracked 
|  72|0x0000000613400000, 0x0000000613400000, 0x0000000613800000|  0%| F|  |TAMS 0x0000000613400000| PB 0x0000000613400000| Untracked 
|  73|0x0000000613800000, 0x0000000613800000, 0x0000000613c00000|  0%| F|  |TAMS 0x0000000613800000| PB 0x0000000613800000| Untracked 
|  74|0x0000000613c00000, 0x0000000613c00000, 0x0000000614000000|  0%| F|  |TAMS 0x0000000613c00000| PB 0x0000000613c00000| Untracked 
|  75|0x0000000614000000, 0x0000000614000000, 0x0000000614400000|  0%| F|  |TAMS 0x0000000614000000| PB 0x0000000614000000| Untracked 
|  76|0x0000000614400000, 0x0000000614400000, 0x0000000614800000|  0%| F|  |TAMS 0x0000000614400000| PB 0x0000000614400000| Untracked 
|  77|0x0000000614800000, 0x0000000614800000, 0x0000000614c00000|  0%| F|  |TAMS 0x0000000614800000| PB 0x0000000614800000| Untracked 
|  78|0x0000000614c00000, 0x0000000614c00000, 0x0000000615000000|  0%| F|  |TAMS 0x0000000614c00000| PB 0x0000000614c00000| Untracked 
|  79|0x0000000615000000, 0x0000000615000000, 0x0000000615400000|  0%| F|  |TAMS 0x0000000615000000| PB 0x0000000615000000| Untracked 
|  80|0x0000000615400000, 0x0000000615400000, 0x0000000615800000|  0%| F|  |TAMS 0x0000000615400000| PB 0x0000000615400000| Untracked 
|  81|0x0000000615800000, 0x0000000615800000, 0x0000000615c00000|  0%| F|  |TAMS 0x0000000615800000| PB 0x0000000615800000| Untracked 
|  82|0x0000000615c00000, 0x0000000615c00000, 0x0000000616000000|  0%| F|  |TAMS 0x0000000615c00000| PB 0x0000000615c00000| Untracked 
|  83|0x0000000616000000, 0x0000000616000000, 0x0000000616400000|  0%| F|  |TAMS 0x0000000616000000| PB 0x0000000616000000| Untracked 
|  84|0x0000000616400000, 0x0000000616400000, 0x0000000616800000|  0%| F|  |TAMS 0x0000000616400000| PB 0x0000000616400000| Untracked 
|  85|0x0000000616800000, 0x0000000616800000, 0x0000000616c00000|  0%| F|  |TAMS 0x0000000616800000| PB 0x0000000616800000| Untracked 
|  86|0x0000000616c00000, 0x0000000616c00000, 0x0000000617000000|  0%| F|  |TAMS 0x0000000616c00000| PB 0x0000000616c00000| Untracked 
|  87|0x0000000617000000, 0x0000000617000000, 0x0000000617400000|  0%| F|  |TAMS 0x0000000617000000| PB 0x0000000617000000| Untracked 
|  88|0x0000000617400000, 0x0000000617400000, 0x0000000617800000|  0%| F|  |TAMS 0x0000000617400000| PB 0x0000000617400000| Untracked 
|  89|0x0000000617800000, 0x0000000617800000, 0x0000000617c00000|  0%| F|  |TAMS 0x0000000617800000| PB 0x0000000617800000| Untracked 
|  90|0x0000000617c00000, 0x0000000617c00000, 0x0000000618000000|  0%| F|  |TAMS 0x0000000617c00000| PB 0x0000000617c00000| Untracked 
|  91|0x0000000618000000, 0x0000000618000000, 0x0000000618400000|  0%| F|  |TAMS 0x0000000618000000| PB 0x0000000618000000| Untracked 
|  92|0x0000000618400000, 0x0000000618400000, 0x0000000618800000|  0%| F|  |TAMS 0x0000000618400000| PB 0x0000000618400000| Untracked 
|  93|0x0000000618800000, 0x0000000618800000, 0x0000000618c00000|  0%| F|  |TAMS 0x0000000618800000| PB 0x0000000618800000| Untracked 
|  94|0x0000000618c00000, 0x0000000618c00000, 0x0000000619000000|  0%| F|  |TAMS 0x0000000618c00000| PB 0x0000000618c00000| Untracked 
|  95|0x0000000619000000, 0x0000000619000000, 0x0000000619400000|  0%| F|  |TAMS 0x0000000619000000| PB 0x0000000619000000| Untracked 
|  96|0x0000000619400000, 0x0000000619400000, 0x0000000619800000|  0%| F|  |TAMS 0x0000000619400000| PB 0x0000000619400000| Untracked 
|  97|0x0000000619800000, 0x0000000619800000, 0x0000000619c00000|  0%| F|  |TAMS 0x0000000619800000| PB 0x0000000619800000| Untracked 
|  98|0x0000000619c00000, 0x0000000619c00000, 0x000000061a000000|  0%| F|  |TAMS 0x0000000619c00000| PB 0x0000000619c00000| Untracked 
|  99|0x000000061a000000, 0x000000061a000000, 0x000000061a400000|  0%| F|  |TAMS 0x000000061a000000| PB 0x000000061a000000| Untracked 
| 100|0x000000061a400000, 0x000000061a400000, 0x000000061a800000|  0%| F|  |TAMS 0x000000061a400000| PB 0x000000061a400000| Untracked 
| 101|0x000000061a800000, 0x000000061a800000, 0x000000061ac00000|  0%| F|  |TAMS 0x000000061a800000| PB 0x000000061a800000| Untracked 
| 102|0x000000061ac00000, 0x000000061ac00000, 0x000000061b000000|  0%| F|  |TAMS 0x000000061ac00000| PB 0x000000061ac00000| Untracked 
| 103|0x000000061b000000, 0x000000061b000000, 0x000000061b400000|  0%| F|  |TAMS 0x000000061b000000| PB 0x000000061b000000| Untracked 
| 104|0x000000061b400000, 0x000000061b400000, 0x000000061b800000|  0%| F|  |TAMS 0x000000061b400000| PB 0x000000061b400000| Untracked 
| 105|0x000000061b800000, 0x000000061b800000, 0x000000061bc00000|  0%| F|  |TAMS 0x000000061b800000| PB 0x000000061b800000| Untracked 
| 106|0x000000061bc00000, 0x000000061bc00000, 0x000000061c000000|  0%| F|  |TAMS 0x000000061bc00000| PB 0x000000061bc00000| Untracked 
| 107|0x000000061c000000, 0x000000061c000000, 0x000000061c400000|  0%| F|  |TAMS 0x000000061c000000| PB 0x000000061c000000| Untracked 
| 108|0x000000061c400000, 0x000000061c400000, 0x000000061c800000|  0%| F|  |TAMS 0x000000061c400000| PB 0x000000061c400000| Untracked 
| 109|0x000000061c800000, 0x000000061c800000, 0x000000061cc00000|  0%| F|  |TAMS 0x000000061c800000| PB 0x000000061c800000| Untracked 
| 110|0x000000061cc00000, 0x000000061cc00000, 0x000000061d000000|  0%| F|  |TAMS 0x000000061cc00000| PB 0x000000061cc00000| Untracked 
| 111|0x000000061d000000, 0x000000061d000000, 0x000000061d400000|  0%| F|  |TAMS 0x000000061d000000| PB 0x000000061d000000| Untracked 
| 112|0x000000061d400000, 0x000000061d400000, 0x000000061d800000|  0%| F|  |TAMS 0x000000061d400000| PB 0x000000061d400000| Untracked 
| 113|0x000000061d800000, 0x000000061d800000, 0x000000061dc00000|  0%| F|  |TAMS 0x000000061d800000| PB 0x000000061d800000| Untracked 
| 114|0x000000061dc00000, 0x000000061dc00000, 0x000000061e000000|  0%| F|  |TAMS 0x000000061dc00000| PB 0x000000061dc00000| Untracked 
| 115|0x000000061e000000, 0x000000061e000000, 0x000000061e400000|  0%| F|  |TAMS 0x000000061e000000| PB 0x000000061e000000| Untracked 
| 116|0x000000061e400000, 0x000000061e400000, 0x000000061e800000|  0%| F|  |TAMS 0x000000061e400000| PB 0x000000061e400000| Untracked 
| 117|0x000000061e800000, 0x000000061e800000, 0x000000061ec00000|  0%| F|  |TAMS 0x000000061e800000| PB 0x000000061e800000| Untracked 
| 118|0x000000061ec00000, 0x000000061ec00000, 0x000000061f000000|  0%| F|  |TAMS 0x000000061ec00000| PB 0x000000061ec00000| Untracked 
| 119|0x000000061f000000, 0x000000061f000000, 0x000000061f400000|  0%| F|  |TAMS 0x000000061f000000| PB 0x000000061f000000| Untracked 
| 120|0x000000061f400000, 0x000000061f400000, 0x000000061f800000|  0%| F|  |TAMS 0x000000061f400000| PB 0x000000061f400000| Untracked 
| 121|0x000000061f800000, 0x000000061fbbb718, 0x000000061fc00000| 93%| S|CS|TAMS 0x000000061f800000| PB 0x000000061f800000| Complete 
| 122|0x000000061fc00000, 0x000000061fc00000, 0x0000000620000000|  0%| F|  |TAMS 0x000000061fc00000| PB 0x000000061fc00000| Untracked 
| 123|0x0000000620000000, 0x0000000620000000, 0x0000000620400000|  0%| F|  |TAMS 0x0000000620000000| PB 0x0000000620000000| Untracked 
| 124|0x0000000620400000, 0x000000062073d720, 0x0000000620800000| 81%| E|  |TAMS 0x0000000620400000| PB 0x0000000620400000| Complete 
| 125|0x0000000620800000, 0x0000000620c00000, 0x0000000620c00000|100%| E|CS|TAMS 0x0000000620800000| PB 0x0000000620800000| Complete 
| 126|0x0000000620c00000, 0x0000000621000000, 0x0000000621000000|100%| E|CS|TAMS 0x0000000620c00000| PB 0x0000000620c00000| Complete 
| 127|0x0000000621000000, 0x0000000621400000, 0x0000000621400000|100%| E|CS|TAMS 0x0000000621000000| PB 0x0000000621000000| Complete 

Card table byte_map: [0x000001a42f7b0000,0x000001a4307b0000] _byte_map_base: 0x000001a42c7a6000

Marking Bits: (CMBitMap*) 0x000001a4151ca510
 Bits: [0x000001a4307b0000, 0x000001a438760000)

Polling page: 0x000001a4151e0000

Metaspace:

Usage:
  Non-class:     12.92 MB used.
      Class:      1.27 MB used.
       Both:     14.19 MB used.

Virtual space:
  Non-class space:       64.00 MB reserved,      13.06 MB ( 20%) committed,  1 nodes.
      Class space:        1.00 GB reserved,       1.38 MB ( <1%) committed,  1 nodes.
             Both:        1.06 GB reserved,      14.44 MB (  1%) committed. 

Chunk freelists:
   Non-Class:  2.28 MB
       Class:  14.59 MB
        Both:  16.88 MB

MaxMetaspaceSize: unlimited
CompressedClassSpaceSize: 1.00 GB
Initial GC threshold: 21.00 MB
Current GC threshold: 21.00 MB
CDS: on
 - commit_granule_bytes: 65536.
 - commit_granule_words: 8192.
 - virtual_space_node_default_size: 8388608.
 - enlarge_chunks_in_place: 1.
 - use_allocation_guard: 0.


Internal statistics:

num_allocs_failed_limit: 0.
num_arena_births: 234.
num_arena_deaths: 0.
num_vsnodes_births: 2.
num_vsnodes_deaths: 0.
num_space_committed: 227.
num_space_uncommitted: 0.
num_chunks_returned_to_freelist: 0.
num_chunks_taken_from_freelist: 482.
num_chunk_merges: 0.
num_chunk_splits: 334.
num_chunks_enlarged: 223.
num_inconsistent_stats: 0.

CodeHeap 'non-profiled nmethods': size=120000Kb used=621Kb max_used=621Kb free=119378Kb
 bounds [0x000001a426810000, 0x000001a426a80000, 0x000001a42dd40000]
CodeHeap 'profiled nmethods': size=120000Kb used=2858Kb max_used=2858Kb free=117141Kb
 bounds [0x000001a41ed40000, 0x000001a41f010000, 0x000001a426270000]
CodeHeap 'non-nmethods': size=5760Kb used=2077Kb max_used=2102Kb free=3682Kb
 bounds [0x000001a426270000, 0x000001a4264e0000, 0x000001a426810000]
 total_blobs=2549 nmethods=1559 adapters=895
 compilation: enabled
              stopped_count=0, restarted_count=0
 full_count=0

Compilation events (20 events):
Event: 2.602 Thread 0x000001a43b3573d0 nmethod 1550 0x000001a4268a9110 code [0x000001a4268a92a0, 0x000001a4268a9370]
Event: 2.607 Thread 0x000001a43b3573d0 1551       1       java.util.EventObject::getSource (5 bytes)
Event: 2.607 Thread 0x000001a43b3573d0 nmethod 1551 0x000001a4268a9410 code [0x000001a4268a95a0, 0x000001a4268a9670]
Event: 2.607 Thread 0x000001a43b3573d0 1552       1       java.beans.PropertyChangeEvent::getPropertyName (5 bytes)
Event: 2.607 Thread 0x000001a43b3573d0 nmethod 1552 0x000001a4268a9710 code [0x000001a4268a98a0, 0x000001a4268a9970]
Event: 2.609 Thread 0x000001a43b3573d0 1553       3       sun.util.locale.LocaleUtils::isUpper (18 bytes)
Event: 2.609 Thread 0x000001a43b3573d0 nmethod 1553 0x000001a41f008d10 code [0x000001a41f008ea0, 0x000001a41f009020]
Event: 2.611 Thread 0x000001a43b358170 nmethod 1549 0x000001a4268a9a10 code [0x000001a4268a9c80, 0x000001a4268aa7d0]
Event: 2.620 Thread 0x000001a43b3573d0 1554       3       java.util.regex.Matcher::checkMatch (19 bytes)
Event: 2.621 Thread 0x000001a43b3573d0 nmethod 1554 0x000001a41f009090 code [0x000001a41f009260, 0x000001a41f009538]
Event: 2.621 Thread 0x000001a43b3573d0 1555       3       java.util.regex.Matcher::hasMatch (13 bytes)
Event: 2.621 Thread 0x000001a43b3573d0 nmethod 1555 0x000001a41f009610 code [0x000001a41f0097a0, 0x000001a41f009910]
Event: 2.623 Thread 0x000001a43b3573d0 1556       1       com.jogamp.common.util.VersionNumber::getMajor (5 bytes)
Event: 2.623 Thread 0x000001a43b3573d0 nmethod 1556 0x000001a4268ab190 code [0x000001a4268ab320, 0x000001a4268ab3e8]
Event: 2.637 Thread 0x000001a43b3573d0 1557       3       java.lang.Math::abs (13 bytes)
Event: 2.637 Thread 0x000001a43b3573d0 nmethod 1557 0x000001a41f009990 code [0x000001a41f009b40, 0x000001a41f009cb8]
Event: 2.637 Thread 0x000001a43b3573d0 1558       3       java.lang.AbstractStringBuilder::append (55 bytes)
Event: 2.637 Thread 0x000001a43b3573d0 nmethod 1558 0x000001a41f009d90 code [0x000001a41f009f80, 0x000001a41f00a2e0]
Event: 2.638 Thread 0x000001a43b3573d0 1559       3       java.nio.ByteBuffer::arrayOffset (35 bytes)
Event: 2.638 Thread 0x000001a43b3573d0 nmethod 1559 0x000001a41f00a410 code [0x000001a41f00a600, 0x000001a41f00a908]

GC Heap History (2 events):
Event: 1.916 GC heap before
{Heap before GC invocations=0 (full 0):
 garbage-first heap   total 524288K, used 20480K [0x0000000601400000, 0x0000000800000000)
  region size 4096K, 6 young (24576K), 0 survivors (0K)
 Metaspace       used 11271K, committed 11520K, reserved 1114112K
  class space    used 930K, committed 1024K, reserved 1048576K
}
Event: 1.928 GC heap after
{Heap after GC invocations=1 (full 0):
 garbage-first heap   total 524288K, used 3821K [0x0000000601400000, 0x0000000800000000)
  region size 4096K, 1 young (4096K), 1 survivors (4096K)
 Metaspace       used 11271K, committed 11520K, reserved 1114112K
  class space    used 930K, committed 1024K, reserved 1048576K
}

Dll operation events (15 events):
Event: 0.011 Loaded shared library C:\Program Files\Java\jdk-21\bin\java.dll
Event: 0.045 Loaded shared library C:\Program Files\Java\jdk-21\bin\jsvml.dll
Event: 0.163 Loaded shared library C:\Program Files\Java\jdk-21\bin\jimage.dll
Event: 0.169 Loaded shared library C:\Program Files\Java\jdk-21\bin\net.dll
Event: 0.170 Loaded shared library C:\Program Files\Java\jdk-21\bin\nio.dll
Event: 0.178 Loaded shared library C:\Program Files\Java\jdk-21\bin\zip.dll
Event: 0.259 Loaded shared library C:\Program Files\Java\jdk-21\bin\awt.dll
Event: 0.847 Loaded shared library C:\Users\eva828\AppData\Local\Temp\jogamp_0000\file_cache\jln10258355722368527142\jln9034501611714325769\natives\windows-amd64\gluegen_rt.dll
Event: 0.866 Loaded shared library C:\Program Files\Java\jdk-21\bin\jawt.dll
Event: 0.869 Loaded shared library C:\Users\eva828\AppData\Local\Temp\jogamp_0000\file_cache\jln10258355722368527142\jln9034501611714325769\natives\windows-amd64\nativewindow_awt.dll
Event: 0.888 Loaded shared library C:\Users\eva828\AppData\Local\Temp\jogamp_0000\file_cache\jln10258355722368527142\jln9034501611714325769\natives\windows-amd64\nativewindow_win32.dll
Event: 1.012 Loaded shared library C:\Users\eva828\AppData\Local\Temp\jogamp_0000\file_cache\jln10258355722368527142\jln9034501611714325769\natives\windows-amd64\jogl_desktop.dll
Event: 1.268 Loaded shared library C:\Users\eva828\AppData\Local\Temp\jogamp_0000\file_cache\jln10258355722368527142\jln9034501611714325769\natives\windows-amd64\jogl_mobile.dll
Event: 2.293 Loaded shared library C:\Program Files\Java\jdk-21\bin\freetype.dll
Event: 2.294 Loaded shared library C:\Program Files\Java\jdk-21\bin\fontmanager.dll

Deoptimization events (20 events):
Event: 2.530 Thread 0x000001a43b7295d0 DEOPT PACKING pc=0x000001a41efed0b1 sp=0x0000002a8111d7d0
Event: 2.530 Thread 0x000001a43b7295d0 DEOPT UNPACKING pc=0x000001a4262c4e42 sp=0x0000002a8111cc98 mode 0
Event: 2.530 Thread 0x000001a43b7295d0 DEOPT PACKING pc=0x000001a41efed0b1 sp=0x0000002a8111d7d0
Event: 2.530 Thread 0x000001a43b7295d0 DEOPT UNPACKING pc=0x000001a4262c4e42 sp=0x0000002a8111cc98 mode 0
Event: 2.530 Thread 0x000001a43b7295d0 DEOPT PACKING pc=0x000001a41efed0b1 sp=0x0000002a8111d7d0
Event: 2.530 Thread 0x000001a43b7295d0 DEOPT UNPACKING pc=0x000001a4262c4e42 sp=0x0000002a8111cc98 mode 0
Event: 2.530 Thread 0x000001a43b7295d0 DEOPT PACKING pc=0x000001a41efed0b1 sp=0x0000002a8111d7d0
Event: 2.530 Thread 0x000001a43b7295d0 DEOPT UNPACKING pc=0x000001a4262c4e42 sp=0x0000002a8111cc98 mode 0
Event: 2.530 Thread 0x000001a43b7295d0 DEOPT PACKING pc=0x000001a41efed0b1 sp=0x0000002a8111d780
Event: 2.530 Thread 0x000001a43b7295d0 DEOPT UNPACKING pc=0x000001a4262c4e42 sp=0x0000002a8111cc30 mode 0
Event: 2.530 Thread 0x000001a43b7295d0 DEOPT PACKING pc=0x000001a41efed0b1 sp=0x0000002a8111d780
Event: 2.530 Thread 0x000001a43b7295d0 DEOPT UNPACKING pc=0x000001a4262c4e42 sp=0x0000002a8111cc30 mode 0
Event: 2.530 Thread 0x000001a43b7295d0 DEOPT PACKING pc=0x000001a41efed0b1 sp=0x0000002a8111d760
Event: 2.530 Thread 0x000001a43b7295d0 DEOPT UNPACKING pc=0x000001a4262c4e42 sp=0x0000002a8111cc10 mode 0
Event: 2.531 Thread 0x000001a43b7295d0 DEOPT PACKING pc=0x000001a41efed0b1 sp=0x0000002a8111d760
Event: 2.531 Thread 0x000001a43b7295d0 DEOPT UNPACKING pc=0x000001a4262c4e42 sp=0x0000002a8111cc10 mode 0
Event: 2.617 Thread 0x000001a43b7295d0 Uncommon trap: trap_request=0xffffff45 fr.pc=0x000001a426872dec relative=0x00000000000002ac
Event: 2.617 Thread 0x000001a43b7295d0 Uncommon trap: reason=unstable_if action=reinterpret pc=0x000001a426872dec method=java.util.concurrent.locks.ReentrantLock$Sync.lock()V @ 4 c2
Event: 2.617 Thread 0x000001a43b7295d0 DEOPT PACKING pc=0x000001a426872dec sp=0x0000002a8111e1d0
Event: 2.617 Thread 0x000001a43b7295d0 DEOPT UNPACKING pc=0x000001a4262c46a2 sp=0x0000002a8111e150 mode 2

Classes loaded (20 events):
Event: 2.608 Loading class java/awt/im/spi/InputMethod
Event: 2.608 Loading class java/awt/im/spi/InputMethod done
Event: 2.608 Loading class sun/awt/im/InputMethodAdapter done
Event: 2.608 Loading class sun/awt/windows/WInputMethod done
Event: 2.614 Loading class sun/awt/im/CompositionAreaHandler
Event: 2.614 Loading class sun/awt/im/CompositionAreaHandler done
Event: 2.615 Loading class java/text/AttributedString
Event: 2.615 Loading class java/text/AttributedString done
Event: 2.615 Loading class java/text/AttributedString$AttributedStringIterator
Event: 2.615 Loading class java/text/AttributedCharacterIterator
Event: 2.615 Loading class java/text/CharacterIterator
Event: 2.615 Loading class java/text/CharacterIterator done
Event: 2.615 Loading class java/text/AttributedCharacterIterator done
Event: 2.615 Loading class java/text/AttributedString$AttributedStringIterator done
Event: 2.616 Loading class java/awt/TextComponent
Event: 2.616 Loading class java/awt/TextComponent done
Event: 2.616 Loading class javax/swing/text/JTextComponent
Event: 2.617 Loading class javax/swing/Scrollable
Event: 2.617 Loading class javax/swing/Scrollable done
Event: 2.617 Loading class javax/swing/text/JTextComponent done

Classes unloaded (0 events):
No events

Classes redefined (0 events):
No events

Internal exceptions (20 events):
Event: 0.538 Thread 0x000001a414ffe000 Exception <a 'java/lang/ClassNotFoundException'{0x0000000620f985f0}: com/sun/swing/internal/plaf/basic/resources/spi/basicProvider> (0x0000000620f985f0) 
thrown [s\open\src\hotspot\share\classfile\systemDictionary.cpp, line 312]
Event: 0.547 Thread 0x000001a414ffe000 Exception <a 'java/lang/NoSuchMethodError'{0x0000000620fbb5b8}: 'int java.lang.invoke.Invokers$Holder.invokeExact_MT(java.lang.Object, java.lang.Object)'> (0x0000000620fbb5b8) 
thrown [s\open\src\hotspot\share\interpreter\linkResolver.cpp, line 773]
Event: 0.648 Thread 0x000001a414ffe000 Exception <a 'java/lang/NoSuchMethodError'{0x00000006209df5f0}: 'java.lang.Object java.lang.invoke.DirectMethodHandle$Holder.invokeStaticInit(java.lang.Object, int, int, int, int)'> (0x00000006209df5f0) 
thrown [s\open\src\hotspot\share\interpreter\linkResolver.cpp, line 773]
Event: 0.672 Thread 0x000001a414ffe000 Exception <a 'java/lang/NoSuchMethodError'{0x0000000620aa77c8}: 'java.lang.Object java.lang.invoke.DirectMethodHandle$Holder.invokeStaticInit(java.lang.Object, java.lang.Object, int, int, int, int)'> (0x0000000620aa77c8) 
thrown [s\open\src\hotspot\share\interpreter\linkResolver.cpp, line 773]
Event: 0.678 Thread 0x000001a414ffe000 Exception <a 'java/lang/NoSuchMethodError'{0x0000000620aaff68}: 'int java.lang.invoke.DirectMethodHandle$Holder.invokeSpecial(java.lang.Object, java.lang.Object, java.lang.Object)'> (0x0000000620aaff68) 
thrown [s\open\src\hotspot\share\interpreter\linkResolver.cpp, line 773]
Event: 0.694 Thread 0x000001a414ffe000 Exception <a 'java/lang/NoSuchMethodError'{0x0000000620abf398}: 'void java.lang.invoke.DirectMethodHandle$Holder.invokeStatic(java.lang.Object, long)'> (0x0000000620abf398) 
thrown [s\open\src\hotspot\share\interpreter\linkResolver.cpp, line 773]
Event: 0.695 Thread 0x000001a414ffe000 Exception <a 'java/lang/NoSuchMethodError'{0x0000000620ac4218}: 'java.lang.Object java.lang.invoke.DirectMethodHandle$Holder.newInvokeSpecial(java.lang.Object, long)'> (0x0000000620ac4218) 
thrown [s\open\src\hotspot\share\interpreter\linkResolver.cpp, line 773]
Event: 0.697 Thread 0x000001a414ffe000 Exception <a 'java/lang/NoSuchMethodError'{0x0000000620acac20}: 'java.lang.Object java.lang.invoke.DirectMethodHandle$Holder.invokeStatic(java.lang.Object, long, java.lang.Object)'> (0x0000000620acac20) 
thrown [s\open\src\hotspot\share\interpreter\linkResolver.cpp, line 773]
Event: 0.697 Thread 0x000001a414ffe000 Exception <a 'java/lang/NoSuchMethodError'{0x0000000620ace3a8}: 'java.lang.Object java.lang.invoke.DirectMethodHandle$Holder.invokeStaticInit(java.lang.Object, long, java.lang.Object)'> (0x0000000620ace3a8) 
thrown [s\open\src\hotspot\share\interpreter\linkResolver.cpp, line 773]
Event: 0.789 Thread 0x000001a414ffe000 Exception <a 'sun/nio/fs/WindowsException'{0x0000000620af5288}> (0x0000000620af5288) 
thrown [s\open\src\hotspot\share\prims\jni.cpp, line 520]
Event: 0.849 Thread 0x000001a414ffe000 Exception <a 'java/lang/NoSuchMethodError'{0x0000000620510630}: 'int java.lang.invoke.DirectMethodHandle$Holder.invokeStatic(java.lang.Object)'> (0x0000000620510630) 
thrown [s\open\src\hotspot\share\interpreter\linkResolver.cpp, line 773]
Event: 0.849 Thread 0x000001a414ffe000 Exception <a 'java/lang/NoSuchMethodError'{0x0000000620513af8}: 'int java.lang.invoke.DelegatingMethodHandle$Holder.reinvoke_L(java.lang.Object)'> (0x0000000620513af8) 
thrown [s\open\src\hotspot\share\interpreter\linkResolver.cpp, line 773]
Event: 1.016 Thread 0x000001a414ffe000 Exception <a 'java/lang/NoSuchMethodError'{0x00000006202e70d0}: 'long java.lang.invoke.DelegatingMethodHandle$Holder.reinvoke_L(java.lang.Object, java.lang.Object)'> (0x00000006202e70d0) 
thrown [s\open\src\hotspot\share\interpreter\linkResolver.cpp, line 773]
Event: 1.016 Thread 0x000001a414ffe000 Exception <a 'java/lang/NoSuchMethodError'{0x00000006202f0e90}: 'void java.lang.invoke.DelegatingMethodHandle$Holder.reinvoke_L(java.lang.Object, java.lang.Object, long)'> (0x00000006202f0e90) 
thrown [s\open\src\hotspot\share\interpreter\linkResolver.cpp, line 773]
Event: 2.145 Thread 0x000001a4085f45a0 Implicit null exception at 0x000001a4268795a0 to 0x000001a426879914
Event: 2.165 Thread 0x000001a4085f45a0 Implicit null exception at 0x000001a42687c560 to 0x000001a42687c8a0
Event: 2.174 Thread 0x000001a4085f45a0 Exception <a 'java/lang/NoSuchMethodError'{0x0000000620f7de30}: 'long java.lang.invoke.Invokers$Holder.invokeExact_MT(java.lang.Object, java.lang.Object, java.lang.Object)'> (0x0000000620f7de30) 
thrown [s\open\src\hotspot\share\interpreter\linkResolver.cpp, line 773]
Event: 2.273 Thread 0x000001a43b72ad20 Exception <a 'java/lang/NoSuchMethodError'{0x0000000620b84a20}: 'void java.lang.invoke.DirectMethodHandle$Holder.invokeVirtual(java.lang.Object, java.lang.Object)'> (0x0000000620b84a20) 
thrown [s\open\src\hotspot\share\interpreter\linkResolver.cpp, line 773]
Event: 2.289 Thread 0x000001a414ffe000 Exception <a 'java/lang/NoSuchMethodError'{0x0000000620b67d78}: 'void java.lang.invoke.DirectMethodHandle$Holder.invokeStaticInit(java.lang.Object)'> (0x0000000620b67d78) 
thrown [s\open\src\hotspot\share\interpreter\linkResolver.cpp, line 773]
Event: 2.298 Thread 0x000001a414ffe000 Exception <a 'java/io/FileNotFoundException'{0x0000000620b73ec0}> (0x0000000620b73ec0) 
thrown [s\open\src\hotspot\share\prims\jni.cpp, line 520]

ZGC Phase Switch (0 events):
No events

VM Operations (20 events):
Event: 0.500 Executing VM operation: HandshakeAllThreads (Deoptimize)
Event: 0.500 Executing VM operation: HandshakeAllThreads (Deoptimize) done
Event: 0.500 Executing VM operation: HandshakeAllThreads (Deoptimize)
Event: 0.500 Executing VM operation: HandshakeAllThreads (Deoptimize) done
Event: 0.594 Executing VM operation: HandshakeAllThreads (Deoptimize)
Event: 0.594 Executing VM operation: HandshakeAllThreads (Deoptimize) done
Event: 0.620 Executing VM operation: HandshakeAllThreads (Deoptimize)
Event: 0.620 Executing VM operation: HandshakeAllThreads (Deoptimize) done
Event: 0.623 Executing VM operation: HandshakeAllThreads (Deoptimize)
Event: 0.623 Executing VM operation: HandshakeAllThreads (Deoptimize) done
Event: 0.788 Executing VM operation: HandshakeAllThreads (Deoptimize)
Event: 0.788 Executing VM operation: HandshakeAllThreads (Deoptimize) done
Event: 1.880 Executing VM operation: Cleanup
Event: 1.916 Executing VM operation: Cleanup done
Event: 1.916 Executing VM operation: G1CollectForAllocation (G1 Evacuation Pause)
Event: 1.929 Executing VM operation: G1CollectForAllocation (G1 Evacuation Pause) done
Event: 2.583 Executing VM operation: HandshakeAllThreads (Deoptimize)
Event: 2.583 Executing VM operation: HandshakeAllThreads (Deoptimize) done
Event: 2.596 Executing VM operation: HandshakeAllThreads (Deoptimize)
Event: 2.596 Executing VM operation: HandshakeAllThreads (Deoptimize) done

Events (20 events):
Event: 0.313 Thread 0x000001a43b726bc0 Thread added: 0x000001a43b726bc0
Event: 0.313 Thread 0x000001a43b72ad20 Thread added: 0x000001a43b72ad20
Event: 0.780 Thread 0x000001a43b355890 Thread exited: 0x000001a43b355890
Event: 0.782 Thread 0x000001a4083bee90 Thread added: 0x000001a4083bee90
Event: 0.792 Thread 0x000001a4083bee90 Thread exited: 0x000001a4083bee90
Event: 0.795 Thread 0x000001a43b358840 Thread added: 0x000001a43b358840
Event: 0.804 Thread 0x000001a43b356d00 Thread added: 0x000001a43b356d00
Event: 0.881 Thread 0x000001a4084316b0 Thread added: 0x000001a4084316b0
Event: 0.995 Thread 0x000001a43b356d00 Thread exited: 0x000001a43b356d00
Event: 0.995 Thread 0x000001a43b358840 Thread exited: 0x000001a43b358840
Event: 1.022 Thread 0x000001a4085f45a0 Thread added: 0x000001a4085f45a0
Event: 1.962 Thread 0x000001a43b726bc0 Thread exited: 0x000001a43b726bc0
Event: 2.100 Thread 0x000001a4084316b0 Thread exited: 0x000001a4084316b0
Event: 2.266 Thread 0x000001a40896e300 Thread added: 0x000001a40896e300
Event: 2.274 Thread 0x000001a43b7295d0 Thread added: 0x000001a43b7295d0
Event: 2.371 Thread 0x000001a408d4b210 Thread added: 0x000001a408d4b210
Event: 2.400 Thread 0x000001a408959880 Thread added: 0x000001a408959880
Event: 2.400 Thread 0x000001a414ffe000 Thread exited: 0x000001a414ffe000
Event: 2.400 Thread 0x000001a408959f10 Thread added: 0x000001a408959f10
Event: 2.527 Thread 0x000001a43b358170 Thread added: 0x000001a43b358170


Dynamic libraries:
0x00007ff65c590000 - 0x00007ff65c5a0000 	C:\Program Files\Java\jdk-21\bin\java.exe
0x00007fff47b70000 - 0x00007fff47d87000 	C:\Windows\SYSTEM32\ntdll.dll
0x00007fff47900000 - 0x00007fff479c4000 	C:\Windows\System32\KERNEL32.DLL
0x00007fff45170000 - 0x00007fff45516000 	C:\Windows\System32\KERNELBASE.dll
0x00007fff45050000 - 0x00007fff45161000 	C:\Windows\System32\ucrtbase.dll
0x00007fff34940000 - 0x00007fff3495b000 	C:\Program Files\Java\jdk-21\bin\VCRUNTIME140.dll
0x00007fff2c3b0000 - 0x00007fff2c3c9000 	C:\Program Files\Java\jdk-21\bin\jli.dll
0x00007fff47a00000 - 0x00007fff47ab1000 	C:\Windows\System32\ADVAPI32.dll
0x00007fff46da0000 - 0x00007fff46e47000 	C:\Windows\System32\msvcrt.dll
0x00007fff471d0000 - 0x00007fff47275000 	C:\Windows\System32\sechost.dll
0x00007fff46c80000 - 0x00007fff46d97000 	C:\Windows\System32\RPCRT4.dll
0x00007fff46ad0000 - 0x00007fff46c7e000 	C:\Windows\System32\USER32.dll
0x00007fff455a0000 - 0x00007fff455c6000 	C:\Windows\System32\win32u.dll
0x00007fff29170000 - 0x00007fff29403000 	C:\Windows\WinSxS\amd64_microsoft.windows.common-controls_6595b64144ccf1df_6.0.22621.2506_none_270c5ae97388e100\COMCTL32.dll
0x00007fff479d0000 - 0x00007fff479f9000 	C:\Windows\System32\GDI32.dll
0x00007fff455d0000 - 0x00007fff456e8000 	C:\Windows\System32\gdi32full.dll
0x00007fff45820000 - 0x00007fff458ba000 	C:\Windows\System32\msvcp_win.dll
0x00007fff3bab0000 - 0x00007fff3baba000 	C:\Windows\SYSTEM32\VERSION.dll
0x00007fff47010000 - 0x00007fff47041000 	C:\Windows\System32\IMM32.DLL
0x00007fff40730000 - 0x00007fff4073c000 	C:\Program Files\Java\jdk-21\bin\vcruntime140_1.dll
0x00007fff24570000 - 0x00007fff245fe000 	C:\Program Files\Java\jdk-21\bin\msvcp140.dll
0x00007ffe3ceb0000 - 0x00007ffe3dbc5000 	C:\Program Files\Java\jdk-21\bin\server\jvm.dll
0x00007fff47150000 - 0x00007fff471c1000 	C:\Windows\System32\WS2_32.dll
0x00007fff43cf0000 - 0x00007fff43d3d000 	C:\Windows\SYSTEM32\POWRPROF.dll
0x00007fff3ae80000 - 0x00007fff3aeb4000 	C:\Windows\SYSTEM32\WINMM.dll
0x00007fff43cd0000 - 0x00007fff43ce3000 	C:\Windows\SYSTEM32\UMPDC.dll
0x00007fff43f90000 - 0x00007fff43fa8000 	C:\Windows\SYSTEM32\kernel.appcore.dll
0x00007fff3c530000 - 0x00007fff3c53a000 	C:\Program Files\Java\jdk-21\bin\jimage.dll
0x00007fff39490000 - 0x00007fff396c3000 	C:\Windows\SYSTEM32\DBGHELP.DLL
0x00007fff47430000 - 0x00007fff477b9000 	C:\Windows\System32\combase.dll
0x00007fff47820000 - 0x00007fff478f7000 	C:\Windows\System32\OLEAUT32.dll
0x00007fff1d910000 - 0x00007fff1d942000 	C:\Windows\SYSTEM32\dbgcore.DLL
0x00007fff45520000 - 0x00007fff4559a000 	C:\Windows\System32\bcryptPrimitives.dll
0x00007fff24530000 - 0x00007fff2456c000 	C:\Program Files\Java\jdk-21\bin\jdwp.dll
0x00007fff2c390000 - 0x00007fff2c3af000 	C:\Program Files\Java\jdk-21\bin\java.dll
0x00007fff45df0000 - 0x00007fff4664a000 	C:\Windows\System32\SHELL32.dll
0x00007fff42dc0000 - 0x00007fff436b6000 	C:\Windows\SYSTEM32\windows.storage.dll
0x00007fff42c80000 - 0x00007fff42dbe000 	C:\Windows\SYSTEM32\wintypes.dll
0x00007fff47050000 - 0x00007fff47143000 	C:\Windows\System32\SHCORE.dll
0x00007fff477c0000 - 0x00007fff4781e000 	C:\Windows\System32\shlwapi.dll
0x00007fff44e10000 - 0x00007fff44e36000 	C:\Windows\SYSTEM32\profapi.dll
0x00007fff0da70000 - 0x00007fff0db47000 	C:\Program Files\Java\jdk-21\bin\jsvml.dll
0x00007fff34930000 - 0x00007fff3493c000 	C:\Program Files\Java\jdk-21\bin\dt_socket.dll
0x00007fff43990000 - 0x00007fff439bd000 	C:\Windows\SYSTEM32\IPHLPAPI.DLL
0x00007fff44400000 - 0x00007fff44469000 	C:\Windows\system32\mswsock.dll
0x00007fff43a00000 - 0x00007fff43af9000 	C:\Windows\SYSTEM32\DNSAPI.dll
0x00007fff47410000 - 0x00007fff47419000 	C:\Windows\System32\NSI.dll
0x0000000065390000 - 0x00000000653b6000 	C:\Program Files\Bonjour\mdnsNSP.dll
0x00007fff3d8d0000 - 0x00007fff3d8da000 	C:\Windows\System32\rasadhlp.dll
0x00007fff3ea30000 - 0x00007fff3eab3000 	C:\Windows\System32\fwpuclnt.dll
0x00007fff2a170000 - 0x00007fff2a180000 	C:\Program Files\Java\jdk-21\bin\net.dll
0x00007fff3f810000 - 0x00007fff3f947000 	C:\Windows\SYSTEM32\WINHTTP.dll
0x00007fff26020000 - 0x00007fff26036000 	C:\Program Files\Java\jdk-21\bin\nio.dll
0x00007fff24510000 - 0x00007fff24528000 	C:\Program Files\Java\jdk-21\bin\zip.dll
0x00007fff0d8e0000 - 0x00007fff0da6f000 	C:\Program Files\Java\jdk-21\bin\awt.dll
0x00007fff42200000 - 0x00007fff42297000 	C:\Windows\SYSTEM32\apphelp.dll
0x00007fff42800000 - 0x00007fff4282b000 	C:\Windows\system32\DWMAPI.DLL
0x00007fff42380000 - 0x00007fff4242b000 	C:\Windows\system32\uxtheme.dll
0x00007ffe81160000 - 0x00007ffe81260000 	C:\Windows\system32\opengl32.dll
0x00007ffe89cb0000 - 0x00007ffe89cdd000 	C:\Windows\SYSTEM32\GLU32.dll
0x00007fff424d0000 - 0x00007fff42506000 	C:\Windows\SYSTEM32\dxcore.dll
0x00007fff45ac0000 - 0x00007fff45c10000 	C:\Windows\System32\MSCTF.dll
0x00007fff458c0000 - 0x00007fff45a60000 	C:\Windows\System32\ole32.dll
0x00007fff24180000 - 0x00007fff24329000 	C:\Windows\system32\d3d9.dll
0x00007fff3b4d0000 - 0x00007fff3b58c000 	C:\Windows\System32\DriverStore\FileRepository\nv_dispi.inf_amd64_31dab972145ae5a9\nvldumdx.dll
0x00007fff44b80000 - 0x00007fff44b92000 	C:\Windows\SYSTEM32\msasn1.dll
0x00007fff3b490000 - 0x00007fff3b4c2000 	C:\Windows\SYSTEM32\cryptnet.dll
0x00007fff44ee0000 - 0x00007fff45046000 	C:\Windows\System32\CRYPT32.dll
0x00007fff3b330000 - 0x00007fff3b488000 	C:\Windows\SYSTEM32\drvstore.dll
0x00007fff44ba0000 - 0x00007fff44bcc000 	C:\Windows\SYSTEM32\devobj.dll
0x00007fff44bf0000 - 0x00007fff44c3e000 	C:\Windows\SYSTEM32\cfgmgr32.dll
0x00007fff44680000 - 0x00007fff446cb000 	C:\Windows\SYSTEM32\wldp.dll
0x00007fff44730000 - 0x00007fff4473c000 	C:\Windows\SYSTEM32\cryptbase.dll
0x00007fff456f0000 - 0x00007fff4575b000 	C:\Windows\System32\wintrust.dll
0x00007fff45dd0000 - 0x00007fff45def000 	C:\Windows\System32\imagehlp.dll
0x00007fff44750000 - 0x00007fff4476b000 	C:\Windows\SYSTEM32\CRYPTSP.dll
0x00007fff43ef0000 - 0x00007fff43f25000 	C:\Windows\system32\rsaenh.dll
0x00007fff44870000 - 0x00007fff44898000 	C:\Windows\SYSTEM32\bcrypt.dll
0x00007fff36a80000 - 0x00007fff38c6e000 	C:\Windows\System32\DriverStore\FileRepository\nv_dispi.inf_amd64_31dab972145ae5a9\nvgpucomp64.dll
0x00007ffed3670000 - 0x00007ffed6035000 	C:\Windows\System32\DriverStore\FileRepository\nv_dispi.inf_amd64_31dab972145ae5a9\nvd3dumx.dll
0x00007fff3f450000 - 0x00007fff3f49a000 	C:\Windows\SYSTEM32\directxdatabasehelper.dll
0x00007fff22a70000 - 0x00007fff22d41000 	C:\Windows\system32\nvspcap64.dll
0x00007fff43fb0000 - 0x00007fff43fe4000 	C:\Windows\SYSTEM32\ntmarta.dll
0x00007fff44470000 - 0x00007fff44496000 	C:\Windows\SYSTEM32\gpapi.dll
0x00007fff444a0000 - 0x00007fff444cc000 	C:\Windows\SYSTEM32\USERENV.dll
0x00007fff244f0000 - 0x00007fff24503000 	C:\Users\eva828\AppData\Local\Temp\jogamp_0000\file_cache\jln10258355722368527142\jln9034501611714325769\natives\windows-amd64\gluegen_rt.dll
0x00007fff2a160000 - 0x00007fff2a167000 	C:\Program Files\Java\jdk-21\bin\jawt.dll
0x00007fff24450000 - 0x00007fff2445d000 	C:\Users\eva828\AppData\Local\Temp\jogamp_0000\file_cache\jln10258355722368527142\jln9034501611714325769\natives\windows-amd64\nativewindow_awt.dll
0x00007fff244d0000 - 0x00007fff244e5000 	C:\Users\eva828\AppData\Local\Temp\jogamp_0000\file_cache\jln10258355722368527142\jln9034501611714325769\natives\windows-amd64\nativewindow_win32.dll
0x00007fff0d780000 - 0x00007fff0d803000 	C:\Users\eva828\AppData\Local\Temp\jogamp_0000\file_cache\jln10258355722368527142\jln9034501611714325769\natives\windows-amd64\jogl_desktop.dll
0x00007fff1f1c0000 - 0x00007fff1f212000 	C:\Users\eva828\AppData\Local\Temp\jogamp_0000\file_cache\jln10258355722368527142\jln9034501611714325769\natives\windows-amd64\jogl_mobile.dll
0x00007fff45c10000 - 0x00007fff45cc0000 	C:\Windows\System32\clbcatq.dll
0x00007fff3f310000 - 0x00007fff3f445000 	C:\Windows\System32\AppXDeploymentClient.dll
0x00007ffe2cc80000 - 0x00007ffe2f870000 	C:\Windows\System32\DriverStore\FileRepository\nv_dispi.inf_amd64_31dab972145ae5a9\nvoglv64.dll
0x00007fff46650000 - 0x00007fff46ac4000 	C:\Windows\System32\SETUPAPI.dll
0x00007fff43d40000 - 0x00007fff43d54000 	C:\Windows\SYSTEM32\WTSAPI32.dll
0x00007fff43910000 - 0x00007fff43976000 	C:\Windows\SYSTEM32\WINSTA.dll
0x00007fff0d5e0000 - 0x00007fff0d667000 	C:\Program Files\Java\jdk-21\bin\freetype.dll
0x00007fff0d020000 - 0x00007fff0d0f3000 	C:\Program Files\Java\jdk-21\bin\fontmanager.dll
0x00007fff3c3e0000 - 0x00007fff3c52a000 	C:\Windows\SYSTEM32\textinputframework.dll
0x00007fff41f20000 - 0x00007fff42053000 	C:\Windows\SYSTEM32\CoreMessaging.dll
0x00007fff3eb40000 - 0x00007fff3eeac000 	C:\Windows\SYSTEM32\CoreUIComponents.dll

dbghelp: loaded successfully - version: 4.0.5 - missing functions: none
symbol engine: initialized successfully - sym options: 0x614 - pdb path: .;C:\Program Files\Java\jdk-21\bin;C:\Windows\SYSTEM32;C:\Windows\WinSxS\amd64_microsoft.windows.common-controls_6595b64144ccf1df_6.0.22621.2506_none_270c5ae97388e100;C:\Program Files\Java\jdk-21\bin\server;C:\Program Files\Bonjour;C:\Windows\System32\DriverStore\FileRepository\nv_dispi.inf_amd64_31dab972145ae5a9;C:\Users\eva828\AppData\Local\Temp\jogamp_0000\file_cache\jln10258355722368527142\jln9034501611714325769\natives\windows-amd64

VM Arguments:
jvm_args: -agentlib:jdwp=transport=dt_socket,server=n,suspend=y,address=localhost:54778 --add-exports=java.desktop/sun.awt=ALL-UNNAMED --enable-preview -XX:+ShowCodeDetailsInExceptionMessages 
java_command: Main
java_class_path (initial): C:\Users\eva828\Documents\Develop\Java\MediPro\bin;c:\Users\eva828\Documents\Develop\Java\MediPro\lib\jogamp-fat.jar;c:\Users\eva828\Documents\Develop\Java\MediPro\lib\graphicslib3D.jar
Launcher Type: SUN_STANDARD

[Global flags]
     intx CICompilerCount                          = 4                                         {product} {ergonomic}
     uint ConcGCThreads                            = 2                                         {product} {ergonomic}
     uint G1ConcRefinementThreads                  = 8                                         {product} {ergonomic}
   size_t G1HeapRegionSize                         = 4194304                                   {product} {ergonomic}
    uintx GCDrainStackTargetSize                   = 64                                        {product} {ergonomic}
   size_t InitialHeapSize                          = 536870912                                 {product} {ergonomic}
   size_t MarkStackSize                            = 4194304                                   {product} {ergonomic}
   size_t MaxHeapSize                              = 8568963072                                {product} {ergonomic}
   size_t MaxNewSize                               = 5138022400                                {product} {ergonomic}
   size_t MinHeapDeltaBytes                        = 4194304                                   {product} {ergonomic}
   size_t MinHeapSize                              = 8388608                                   {product} {ergonomic}
    uintx NonNMethodCodeHeapSize                   = 5839372                                {pd product} {ergonomic}
    uintx NonProfiledCodeHeapSize                  = 122909434                              {pd product} {ergonomic}
    uintx ProfiledCodeHeapSize                     = 122909434                              {pd product} {ergonomic}
    uintx ReservedCodeCacheSize                    = 251658240                              {pd product} {ergonomic}
     bool SegmentedCodeCache                       = true                                      {product} {ergonomic}
     bool ShowCodeDetailsInExceptionMessages       = true                                   {manageable} {command line}
   size_t SoftMaxHeapSize                          = 8568963072                             {manageable} {ergonomic}
     bool UseCompressedOops                        = true                           {product lp64_product} {ergonomic}
     bool UseG1GC                                  = true                                      {product} {ergonomic}
     bool UseLargePagesIndividualAllocation        = false                                  {pd product} {ergonomic}

Logging:
Log output configuration:
 #0: stdout all=warning uptime,level,tags foldmultilines=false
 #1: stderr all=off uptime,level,tags foldmultilines=false

Environment Variables:
PATH=C:\Program Files\PowerShell\7;C:\Program Files\Common Files\Oracle\Java\javapath;C:\Program Files (x86)\Common Files\Oracle\Java\javapath;C:\Windows\system32;C:\Windows;C:\Windows\System32\Wbem;C:\Windows\System32\WindowsPowerShell\v1.0\;C:\Windows\System32\OpenSSH\;C:\Program Files\NVIDIA Corporation\NVIDIA NvDLISR;C:\Program Files (x86)\NVIDIA Corporation\PhysX\Common;C:\Program Files\nodejs\;C:\ProgramData\chocolatey\bin;C:\Program Files (x86)\Windows Kits\10\Windows Performance Toolkit\;C:\Program Files\Git\cmd;C:\Users\eva828\AppData\RoamingPython\Scripts;C:\Users\eva828\AppData\Roaming\pypoetry\venv\Scripts\poetry;C:\Program Files\dotnet\;c:\Program Files (x86)\Acustica\Framework\;c:\Program Files\Acustica\Framework\;C:\Program Files\PowerShell\7\;C:\Users\eva828\.cargo\bin;C:\Users\eva828\.pyenv\pyenv-win\bin;C:\Users\eva828\.pyenv\pyenv-win\shims;C:\Users\eva828\AppData\Local\Microsoft\WindowsApps;C:\Users\eva828\AppData\Local\Programs\Microsoft VS Code\bin;C:\Users\eva828\AppData\Roaming\npm;C:\Users\eva828\AppData\Local\GitHubDesktop\bin;C:\Users\eva828\AppData\Roaming\Python\Scripts;C:\Users\eva828\AppData\Roaming\pypoetry\venv\Scripts\poetry;C:\Users\eva828\bin;C:\Users\eva828\.dotnet\tools;C:\texlive\2023\bin\windows
USERNAME=eva828
LANG=ja_JP.UTF-8
OS=Windows_NT
PROCESSOR_IDENTIFIER=Intel64 Family 6 Model 158 Stepping 13, GenuineIntel
TMP=C:\Users\eva828\AppData\Local\Temp
TEMP=C:\Users\eva828\AppData\Local\Temp




Periodic native trim disabled

---------------  S Y S T E M  ---------------

OS:
 Windows 11 , 64 bit Build 22621 (10.0.22621.2506)
OS uptime: 4 days 20:04 hours
Hyper-V role detected

CPU: total 8 (initial active 8) (8 cores per cpu, 1 threads per core) family 6 model 158 stepping 13 microcode 0xde, cx8, cmov, fxsr, mmx, 3dnowpref, sse, sse2, sse3, ssse3, sse4.1, sse4.2, popcnt, lzcnt, tsc, tscinvbit, avx, avx2, aes, erms, clmul, bmi1, bmi2, adx, fma, vzeroupper, clflush, clflushopt, hv, rdtscp, f16c
Processor Information for all 8 processors :
  Max Mhz: 3600, Current Mhz: 3600, Mhz Limit: 3600

Memory: 4k page, system-wide physical 32684M (16431M free)
TotalPageFile size 41900M (AvailPageFile size 13295M)
current process WorkingSet (physical memory assigned to process): 187M, peak: 187M
current process commit charge ("private bytes"): 794M, peak: 794M

vm_info: Java HotSpot(TM) 64-Bit Server VM (21.0.1+12-LTS-29) for windows-amd64 JRE (21.0.1+12-LTS-29), built on 2023-10-05T13:27:09Z by "mach5one" with MS VC++ 17.1 (VS2022)

END.
