#
# A fatal error has been detected by the Java Runtime Environment:
#
#  EXCEPTION_ACCESS_VIOLATION (0xc0000005) at pc=0x0000028f7c6ffe7c, pid=8520, tid=11196
#
# JRE version: Java(TM) SE Runtime Environment (21.0.1+12) (build 21.0.1+12-LTS-29)
# Java VM: Java HotSpot(TM) 64-Bit Server VM (21.0.1+12-LTS-29, mixed mode, sharing, tiered, compressed oops, compressed class ptrs, g1 gc, windows-amd64)
# Problematic frame:
# C  0x0000028f7c6ffe7c
#
# No core dump will be written. Minidumps are not enabled by default on client versions of Windows
#
# If you would like to submit a bug report, please visit:
#   https://bugreport.java.com/bugreport/crash.jsp
# The crash happened outside the Java Virtual Machine in native code.
# See problematic frame for where to report the bug.
#

---------------  S U M M A R Y ------------

Command Line: -agentlib:jdwp=transport=dt_socket,server=n,suspend=y,address=localhost:53725 --add-exports=java.desktop/sun.awt=ALL-UNNAMED --enable-preview -XX:+ShowCodeDetailsInExceptionMessages Main

Host: Intel(R) Core(TM) i7-9700K CPU @ 3.60GHz, 8 cores, 31G,  Windows 11 , 64 bit Build 22621 (10.0.22621.2506)
Time: Wed Dec 27 19:07:16 2023  Windows 11 , 64 bit Build 22621 (10.0.22621.2506) elapsed time: 2.853600 seconds (0d 0h 0m 2s)

---------------  T H R E A D  ---------------

Current thread (0x0000028f783794d0):  JavaThread "AWT-EventQueue-0"        [_thread_in_native, id=11196, stack(0x000000d6b0300000,0x000000d6b0400000) (1024K)]

Stack: [0x000000d6b0300000,0x000000d6b0400000],  sp=0x000000d6b03fd570,  free space=1013k
Native frames: (J=compiled Java code, j=interpreted, Vv=VM code, C=native code)
C  0x0000028f7c6ffe7c

Java frames: (J=compiled Java code, j=interpreted, Vv=VM code)
j  jogamp.opengl.gl4.GL4bcImpl.dispatch_glDrawArrays1(IIIJ)V+0
j  jogamp.opengl.gl4.GL4bcImpl.glDrawArrays(III)V+45
j  medipro.object.base.gameobject.GameObjectView.display(Lcom/jogamp/opengl/GLAutoDrawable;)V+168
j  medipro.object.base.World.display(Lcom/jogamp/opengl/GLAutoDrawable;)V+45
j  medipro.gui.panel.GamePanel.display(Lcom/jogamp/opengl/GLAutoDrawable;)V+26
j  jogamp.opengl.GLDrawableHelper.displayImpl(Lcom/jogamp/opengl/GLAutoDrawable;)V+62
j  jogamp.opengl.GLDrawableHelper.display(Lcom/jogamp/opengl/GLAutoDrawable;)V+2
j  com.jogamp.opengl.awt.GLJPanel$Updater.display(Lcom/jogamp/opengl/GLAutoDrawable;)V+200
j  com.jogamp.opengl.awt.GLJPanel$9.run()V+11
j  jogamp.opengl.GLDrawableHelper.invokeGLImpl(Lcom/jogamp/opengl/GLDrawable;Lcom/jogamp/opengl/GLContext;Ljava/lang/Runnable;Ljava/lang/Runnable;)V+205
j  jogamp.opengl.GLDrawableHelper.invokeGL(Lcom/jogamp/opengl/GLDrawable;Lcom/jogamp/opengl/GLContext;Ljava/lang/Runnable;Ljava/lang/Runnable;)V+75
j  com.jogamp.opengl.awt.GLJPanel$OffscreenBackend.doPaintComponent(Ljava/awt/Graphics;)V+29
j  com.jogamp.opengl.awt.GLJPanel.paintComponent(Ljava/awt/Graphics;)V+224
j  medipro.gui.panel.GamePanel.paintComponent(Ljava/awt/Graphics;)V+2
j  javax.swing.JComponent.paint(Ljava/awt/Graphics;)V+286 java.desktop@21.0.1
j  javax.swing.JComponent.paintChildren(Ljava/awt/Graphics;)V+516 java.desktop@21.0.1
j  javax.swing.JComponent.paint(Ljava/awt/Graphics;)V+318 java.desktop@21.0.1
j  javax.swing.JComponent.paintChildren(Ljava/awt/Graphics;)V+516 java.desktop@21.0.1
j  javax.swing.JComponent.paint(Ljava/awt/Graphics;)V+318 java.desktop@21.0.1
j  javax.swing.JLayeredPane.paint(Ljava/awt/Graphics;)V+73 java.desktop@21.0.1
j  javax.swing.JComponent.paintChildren(Ljava/awt/Graphics;)V+516 java.desktop@21.0.1
j  javax.swing.JComponent.paintToOffscreen(Ljava/awt/Graphics;IIIIII)V+72 java.desktop@21.0.1
j  javax.swing.RepaintManager$PaintManager.paintDoubleBufferedImpl(Ljavax/swing/JComponent;Ljava/awt/Image;Ljava/awt/Graphics;IIII)V+163 java.desktop@21.0.1
j  javax.swing.RepaintManager$PaintManager.paintDoubleBuffered(Ljavax/swing/JComponent;Ljava/awt/Image;Ljava/awt/Graphics;IIII)V+46 java.desktop@21.0.1
j  javax.swing.RepaintManager$PaintManager.paint(Ljavax/swing/JComponent;Ljavax/swing/JComponent;Ljava/awt/Graphics;IIII)Z+128 java.desktop@21.0.1
j  javax.swing.RepaintManager.paint(Ljavax/swing/JComponent;Ljavax/swing/JComponent;Ljava/awt/Graphics;IIII)V+52 java.desktop@21.0.1
j  javax.swing.JComponent.paint(Ljava/awt/Graphics;)V+221 java.desktop@21.0.1
j  java.awt.GraphicsCallback$PaintCallback.run(Ljava/awt/Component;Ljava/awt/Graphics;)V+2 java.desktop@21.0.1
j  sun.awt.SunGraphicsCallback.runOneComponent(Ljava/awt/Component;Ljava/awt/Rectangle;Ljava/awt/Graphics;Ljava/awt/Shape;I)V+130 java.desktop@21.0.1
j  sun.awt.SunGraphicsCallback.runComponents([Ljava/awt/Component;Ljava/awt/Graphics;I)V+157 java.desktop@21.0.1
j  java.awt.Container.paint(Ljava/awt/Graphics;)V+58 java.desktop@21.0.1
j  java.awt.Window.paint(Ljava/awt/Graphics;)V+68 java.desktop@21.0.1
j  javax.swing.RepaintManager$4.run()Ljava/lang/Void;+142 java.desktop@21.0.1
j  javax.swing.RepaintManager$4.run()Ljava/lang/Object;+1 java.desktop@21.0.1
J 734 c1 java.security.AccessController.executePrivileged(Ljava/security/PrivilegedAction;Ljava/security/AccessControlContext;Ljava/lang/Class;)Ljava/lang/Object; java.base@21.0.1 (65 bytes) @ 0x0000028f5039e5dc [0x0000028f5039e460+0x000000000000017c]
j  java.security.AccessController.doPrivileged(Ljava/security/PrivilegedAction;Ljava/security/AccessControlContext;)Ljava/lang/Object;+13 java.base@21.0.1
j  java.security.ProtectionDomain$JavaSecurityAccessImpl.doIntersectionPrivilege(Ljava/security/PrivilegedAction;Ljava/security/AccessControlContext;Ljava/security/AccessControlContext;)Ljava/lang/Object;+18 java.base@21.0.1
j  javax.swing.RepaintManager.paintDirtyRegions(Ljava/util/Map;)V+154 java.desktop@21.0.1
j  javax.swing.RepaintManager.paintDirtyRegions()V+46 java.desktop@21.0.1
j  javax.swing.RepaintManager.prePaintDirtyRegions()V+73 java.desktop@21.0.1
j  javax.swing.RepaintManager$ProcessingRunnable.run()V+37 java.desktop@21.0.1
j  java.awt.event.InvocationEvent.dispatch()V+47 java.desktop@21.0.1
j  java.awt.EventQueue.dispatchEventImpl(Ljava/awt/AWTEvent;Ljava/lang/Object;)V+21 java.desktop@21.0.1
j  java.awt.EventQueue$4.run()Ljava/lang/Void;+32 java.desktop@21.0.1
j  java.awt.EventQueue$4.run()Ljava/lang/Object;+1 java.desktop@21.0.1
J 734 c1 java.security.AccessController.executePrivileged(Ljava/security/PrivilegedAction;Ljava/security/AccessControlContext;Ljava/lang/Class;)Ljava/lang/Object; java.base@21.0.1 (65 bytes) @ 0x0000028f5039e5dc [0x0000028f5039e460+0x000000000000017c]
j  java.security.AccessController.doPrivileged(Ljava/security/PrivilegedAction;Ljava/security/AccessControlContext;)Ljava/lang/Object;+13 java.base@21.0.1
j  java.security.ProtectionDomain$JavaSecurityAccessImpl.doIntersectionPrivilege(Ljava/security/PrivilegedAction;Ljava/security/AccessControlContext;Ljava/security/AccessControlContext;)Ljava/lang/Object;+18 java.base@21.0.1
j  java.awt.EventQueue.dispatchEvent(Ljava/awt/AWTEvent;)V+46 java.desktop@21.0.1
j  java.awt.EventDispatchThread.pumpOneEventForFilters(I)V+81 java.desktop@21.0.1
j  java.awt.EventDispatchThread.pumpEventsForFilter(ILjava/awt/Conditional;Ljava/awt/EventFilter;)V+35 java.desktop@21.0.1
j  java.awt.EventDispatchThread.pumpEventsForHierarchy(ILjava/awt/Conditional;Ljava/awt/Component;)V+11 java.desktop@21.0.1
j  java.awt.EventDispatchThread.pumpEvents(ILjava/awt/Conditional;)V+4 java.desktop@21.0.1
j  java.awt.EventDispatchThread.pumpEvents(Ljava/awt/Conditional;)V+3 java.desktop@21.0.1
j  java.awt.EventDispatchThread.run()V+9 java.desktop@21.0.1
v  ~StubRoutines::call_stub 0x0000028f577b100d

siginfo: EXCEPTION_ACCESS_VIOLATION (0xc0000005), reading address 0x0000000000000000


Registers:
RAX=0x0000028f760961f0, RBX=0x0000028f7c420000, RCX=0x0000000000000000, RDX=0x0000000000000003
RSP=0x000000d6b03fd570, RBP=0x0000028f784b3150, RSI=0x0000000000000000, RDI=0x0000000000000000
R8 =0x0000000000000000, R9 =0x0000000000000003, R10=0x0000028f784b3150, R11=0x0000000000000000
R12=0x0000000000000000, R13=0x0000000000000000, R14=0x0000000000000004, R15=0x0000028f760961f0
RIP=0x0000028f7c6ffe7c, EFLAGS=0x0000000000010202


Register to memory mapping:

RAX=0x0000028f760961f0 points into unknown readable memory: 0x0000000000000000 | 00 00 00 00 00 00 00 00
RBX=0x0000028f7c420000 points into unknown readable memory: 0x0000028f77e8ed60 | 60 ed e8 77 8f 02 00 00
RCX=0x0 is null
RDX=0x0000000000000003 is an unknown value
RSP=0x000000d6b03fd570 is pointing into the stack for thread: 0x0000028f783794d0
RBP=0x0000028f784b3150 points into unknown readable memory: 0x0000000000200000 | 00 00 20 00 00 00 00 00
RSI=0x0 is null
RDI=0x0 is null
R8 =0x0 is null
R9 =0x0000000000000003 is an unknown value
R10=0x0000028f784b3150 points into unknown readable memory: 0x0000000000200000 | 00 00 20 00 00 00 00 00
R11=0x0 is null
R12=0x0 is null
R13=0x0 is null
R14=0x0000000000000004 is an unknown value
R15=0x0000028f760961f0 points into unknown readable memory: 0x0000000000000000 | 00 00 00 00 00 00 00 00

Top of Stack: (sp=0x000000d6b03fd570)
0x000000d6b03fd570:   0000028f77654d90 0000000000000000
0x000000d6b03fd580:   0000000000000003 0000028f7c420000
0x000000d6b03fd590:   0000028f784b3150 00007ffe2d7fcaac
0x000000d6b03fd5a0:   0000028f7c420000 0000028f784b3150
0x000000d6b03fd5b0:   0000000000000003 0000028f7c420000
0x000000d6b03fd5c0:   0000000000000000 000000d6b03fd680
0x000000d6b03fd5d0:   0000000000000003 0000028f7c478300
0x000000d6b03fd5e0:   0000000000000004 0000028f784b3150
0x000000d6b03fd5f0:   0000000000000003 0000000000000000
0x000000d6b03fd600:   0000028f7c420000 00007ffe2d7f8a93
0x000000d6b03fd610:   0000028f00000000 0000000000000000
0x000000d6b03fd620:   0000000000000004 0000000000000003
0x000000d6b03fd630:   0000000000000002 00c0000000000000
0x000000d6b03fd640:   0000028f7c478300 0000028f784b3150
0x000000d6b03fd650:   0000000000000000 00007ffe2d7f8cf0
0x000000d6b03fd660:   0000000000000003 0000028f7c420000
0x000000d6b03fd670:   0000000000000010 0000000000000001
0x000000d6b03fd680:   0000000000000002 00c0000000000000
0x000000d6b03fd690:   0000028f7c420000 0000028f77e77e30
0x000000d6b03fd6a0:   0000028f784b3150 0000000000000000
0x000000d6b03fd6b0:   00007ffe2d25ea00 0000000000000000
0x000000d6b03fd6c0:   0000028f7c420000 0000000000000000
0x000000d6b03fd6d0:   0000028f784b3150 00007ffe2d7cbd3d
0x000000d6b03fd6e0:   0000028f7c420000 0000028f784b3150
0x000000d6b03fd6f0:   0000000000000010 0000028f784b3150
0x000000d6b03fd700:   0000028f77e8ed60 0000028f701afbd0
0x000000d6b03fd710:   4a02d7b71359d1a3 459709eac466d69d
0x000000d6b03fd720:   99703030855c99fc 134e04502df76936
0x000000d6b03fd730:   76bef1a8047d1c13 3bfadb02bbe99d81
0x000000d6b03fd740:   d3ffc5dfc85ae250 f03fe2104836ac15
0x000000d6b03fd750:   db7eb34cb8e9defb 1ab3413a635a17c9
0x000000d6b03fd760:   e47c533349bbe080 1e653ef5e17781b6 

Instructions: (pc=0x0000028f7c6ffe7c)
0x0000028f7c6ffd7c:   00 00 00 00 00 00 00 00 00 00 00 00 00 00 00 00
0x0000028f7c6ffd8c:   00 00 00 00 00 00 00 00 00 00 00 00 00 00 00 00
0x0000028f7c6ffd9c:   00 00 00 00 00 00 00 00 00 00 00 00 00 00 00 00
0x0000028f7c6ffdac:   00 00 00 00 00 00 00 00 00 00 00 00 00 00 00 00
0x0000028f7c6ffdbc:   00 00 00 00 00 00 00 00 00 00 00 00 00 00 00 00
0x0000028f7c6ffdcc:   00 00 00 00 00 00 00 00 00 00 00 00 00 00 00 00
0x0000028f7c6ffddc:   00 00 00 00 00 00 00 00 00 00 00 00 00 00 00 00
0x0000028f7c6ffdec:   00 00 00 00 00 00 00 00 00 00 00 00 00 00 00 00
0x0000028f7c6ffdfc:   00 00 00 00 00 00 00 00 00 00 00 00 00 00 00 00
0x0000028f7c6ffe0c:   00 00 00 00 00 00 00 00 00 00 00 00 00 00 00 00
0x0000028f7c6ffe1c:   00 00 00 00 00 00 00 00 00 00 00 00 00 00 00 00
0x0000028f7c6ffe2c:   00 00 00 00 00 00 00 00 00 00 00 00 80 ff ff ff
0x0000028f7c6ffe3c:   00 fe 00 00 48 83 ec 28 48 89 6c 24 20 48 89 5c
0x0000028f7c6ffe4c:   24 18 48 89 74 24 10 48 89 7c 24 08 48 8b d9 48
0x0000028f7c6ffe5c:   8b c2 49 8b c8 49 8b d1 48 be d8 8d 47 7c 8f 02
0x0000028f7c6ffe6c:   00 00 48 8b 36 48 8b b6 08 03 00 00 48 8d 34 ce
0x0000028f7c6ffe7c:   8b 3e 8b 6e 04 89 38 89 68 04 48 83 c0 08 ff c1
0x0000028f7c6ffe8c:   ff ca 75 d4 48 8b 7c 24 08 48 8b 74 24 10 48 8b
0x0000028f7c6ffe9c:   5c 24 18 48 8b 6c 24 20 48 83 c4 28 c3 00 00 00
0x0000028f7c6ffeac:   00 00 00 00 00 00 00 00 00 00 00 00 80 ff ff ff
0x0000028f7c6ffebc:   80 00 00 00 55 48 8b ec 53 56 57 4c 8b da 4c 8b
0x0000028f7c6ffecc:   d1 49 8b f2 49 8b fb 41 8b e8 85 ed 0f 84 30 00
0x0000028f7c6ffedc:   00 00 b9 04 00 00 00 0f 8f 05 00 00 00 48 f7 d9
0x0000028f7c6ffeec:   f7 dd 8b 1e 48 03 f1 48 83 c7 04 8b c3 81 e3 ff
0x0000028f7c6ffefc:   ff ff 00 81 e0 00 00 00 ff 0b d8 ff cd 89 5f fc
0x0000028f7c6fff0c:   75 e0 5f 5e 5b 5d c3 00 00 00 00 00 00 00 00 00
0x0000028f7c6fff1c:   00 00 00 00 00 00 00 00 00 00 00 00 00 00 00 00
0x0000028f7c6fff2c:   00 00 00 00 00 00 00 00 00 00 00 00 c0 ff ff ff
0x0000028f7c6fff3c:   80 00 00 00 48 b8 60 93 4b 7c 8f 02 00 00 48 8b
0x0000028f7c6fff4c:   00 49 ba c8 d8 46 7c 8f 02 00 00 48 83 ec 28 48
0x0000028f7c6fff5c:   83 c4 28 c3 00 00 00 00 00 00 00 00 00 00 00 00
0x0000028f7c6fff6c:   00 00 00 00 00 00 00 00 00 00 00 00 c0 ff ff ff 


Stack slot to memory mapping:

stack at sp + 0 slots: 0x0000028f77654d90 points into unknown readable memory: 0x0000000000000002 | 02 00 00 00 00 00 00 00
stack at sp + 1 slots: 0x0 is null
stack at sp + 2 slots: 0x0000000000000003 is an unknown value
stack at sp + 3 slots: 0x0000028f7c420000 points into unknown readable memory: 0x0000028f77e8ed60 | 60 ed e8 77 8f 02 00 00
stack at sp + 4 slots: 0x0000028f784b3150 points into unknown readable memory: 0x0000000000200000 | 00 00 20 00 00 00 00 00
stack at sp + 5 slots: 0x00007ffe2d7fcaac nvoglv64.dll
stack at sp + 6 slots: 0x0000028f7c420000 points into unknown readable memory: 0x0000028f77e8ed60 | 60 ed e8 77 8f 02 00 00
stack at sp + 7 slots: 0x0000028f784b3150 points into unknown readable memory: 0x0000000000200000 | 00 00 20 00 00 00 00 00


Compiled method (c1)    2916  734       3       java.security.AccessController::executePrivileged (65 bytes)
 total in heap  [0x0000028f5039e290,0x0000028f5039e898] = 1544
 relocation     [0x0000028f5039e3f0,0x0000028f5039e458] = 104
 main code      [0x0000028f5039e460,0x0000028f5039e730] = 720
 stub code      [0x0000028f5039e730,0x0000028f5039e788] = 88
 metadata       [0x0000028f5039e788,0x0000028f5039e798] = 16
 scopes data    [0x0000028f5039e798,0x0000028f5039e800] = 104
 scopes pcs     [0x0000028f5039e800,0x0000028f5039e880] = 128
 dependencies   [0x0000028f5039e880,0x0000028f5039e888] = 8
 nul chk table  [0x0000028f5039e888,0x0000028f5039e898] = 16

[Constant Pool (empty)]

[MachCode]
[Verified Entry Point]
  # {method} {0x0000028f00478680} 'executePrivileged' '(Ljava/security/PrivilegedAction;Ljava/security/AccessControlContext;Ljava/lang/Class;)Ljava/lang/Object;' in 'java/security/AccessController'
  # parm0:    rdx:rdx   = 'java/security/PrivilegedAction'
  # parm1:    r8:r8     = 'java/security/AccessControlContext'
  # parm2:    r9:r9     = 'java/lang/Class'
  #           [sp+0x50]  (sp of caller)
  0x0000028f5039e460: 8984 2400 | 80ff ff55 | 4883 ec40 | 4181 7f20 | 0100 0000 

  0x0000028f5039e474: ;   {runtime_call StubRoutines (final stubs)}
  0x0000028f5039e474: 7405 e8e5 | 6844 0748 | 8954 2420 

  0x0000028f5039e480: ;   {metadata(method data for {method} {0x0000028f00478680} 'executePrivileged' '(Ljava/security/PrivilegedAction;Ljava/security/AccessControlContext;Ljava/lang/Class;)Ljava/lang/Object;' in 'java/security/AccessController')}
  0x0000028f5039e480: 48be 384b | 0c6c 8f02 | 0000 8bbe | cc00 0000 | 83c7 0289 | becc 0000 | 0081 e7fe | 0700 0083 
  0x0000028f5039e4a0: ff00 0f84 | e201 0000 | 4983 f800 

  0x0000028f5039e4ac: ;   {metadata(method data for {method} {0x0000028f00478680} 'executePrivileged' '(Ljava/security/PrivilegedAction;Ljava/security/AccessControlContext;Ljava/lang/Class;)Ljava/lang/Object;' in 'java/security/AccessController')}
  0x0000028f5039e4ac: 48be 384b | 0c6c 8f02 | 0000 48bf | 2001 0000 | 0000 0000 | 0f85 0a00 | 0000 48bf | 1001 0000 
  0x0000028f5039e4cc: 0000 0000 | 488b 1c3e | 488d 5b01 | 4889 1c3e | 4c89 4c24 | 280f 850a | 0000 004c | 8944 2430 
  0x0000028f5039e4ec: e92b 0000 

  0x0000028f5039e4f0: ;   {metadata(method data for {method} {0x0000028f00478680} 'executePrivileged' '(Ljava/security/PrivilegedAction;Ljava/security/AccessControlContext;Ljava/lang/Class;)Ljava/lang/Object;' in 'java/security/AccessController')}
  0x0000028f5039e4f0: 0048 be38 | 4b0c 6c8f | 0200 0048 | 8386 3001 | 0000 0149 | 8bd0 4c89 | 4424 300f 

  0x0000028f5039e50c: ;   {static_call}
  0x0000028f5039e50c: 1f40 00e8 

  0x0000028f5039e510: ; ImmutableOopMap {[32]=Oop [40]=Oop [48]=Oop }
                      ;*invokestatic ensureMaterializedForStackWalk {reexecute=0 rethrow=0 return_oop=0}
                      ; - java.security.AccessController::executePrivileged@5 (line 774)
  0x0000028f5039e510: 3002 0000 

  0x0000028f5039e514: ;   {other}
  0x0000028f5039e514: 0f1f 8400 | 8402 0000 

  0x0000028f5039e51c: ;   {metadata(method data for {method} {0x0000028f00478680} 'executePrivileged' '(Ljava/security/PrivilegedAction;Ljava/security/AccessControlContext;Ljava/lang/Class;)Ljava/lang/Object;' in 'java/security/AccessController')}
  0x0000028f5039e51c: 48ba 384b | 0c6c 8f02 | 0000 ff82 | 4001 0000 | 488b 5424 | 2048 3b02 

  0x0000028f5039e534: ;   {metadata(method data for {method} {0x0000028f00478680} 'executePrivileged' '(Ljava/security/PrivilegedAction;Ljava/security/AccessControlContext;Ljava/lang/Class;)Ljava/lang/Object;' in 'java/security/AccessController')}
  0x0000028f5039e534: 488b f248 | bf38 4b0c | 6c8f 0200 | 008b 7608 | 49ba 0000 | 0000 8f02 | 0000 4903 | f248 3bb7 
  0x0000028f5039e554: b001 0000 | 750d 4883 | 87b8 0100 | 0001 e960 | 0000 0048 | 3bb7 c001 | 0000 750d | 4883 87c8 
  0x0000028f5039e574: 0100 0001 | e94a 0000 | 0048 83bf | b001 0000 | 0075 1748 | 89b7 b001 | 0000 48c7 | 87b8 0100 
  0x0000028f5039e594: 0001 0000 | 00e9 2900 | 0000 4883 | bfc0 0100 | 0000 7517 | 4889 b7c0 | 0100 0048 | c787 c801 
  0x0000028f5039e5b4: 0000 0100 | 0000 e908 | 0000 0048 | 8387 a001 | 0000 0148 | 8bf2 488b | d648 b8a0 | 056b 778f 
  0x0000028f5039e5d4: ;   {virtual_call}
  0x0000028f5039e5d4: 0200 00e8 

  0x0000028f5039e5d8: ; ImmutableOopMap {[32]=Oop [40]=Oop [48]=Oop }
                      ;*invokeinterface run {reexecute=0 rethrow=0 return_oop=0}
                      ; - java.security.AccessController::executePrivileged@29 (line 778)
  0x0000028f5039e5d8: 3426 5407 

  0x0000028f5039e5dc: ;   {other}
  0x0000028f5039e5dc: 0f1f 8400 | 4c03 0001 

  0x0000028f5039e5e4: ;   {metadata(method data for {method} {0x0000028f00478680} 'executePrivileged' '(Ljava/security/PrivilegedAction;Ljava/security/AccessControlContext;Ljava/lang/Class;)Ljava/lang/Object;' in 'java/security/AccessController')}
  0x0000028f5039e5e4: 48be 384b | 0c6c 8f02 | 0000 ff86 | d801 0000 | 4c8b 4c24 | 284c 8b44 | 2430 488b 

  0x0000028f5039e600: ;   {metadata(method data for {method} {0x0000028f00478680} 'executePrivileged' '(Ljava/security/PrivilegedAction;Ljava/security/AccessControlContext;Ljava/lang/Class;)Ljava/lang/Object;' in 'java/security/AccessController')}
  0x0000028f5039e600: 5424 2048 | be38 4b0c | 6c8f 0200 | 0048 8386 | 3802 0000 

  0x0000028f5039e614: ;   {metadata(method data for {method} {0x0000028f0003d400} 'reachabilityFence' '(Ljava/lang/Object;)V' in 'java/lang/ref/Reference')}
  0x0000028f5039e614: 0148 be30 | 7c09 6c8f | 0200 008b | becc 0000 | 0083 c702 | 89be cc00 | 0000 81e7 | feff 1f00 
  0x0000028f5039e634: 83ff 000f | 8473 0000 

  0x0000028f5039e63c: ;   {metadata(method data for {method} {0x0000028f00478680} 'executePrivileged' '(Ljava/security/PrivilegedAction;Ljava/security/AccessControlContext;Ljava/lang/Class;)Ljava/lang/Object;' in 'java/security/AccessController')}
  0x0000028f5039e63c: 0048 be38 | 4b0c 6c8f | 0200 0048 | 8386 4802 

  0x0000028f5039e64c: ;   {metadata(method data for {method} {0x0000028f0003d400} 'reachabilityFence' '(Ljava/lang/Object;)V' in 'java/lang/ref/Reference')}
  0x0000028f5039e64c: 0000 0148 | be30 7c09 | 6c8f 0200 | 008b becc | 0000 0083 | c702 89be | cc00 0000 | 81e7 feff 
  0x0000028f5039e66c: 1f00 83ff | 000f 845a | 0000 0048 | 83c4 405d 

  0x0000028f5039e67c: ;   {poll_return}
  0x0000028f5039e67c: 493b a750 | 0400 000f | 8766 0000 

  0x0000028f5039e688: ;   {metadata({method} {0x0000028f00478680} 'executePrivileged' '(Ljava/security/PrivilegedAction;Ljava/security/AccessControlContext;Ljava/lang/Class;)Ljava/lang/Object;' in 'java/security/AccessController')}
  0x0000028f5039e688: 00c3 49ba | 7886 4700 | 8f02 0000 | 4c89 5424 | 0848 c704 | 24ff ffff 

  0x0000028f5039e6a0: ;   {runtime_call counter_overflow Runtime1 stub}
  0x0000028f5039e6a0: ffe8 5abf 

  0x0000028f5039e6a4: ; ImmutableOopMap {rdx=Oop r8=Oop r9=Oop [32]=Oop }
                      ;*synchronization entry
                      ; - java.security.AccessController::executePrivileged@-1 (line 773)
  0x0000028f5039e6a4: 5307 e9fd 

  0x0000028f5039e6a8: ;   {runtime_call throw_null_pointer_exception Runtime1 stub}
  0x0000028f5039e6a8: fdff ffe8 

  0x0000028f5039e6ac: ; ImmutableOopMap {rdx=Oop [32]=Oop [40]=Oop [48]=Oop }
                      ;*invokeinterface run {reexecute=0 rethrow=0 return_oop=0}
                      ; - java.security.AccessController::executePrivileged@29 (line 778)
  0x0000028f5039e6ac: 5049 5307 

  0x0000028f5039e6b0: ;   {metadata({method} {0x0000028f0003d400} 'reachabilityFence' '(Ljava/lang/Object;)V' in 'java/lang/ref/Reference')}
  0x0000028f5039e6b0: 49ba f8d3 | 0300 8f02 | 0000 4c89 | 5424 0848 | c704 24ff 

  0x0000028f5039e6c4: ;   {runtime_call counter_overflow Runtime1 stub}
  0x0000028f5039e6c4: ffff ffe8 

  0x0000028f5039e6c8: ; ImmutableOopMap {rax=Oop r9=Oop rdx=Oop r8=Oop [32]=Oop }
                      ;*synchronization entry
                      ; - java.lang.ref.Reference::reachabilityFence@-1 (line 628)
                      ; - java.security.AccessController::executePrivileged@56 (line 783)
  0x0000028f5039e6c8: 34bf 5307 | e96c ffff 

  0x0000028f5039e6d0: ;   {metadata({method} {0x0000028f0003d400} 'reachabilityFence' '(Ljava/lang/Object;)V' in 'java/lang/ref/Reference')}
  0x0000028f5039e6d0: ff49 baf8 | d303 008f | 0200 004c | 8954 2408 | 48c7 0424 | ffff ffff 

  0x0000028f5039e6e8: ;   {runtime_call counter_overflow Runtime1 stub}
  0x0000028f5039e6e8: e813 bf53 

  0x0000028f5039e6ec: ; ImmutableOopMap {rax=Oop r9=Oop rdx=Oop r8=Oop [32]=Oop }
                      ;*synchronization entry
                      ; - java.lang.ref.Reference::reachabilityFence@-1 (line 628)
                      ; - java.security.AccessController::executePrivileged@60 (line 784)
                      ;   {internal_word}
  0x0000028f5039e6ec: 07eb 8849 | ba7c e639 | 508f 0200 | 004d 8997 | 6804 0000 

  0x0000028f5039e700: ;   {runtime_call SafepointBlob}
  0x0000028f5039e700: e9fb 6f46 | 0749 8b87 | 0005 0000 | 49c7 8700 | 0500 0000 | 0000 0049 | c787 0805 | 0000 0000 
  0x0000028f5039e720: 0000 4883 

  0x0000028f5039e724: ;   {runtime_call unwind_exception Runtime1 stub}
  0x0000028f5039e724: c440 5de9 | 5435 5307 | f4f4 f4f4 
[Stub Code]
  0x0000028f5039e730: ;   {no_reloc}
  0x0000028f5039e730: 0f1f 4400 

  0x0000028f5039e734: ;   {static_stub}
  0x0000028f5039e734: 0048 bb00 | 0000 0000 

  0x0000028f5039e73c: ;   {runtime_call}
  0x0000028f5039e73c: 0000 00e9 | fbff ffff 

  0x0000028f5039e744: ;   {static_stub}
  0x0000028f5039e744: 48bb a084 | 4700 8f02 

  0x0000028f5039e74c: ;   {runtime_call I2C/C2I adapters}
  0x0000028f5039e74c: 0000 e910 

  0x0000028f5039e750: ;   {runtime_call handle_exception_from_callee Runtime1 stub}
  0x0000028f5039e750: 4d46 07e8 | 2874 5307 

  0x0000028f5039e758: ;   {external_word}
  0x0000028f5039e758: 48b9 0028 | 1639 fe7f | 0000 4883 

  0x0000028f5039e764: ;   {runtime_call}
  0x0000028f5039e764: e4f0 48b8 | e00f de38 | fe7f 0000 

  0x0000028f5039e770: ;   {section_word}
  0x0000028f5039e770: ffd0 f449 | ba73 e739 | 508f 0200 

  0x0000028f5039e77c: ;   {runtime_call DeoptimizationBlob}
  0x0000028f5039e77c: 0041 52e9 | 1c62 4607 | f4f4 f4f4 
[/MachCode]


---------------  P R O C E S S  ---------------

Threads class SMR info:
_java_thread_list=0x0000028f7c748050, length=21, elements={
0x0000028f700a84c0, 0x0000028f6b86d220, 0x0000028f700aca70, 0x0000028f700ad750,
0x0000028f700ae510, 0x0000028f700af250, 0x0000028f700bb900, 0x0000028f700dc690,
0x0000028f7023cb40, 0x0000028f70255ec0, 0x0000028f7025d920, 0x0000028f702628e0,
0x0000028f70264f70, 0x0000028f7048cfe0, 0x0000028f70a47020, 0x0000028f77870db0,
0x0000028f77883600, 0x0000028f783794d0, 0x0000028f77876c80, 0x0000028f7ca5be50,
0x0000028f7ca5c4e0
}

Java Threads: ( => current thread )
  0x0000028f700a84c0 JavaThread "Reference Handler"          daemon [_thread_blocked, id=23172, stack(0x000000d6aee00000,0x000000d6aef00000) (1024K)]
  0x0000028f6b86d220 JavaThread "Finalizer"                  daemon [_thread_blocked, id=21604, stack(0x000000d6aef00000,0x000000d6af000000) (1024K)]
  0x0000028f700aca70 JavaThread "Signal Dispatcher"          daemon [_thread_blocked, id=11580, stack(0x000000d6af000000,0x000000d6af100000) (1024K)]
  0x0000028f700ad750 JavaThread "Attach Listener"            daemon [_thread_blocked, id=8924, stack(0x000000d6af100000,0x000000d6af200000) (1024K)]
  0x0000028f700ae510 JavaThread "Service Thread"             daemon [_thread_blocked, id=28696, stack(0x000000d6af200000,0x000000d6af300000) (1024K)]
  0x0000028f700af250 JavaThread "Monitor Deflation Thread"   daemon [_thread_blocked, id=16156, stack(0x000000d6af300000,0x000000d6af400000) (1024K)]
  0x0000028f700bb900 JavaThread "C2 CompilerThread0"         daemon [_thread_blocked, id=16880, stack(0x000000d6af400000,0x000000d6af500000) (1024K)]
  0x0000028f700dc690 JavaThread "C1 CompilerThread0"         daemon [_thread_blocked, id=13816, stack(0x000000d6af500000,0x000000d6af600000) (1024K)]
  0x0000028f7023cb40 JavaThread "Common-Cleaner"             daemon [_thread_blocked, id=4252, stack(0x000000d6af600000,0x000000d6af700000) (1024K)]
  0x0000028f70255ec0 JavaThread "JDWP Transport Listener: dt_socket" daemon [_thread_blocked, id=26940, stack(0x000000d6af700000,0x000000d6af800000) (1024K)]
  0x0000028f7025d920 JavaThread "JDWP Event Helper Thread"   daemon [_thread_blocked, id=16312, stack(0x000000d6af800000,0x000000d6af900000) (1024K)]
  0x0000028f702628e0 JavaThread "JDWP Command Reader"        daemon [_thread_in_native, id=25336, stack(0x000000d6af900000,0x000000d6afa00000) (1024K)]
  0x0000028f70264f70 JavaThread "Notification Thread"        daemon [_thread_blocked, id=25764, stack(0x000000d6afa00000,0x000000d6afb00000) (1024K)]
  0x0000028f7048cfe0 JavaThread "Java2D Disposer"            daemon [_thread_blocked, id=26768, stack(0x000000d6afc00000,0x000000d6afd00000) (1024K)]
  0x0000028f70a47020 JavaThread "AWT-Windows"                daemon [_thread_in_native, id=19496, stack(0x000000d6afe00000,0x000000d6aff00000) (1024K)]
  0x0000028f77870db0 JavaThread "main-SharedResourceRunner"  daemon [_thread_blocked, id=25468, stack(0x000000d6afb00000,0x000000d6afc00000) (1024K)]
  0x0000028f77883600 JavaThread "AWT-Shutdown"                      [_thread_blocked, id=17452, stack(0x000000d6afd00000,0x000000d6afe00000) (1024K)]
=>0x0000028f783794d0 JavaThread "AWT-EventQueue-0"                  [_thread_in_native, id=11196, stack(0x000000d6b0300000,0x000000d6b0400000) (1024K)]
  0x0000028f77876c80 JavaThread "Timer-0"                           [_thread_blocked, id=8500, stack(0x000000d6b0f00000,0x000000d6b1000000) (1024K)]
  0x0000028f7ca5be50 JavaThread "DestroyJavaVM"                     [_thread_blocked, id=5360, stack(0x000000d6ae600000,0x000000d6ae700000) (1024K)]
  0x0000028f7ca5c4e0 JavaThread "D3D Screen Updater"         daemon [_thread_blocked, id=10108, stack(0x000000d6b1000000,0x000000d6b1100000) (1024K)]
Total: 21

Other Threads:
  0x0000028f6b856da0 VMThread "VM Thread"                           [id=27316, stack(0x000000d6aed00000,0x000000d6aee00000) (1024K)]
  0x0000028f6b841730 WatcherThread "VM Periodic Task Thread"        [id=20224, stack(0x000000d6aec00000,0x000000d6aed00000) (1024K)]
  0x0000028f47ed8ab0 WorkerThread "GC Thread#0"                     [id=10176, stack(0x000000d6ae700000,0x000000d6ae800000) (1024K)]
  0x0000028f783c1780 WorkerThread "GC Thread#1"                     [id=29292, stack(0x000000d6b0800000,0x000000d6b0900000) (1024K)]
  0x0000028f783c1f10 WorkerThread "GC Thread#2"                     [id=10960, stack(0x000000d6b0900000,0x000000d6b0a00000) (1024K)]
  0x0000028f783c22b0 WorkerThread "GC Thread#3"                     [id=10024, stack(0x000000d6b0a00000,0x000000d6b0b00000) (1024K)]
  0x0000028f783c2650 WorkerThread "GC Thread#4"                     [id=16148, stack(0x000000d6b0b00000,0x000000d6b0c00000) (1024K)]
  0x0000028f783c29f0 WorkerThread "GC Thread#5"                     [id=14824, stack(0x000000d6b0c00000,0x000000d6b0d00000) (1024K)]
  0x0000028f783c34d0 WorkerThread "GC Thread#6"                     [id=30048, stack(0x000000d6b0d00000,0x000000d6b0e00000) (1024K)]
  0x0000028f783c1b70 WorkerThread "GC Thread#7"                     [id=25220, stack(0x000000d6b0e00000,0x000000d6b0f00000) (1024K)]
  0x0000028f47eeb430 ConcurrentGCThread "G1 Main Marker"            [id=13880, stack(0x000000d6ae800000,0x000000d6ae900000) (1024K)]
  0x0000028f47eec6d0 WorkerThread "G1 Conc#0"                       [id=29528, stack(0x000000d6ae900000,0x000000d6aea00000) (1024K)]
  0x0000028f6b6feda0 ConcurrentGCThread "G1 Refine#0"               [id=28568, stack(0x000000d6aea00000,0x000000d6aeb00000) (1024K)]
  0x0000028f6b6ff910 ConcurrentGCThread "G1 Service"                [id=20476, stack(0x000000d6aeb00000,0x000000d6aec00000) (1024K)]
Total: 14

Threads with active compile tasks:
Total: 0

VM state: not at safepoint (normal execution)

VM Mutex/Monitor currently owned by a thread: None

Heap address: 0x0000000601400000, size: 8172 MB, Compressed Oops mode: Zero based, Oop shift amount: 3

CDS archive(s) mapped at: [0x0000028f00000000-0x0000028f00c90000-0x0000028f00c90000), size 13172736, SharedBaseAddress: 0x0000028f00000000, ArchiveRelocationMode: 1.
Compressed class space mapped at: 0x0000028f01000000-0x0000028f41000000, reserved size: 1073741824
Narrow klass base: 0x0000028f00000000, Narrow klass shift: 0, Narrow klass range: 0x100000000

GC Precious Log:
 CardTable entry size: 512
 Card Set container configuration: InlinePtr #cards 4 size 8 Array Of Cards #cards 32 size 80 Howl #buckets 8 coarsen threshold 7372 Howl Bitmap #cards 1024 size 144 coarsen threshold 921 Card regions per heap region 1 cards per card region 8192
 CPUs: 8 total, 8 available
 Memory: 32684M
 Large Page Support: Disabled
 NUMA Support: Disabled
 Compressed Oops: Enabled (Zero based)
 Heap Region Size: 4M
 Heap Min Capacity: 8M
 Heap Initial Capacity: 512M
 Heap Max Capacity: 8172M
 Pre-touch: Disabled
 Parallel Workers: 8
 Concurrent Workers: 2
 Concurrent Refinement Workers: 8
 Periodic GC: Disabled

Heap:
 garbage-first heap   total 524288K, used 22395K [0x0000000601400000, 0x0000000800000000)
  region size 4096K, 4 young (16384K), 1 survivors (4096K)
 Metaspace       used 14380K, committed 14656K, reserved 1114112K
  class space    used 1280K, committed 1408K, reserved 1048576K

Heap Regions: E=young(eden), S=young(survivor), O=old, HS=humongous(starts), HC=humongous(continues), CS=collection set, F=free, TAMS=top-at-mark-start, PB=parsable bottom
|   0|0x0000000601400000, 0x0000000601800000, 0x0000000601800000|100%|HS|  |TAMS 0x0000000601400000| PB 0x0000000601400000| Complete 
|   1|0x0000000601800000, 0x0000000601c00000, 0x0000000601c00000|100%|HS|  |TAMS 0x0000000601800000| PB 0x0000000601800000| Complete 
|   2|0x0000000601c00000, 0x0000000601f7ac48, 0x0000000602000000| 86%| O|  |TAMS 0x0000000601c00000| PB 0x0000000601c00000| Untracked 
|   3|0x0000000602000000, 0x0000000602000000, 0x0000000602400000|  0%| F|  |TAMS 0x0000000602000000| PB 0x0000000602000000| Untracked 
|   4|0x0000000602400000, 0x0000000602400000, 0x0000000602800000|  0%| F|  |TAMS 0x0000000602400000| PB 0x0000000602400000| Untracked 
|   5|0x0000000602800000, 0x0000000602800000, 0x0000000602c00000|  0%| F|  |TAMS 0x0000000602800000| PB 0x0000000602800000| Untracked 
|   6|0x0000000602c00000, 0x0000000602c00000, 0x0000000603000000|  0%| F|  |TAMS 0x0000000602c00000| PB 0x0000000602c00000| Untracked 
|   7|0x0000000603000000, 0x0000000603000000, 0x0000000603400000|  0%| F|  |TAMS 0x0000000603000000| PB 0x0000000603000000| Untracked 
|   8|0x0000000603400000, 0x0000000603400000, 0x0000000603800000|  0%| F|  |TAMS 0x0000000603400000| PB 0x0000000603400000| Untracked 
|   9|0x0000000603800000, 0x0000000603800000, 0x0000000603c00000|  0%| F|  |TAMS 0x0000000603800000| PB 0x0000000603800000| Untracked 
|  10|0x0000000603c00000, 0x0000000603c00000, 0x0000000604000000|  0%| F|  |TAMS 0x0000000603c00000| PB 0x0000000603c00000| Untracked 
|  11|0x0000000604000000, 0x0000000604000000, 0x0000000604400000|  0%| F|  |TAMS 0x0000000604000000| PB 0x0000000604000000| Untracked 
|  12|0x0000000604400000, 0x0000000604400000, 0x0000000604800000|  0%| F|  |TAMS 0x0000000604400000| PB 0x0000000604400000| Untracked 
|  13|0x0000000604800000, 0x0000000604800000, 0x0000000604c00000|  0%| F|  |TAMS 0x0000000604800000| PB 0x0000000604800000| Untracked 
|  14|0x0000000604c00000, 0x0000000604c00000, 0x0000000605000000|  0%| F|  |TAMS 0x0000000604c00000| PB 0x0000000604c00000| Untracked 
|  15|0x0000000605000000, 0x0000000605000000, 0x0000000605400000|  0%| F|  |TAMS 0x0000000605000000| PB 0x0000000605000000| Untracked 
|  16|0x0000000605400000, 0x0000000605400000, 0x0000000605800000|  0%| F|  |TAMS 0x0000000605400000| PB 0x0000000605400000| Untracked 
|  17|0x0000000605800000, 0x0000000605800000, 0x0000000605c00000|  0%| F|  |TAMS 0x0000000605800000| PB 0x0000000605800000| Untracked 
|  18|0x0000000605c00000, 0x0000000605c00000, 0x0000000606000000|  0%| F|  |TAMS 0x0000000605c00000| PB 0x0000000605c00000| Untracked 
|  19|0x0000000606000000, 0x0000000606000000, 0x0000000606400000|  0%| F|  |TAMS 0x0000000606000000| PB 0x0000000606000000| Untracked 
|  20|0x0000000606400000, 0x0000000606400000, 0x0000000606800000|  0%| F|  |TAMS 0x0000000606400000| PB 0x0000000606400000| Untracked 
|  21|0x0000000606800000, 0x0000000606800000, 0x0000000606c00000|  0%| F|  |TAMS 0x0000000606800000| PB 0x0000000606800000| Untracked 
|  22|0x0000000606c00000, 0x0000000606c00000, 0x0000000607000000|  0%| F|  |TAMS 0x0000000606c00000| PB 0x0000000606c00000| Untracked 
|  23|0x0000000607000000, 0x0000000607000000, 0x0000000607400000|  0%| F|  |TAMS 0x0000000607000000| PB 0x0000000607000000| Untracked 
|  24|0x0000000607400000, 0x0000000607400000, 0x0000000607800000|  0%| F|  |TAMS 0x0000000607400000| PB 0x0000000607400000| Untracked 
|  25|0x0000000607800000, 0x0000000607800000, 0x0000000607c00000|  0%| F|  |TAMS 0x0000000607800000| PB 0x0000000607800000| Untracked 
|  26|0x0000000607c00000, 0x0000000607c00000, 0x0000000608000000|  0%| F|  |TAMS 0x0000000607c00000| PB 0x0000000607c00000| Untracked 
|  27|0x0000000608000000, 0x0000000608000000, 0x0000000608400000|  0%| F|  |TAMS 0x0000000608000000| PB 0x0000000608000000| Untracked 
|  28|0x0000000608400000, 0x0000000608400000, 0x0000000608800000|  0%| F|  |TAMS 0x0000000608400000| PB 0x0000000608400000| Untracked 
|  29|0x0000000608800000, 0x0000000608800000, 0x0000000608c00000|  0%| F|  |TAMS 0x0000000608800000| PB 0x0000000608800000| Untracked 
|  30|0x0000000608c00000, 0x0000000608c00000, 0x0000000609000000|  0%| F|  |TAMS 0x0000000608c00000| PB 0x0000000608c00000| Untracked 
|  31|0x0000000609000000, 0x0000000609000000, 0x0000000609400000|  0%| F|  |TAMS 0x0000000609000000| PB 0x0000000609000000| Untracked 
|  32|0x0000000609400000, 0x0000000609400000, 0x0000000609800000|  0%| F|  |TAMS 0x0000000609400000| PB 0x0000000609400000| Untracked 
|  33|0x0000000609800000, 0x0000000609800000, 0x0000000609c00000|  0%| F|  |TAMS 0x0000000609800000| PB 0x0000000609800000| Untracked 
|  34|0x0000000609c00000, 0x0000000609c00000, 0x000000060a000000|  0%| F|  |TAMS 0x0000000609c00000| PB 0x0000000609c00000| Untracked 
|  35|0x000000060a000000, 0x000000060a000000, 0x000000060a400000|  0%| F|  |TAMS 0x000000060a000000| PB 0x000000060a000000| Untracked 
|  36|0x000000060a400000, 0x000000060a400000, 0x000000060a800000|  0%| F|  |TAMS 0x000000060a400000| PB 0x000000060a400000| Untracked 
|  37|0x000000060a800000, 0x000000060a800000, 0x000000060ac00000|  0%| F|  |TAMS 0x000000060a800000| PB 0x000000060a800000| Untracked 
|  38|0x000000060ac00000, 0x000000060ac00000, 0x000000060b000000|  0%| F|  |TAMS 0x000000060ac00000| PB 0x000000060ac00000| Untracked 
|  39|0x000000060b000000, 0x000000060b000000, 0x000000060b400000|  0%| F|  |TAMS 0x000000060b000000| PB 0x000000060b000000| Untracked 
|  40|0x000000060b400000, 0x000000060b400000, 0x000000060b800000|  0%| F|  |TAMS 0x000000060b400000| PB 0x000000060b400000| Untracked 
|  41|0x000000060b800000, 0x000000060b800000, 0x000000060bc00000|  0%| F|  |TAMS 0x000000060b800000| PB 0x000000060b800000| Untracked 
|  42|0x000000060bc00000, 0x000000060bc00000, 0x000000060c000000|  0%| F|  |TAMS 0x000000060bc00000| PB 0x000000060bc00000| Untracked 
|  43|0x000000060c000000, 0x000000060c000000, 0x000000060c400000|  0%| F|  |TAMS 0x000000060c000000| PB 0x000000060c000000| Untracked 
|  44|0x000000060c400000, 0x000000060c400000, 0x000000060c800000|  0%| F|  |TAMS 0x000000060c400000| PB 0x000000060c400000| Untracked 
|  45|0x000000060c800000, 0x000000060c800000, 0x000000060cc00000|  0%| F|  |TAMS 0x000000060c800000| PB 0x000000060c800000| Untracked 
|  46|0x000000060cc00000, 0x000000060cc00000, 0x000000060d000000|  0%| F|  |TAMS 0x000000060cc00000| PB 0x000000060cc00000| Untracked 
|  47|0x000000060d000000, 0x000000060d000000, 0x000000060d400000|  0%| F|  |TAMS 0x000000060d000000| PB 0x000000060d000000| Untracked 
|  48|0x000000060d400000, 0x000000060d400000, 0x000000060d800000|  0%| F|  |TAMS 0x000000060d400000| PB 0x000000060d400000| Untracked 
|  49|0x000000060d800000, 0x000000060d800000, 0x000000060dc00000|  0%| F|  |TAMS 0x000000060d800000| PB 0x000000060d800000| Untracked 
|  50|0x000000060dc00000, 0x000000060dc00000, 0x000000060e000000|  0%| F|  |TAMS 0x000000060dc00000| PB 0x000000060dc00000| Untracked 
|  51|0x000000060e000000, 0x000000060e000000, 0x000000060e400000|  0%| F|  |TAMS 0x000000060e000000| PB 0x000000060e000000| Untracked 
|  52|0x000000060e400000, 0x000000060e400000, 0x000000060e800000|  0%| F|  |TAMS 0x000000060e400000| PB 0x000000060e400000| Untracked 
|  53|0x000000060e800000, 0x000000060e800000, 0x000000060ec00000|  0%| F|  |TAMS 0x000000060e800000| PB 0x000000060e800000| Untracked 
|  54|0x000000060ec00000, 0x000000060ec00000, 0x000000060f000000|  0%| F|  |TAMS 0x000000060ec00000| PB 0x000000060ec00000| Untracked 
|  55|0x000000060f000000, 0x000000060f000000, 0x000000060f400000|  0%| F|  |TAMS 0x000000060f000000| PB 0x000000060f000000| Untracked 
|  56|0x000000060f400000, 0x000000060f400000, 0x000000060f800000|  0%| F|  |TAMS 0x000000060f400000| PB 0x000000060f400000| Untracked 
|  57|0x000000060f800000, 0x000000060f800000, 0x000000060fc00000|  0%| F|  |TAMS 0x000000060f800000| PB 0x000000060f800000| Untracked 
|  58|0x000000060fc00000, 0x000000060fc00000, 0x0000000610000000|  0%| F|  |TAMS 0x000000060fc00000| PB 0x000000060fc00000| Untracked 
|  59|0x0000000610000000, 0x0000000610000000, 0x0000000610400000|  0%| F|  |TAMS 0x0000000610000000| PB 0x0000000610000000| Untracked 
|  60|0x0000000610400000, 0x0000000610400000, 0x0000000610800000|  0%| F|  |TAMS 0x0000000610400000| PB 0x0000000610400000| Untracked 
|  61|0x0000000610800000, 0x0000000610800000, 0x0000000610c00000|  0%| F|  |TAMS 0x0000000610800000| PB 0x0000000610800000| Untracked 
|  62|0x0000000610c00000, 0x0000000610c00000, 0x0000000611000000|  0%| F|  |TAMS 0x0000000610c00000| PB 0x0000000610c00000| Untracked 
|  63|0x0000000611000000, 0x0000000611000000, 0x0000000611400000|  0%| F|  |TAMS 0x0000000611000000| PB 0x0000000611000000| Untracked 
|  64|0x0000000611400000, 0x0000000611400000, 0x0000000611800000|  0%| F|  |TAMS 0x0000000611400000| PB 0x0000000611400000| Untracked 
|  65|0x0000000611800000, 0x0000000611800000, 0x0000000611c00000|  0%| F|  |TAMS 0x0000000611800000| PB 0x0000000611800000| Untracked 
|  66|0x0000000611c00000, 0x0000000611c00000, 0x0000000612000000|  0%| F|  |TAMS 0x0000000611c00000| PB 0x0000000611c00000| Untracked 
|  67|0x0000000612000000, 0x0000000612000000, 0x0000000612400000|  0%| F|  |TAMS 0x0000000612000000| PB 0x0000000612000000| Untracked 
|  68|0x0000000612400000, 0x0000000612400000, 0x0000000612800000|  0%| F|  |TAMS 0x0000000612400000| PB 0x0000000612400000| Untracked 
|  69|0x0000000612800000, 0x0000000612800000, 0x0000000612c00000|  0%| F|  |TAMS 0x0000000612800000| PB 0x0000000612800000| Untracked 
|  70|0x0000000612c00000, 0x0000000612c00000, 0x0000000613000000|  0%| F|  |TAMS 0x0000000612c00000| PB 0x0000000612c00000| Untracked 
|  71|0x0000000613000000, 0x0000000613000000, 0x0000000613400000|  0%| F|  |TAMS 0x0000000613000000| PB 0x0000000613000000| Untracked 
|  72|0x0000000613400000, 0x0000000613400000, 0x0000000613800000|  0%| F|  |TAMS 0x0000000613400000| PB 0x0000000613400000| Untracked 
|  73|0x0000000613800000, 0x0000000613800000, 0x0000000613c00000|  0%| F|  |TAMS 0x0000000613800000| PB 0x0000000613800000| Untracked 
|  74|0x0000000613c00000, 0x0000000613c00000, 0x0000000614000000|  0%| F|  |TAMS 0x0000000613c00000| PB 0x0000000613c00000| Untracked 
|  75|0x0000000614000000, 0x0000000614000000, 0x0000000614400000|  0%| F|  |TAMS 0x0000000614000000| PB 0x0000000614000000| Untracked 
|  76|0x0000000614400000, 0x0000000614400000, 0x0000000614800000|  0%| F|  |TAMS 0x0000000614400000| PB 0x0000000614400000| Untracked 
|  77|0x0000000614800000, 0x0000000614800000, 0x0000000614c00000|  0%| F|  |TAMS 0x0000000614800000| PB 0x0000000614800000| Untracked 
|  78|0x0000000614c00000, 0x0000000614c00000, 0x0000000615000000|  0%| F|  |TAMS 0x0000000614c00000| PB 0x0000000614c00000| Untracked 
|  79|0x0000000615000000, 0x0000000615000000, 0x0000000615400000|  0%| F|  |TAMS 0x0000000615000000| PB 0x0000000615000000| Untracked 
|  80|0x0000000615400000, 0x0000000615400000, 0x0000000615800000|  0%| F|  |TAMS 0x0000000615400000| PB 0x0000000615400000| Untracked 
|  81|0x0000000615800000, 0x0000000615800000, 0x0000000615c00000|  0%| F|  |TAMS 0x0000000615800000| PB 0x0000000615800000| Untracked 
|  82|0x0000000615c00000, 0x0000000615c00000, 0x0000000616000000|  0%| F|  |TAMS 0x0000000615c00000| PB 0x0000000615c00000| Untracked 
|  83|0x0000000616000000, 0x0000000616000000, 0x0000000616400000|  0%| F|  |TAMS 0x0000000616000000| PB 0x0000000616000000| Untracked 
|  84|0x0000000616400000, 0x0000000616400000, 0x0000000616800000|  0%| F|  |TAMS 0x0000000616400000| PB 0x0000000616400000| Untracked 
|  85|0x0000000616800000, 0x0000000616800000, 0x0000000616c00000|  0%| F|  |TAMS 0x0000000616800000| PB 0x0000000616800000| Untracked 
|  86|0x0000000616c00000, 0x0000000616c00000, 0x0000000617000000|  0%| F|  |TAMS 0x0000000616c00000| PB 0x0000000616c00000| Untracked 
|  87|0x0000000617000000, 0x0000000617000000, 0x0000000617400000|  0%| F|  |TAMS 0x0000000617000000| PB 0x0000000617000000| Untracked 
|  88|0x0000000617400000, 0x0000000617400000, 0x0000000617800000|  0%| F|  |TAMS 0x0000000617400000| PB 0x0000000617400000| Untracked 
|  89|0x0000000617800000, 0x0000000617800000, 0x0000000617c00000|  0%| F|  |TAMS 0x0000000617800000| PB 0x0000000617800000| Untracked 
|  90|0x0000000617c00000, 0x0000000617c00000, 0x0000000618000000|  0%| F|  |TAMS 0x0000000617c00000| PB 0x0000000617c00000| Untracked 
|  91|0x0000000618000000, 0x0000000618000000, 0x0000000618400000|  0%| F|  |TAMS 0x0000000618000000| PB 0x0000000618000000| Untracked 
|  92|0x0000000618400000, 0x0000000618400000, 0x0000000618800000|  0%| F|  |TAMS 0x0000000618400000| PB 0x0000000618400000| Untracked 
|  93|0x0000000618800000, 0x0000000618800000, 0x0000000618c00000|  0%| F|  |TAMS 0x0000000618800000| PB 0x0000000618800000| Untracked 
|  94|0x0000000618c00000, 0x0000000618c00000, 0x0000000619000000|  0%| F|  |TAMS 0x0000000618c00000| PB 0x0000000618c00000| Untracked 
|  95|0x0000000619000000, 0x0000000619000000, 0x0000000619400000|  0%| F|  |TAMS 0x0000000619000000| PB 0x0000000619000000| Untracked 
|  96|0x0000000619400000, 0x0000000619400000, 0x0000000619800000|  0%| F|  |TAMS 0x0000000619400000| PB 0x0000000619400000| Untracked 
|  97|0x0000000619800000, 0x0000000619800000, 0x0000000619c00000|  0%| F|  |TAMS 0x0000000619800000| PB 0x0000000619800000| Untracked 
|  98|0x0000000619c00000, 0x0000000619c00000, 0x000000061a000000|  0%| F|  |TAMS 0x0000000619c00000| PB 0x0000000619c00000| Untracked 
|  99|0x000000061a000000, 0x000000061a000000, 0x000000061a400000|  0%| F|  |TAMS 0x000000061a000000| PB 0x000000061a000000| Untracked 
| 100|0x000000061a400000, 0x000000061a400000, 0x000000061a800000|  0%| F|  |TAMS 0x000000061a400000| PB 0x000000061a400000| Untracked 
| 101|0x000000061a800000, 0x000000061a800000, 0x000000061ac00000|  0%| F|  |TAMS 0x000000061a800000| PB 0x000000061a800000| Untracked 
| 102|0x000000061ac00000, 0x000000061ac00000, 0x000000061b000000|  0%| F|  |TAMS 0x000000061ac00000| PB 0x000000061ac00000| Untracked 
| 103|0x000000061b000000, 0x000000061b000000, 0x000000061b400000|  0%| F|  |TAMS 0x000000061b000000| PB 0x000000061b000000| Untracked 
| 104|0x000000061b400000, 0x000000061b400000, 0x000000061b800000|  0%| F|  |TAMS 0x000000061b400000| PB 0x000000061b400000| Untracked 
| 105|0x000000061b800000, 0x000000061b800000, 0x000000061bc00000|  0%| F|  |TAMS 0x000000061b800000| PB 0x000000061b800000| Untracked 
| 106|0x000000061bc00000, 0x000000061bc00000, 0x000000061c000000|  0%| F|  |TAMS 0x000000061bc00000| PB 0x000000061bc00000| Untracked 
| 107|0x000000061c000000, 0x000000061c000000, 0x000000061c400000|  0%| F|  |TAMS 0x000000061c000000| PB 0x000000061c000000| Untracked 
| 108|0x000000061c400000, 0x000000061c400000, 0x000000061c800000|  0%| F|  |TAMS 0x000000061c400000| PB 0x000000061c400000| Untracked 
| 109|0x000000061c800000, 0x000000061c800000, 0x000000061cc00000|  0%| F|  |TAMS 0x000000061c800000| PB 0x000000061c800000| Untracked 
| 110|0x000000061cc00000, 0x000000061cc00000, 0x000000061d000000|  0%| F|  |TAMS 0x000000061cc00000| PB 0x000000061cc00000| Untracked 
| 111|0x000000061d000000, 0x000000061d000000, 0x000000061d400000|  0%| F|  |TAMS 0x000000061d000000| PB 0x000000061d000000| Untracked 
| 112|0x000000061d400000, 0x000000061d400000, 0x000000061d800000|  0%| F|  |TAMS 0x000000061d400000| PB 0x000000061d400000| Untracked 
| 113|0x000000061d800000, 0x000000061d800000, 0x000000061dc00000|  0%| F|  |TAMS 0x000000061d800000| PB 0x000000061d800000| Untracked 
| 114|0x000000061dc00000, 0x000000061dc00000, 0x000000061e000000|  0%| F|  |TAMS 0x000000061dc00000| PB 0x000000061dc00000| Untracked 
| 115|0x000000061e000000, 0x000000061e000000, 0x000000061e400000|  0%| F|  |TAMS 0x000000061e000000| PB 0x000000061e000000| Untracked 
| 116|0x000000061e400000, 0x000000061e400000, 0x000000061e800000|  0%| F|  |TAMS 0x000000061e400000| PB 0x000000061e400000| Untracked 
| 117|0x000000061e800000, 0x000000061e800000, 0x000000061ec00000|  0%| F|  |TAMS 0x000000061e800000| PB 0x000000061e800000| Untracked 
| 118|0x000000061ec00000, 0x000000061ec00000, 0x000000061f000000|  0%| F|  |TAMS 0x000000061ec00000| PB 0x000000061ec00000| Untracked 
| 119|0x000000061f000000, 0x000000061f2642c0, 0x000000061f400000| 59%| S|CS|TAMS 0x000000061f000000| PB 0x000000061f000000| Complete 
| 120|0x000000061f400000, 0x000000061f400000, 0x000000061f800000|  0%| F|  |TAMS 0x000000061f400000| PB 0x000000061f400000| Untracked 
| 121|0x000000061f800000, 0x000000061f800000, 0x000000061fc00000|  0%| F|  |TAMS 0x000000061f800000| PB 0x000000061f800000| Untracked 
| 122|0x000000061fc00000, 0x000000061fc00000, 0x0000000620000000|  0%| F|  |TAMS 0x000000061fc00000| PB 0x000000061fc00000| Untracked 
| 123|0x0000000620000000, 0x0000000620000000, 0x0000000620400000|  0%| F|  |TAMS 0x0000000620000000| PB 0x0000000620000000| Untracked 
| 124|0x0000000620400000, 0x0000000620400000, 0x0000000620800000|  0%| F|  |TAMS 0x0000000620400000| PB 0x0000000620400000| Untracked 
| 125|0x0000000620800000, 0x0000000620b70788, 0x0000000620c00000| 85%| E|  |TAMS 0x0000000620800000| PB 0x0000000620800000| Complete 
| 126|0x0000000620c00000, 0x0000000621000000, 0x0000000621000000|100%| E|CS|TAMS 0x0000000620c00000| PB 0x0000000620c00000| Complete 
| 127|0x0000000621000000, 0x0000000621400000, 0x0000000621400000|100%| E|CS|TAMS 0x0000000621000000| PB 0x0000000621000000| Complete 

Card table byte_map: [0x0000028f605b0000,0x0000028f615b0000] _byte_map_base: 0x0000028f5d5a6000

Marking Bits: (CMBitMap*) 0x0000028f47ed99c0
 Bits: [0x0000028f615b0000, 0x0000028f69560000)

Polling page: 0x0000028f475f0000

Metaspace:

Usage:
  Non-class:     12.79 MB used.
      Class:      1.25 MB used.
       Both:     14.04 MB used.

Virtual space:
  Non-class space:       64.00 MB reserved,      12.94 MB ( 20%) committed,  1 nodes.
      Class space:        1.00 GB reserved,       1.38 MB ( <1%) committed,  1 nodes.
             Both:        1.06 GB reserved,      14.31 MB (  1%) committed. 

Chunk freelists:
   Non-Class:  2.48 MB
       Class:  14.61 MB
        Both:  17.09 MB

MaxMetaspaceSize: unlimited
CompressedClassSpaceSize: 1.00 GB
Initial GC threshold: 21.00 MB
Current GC threshold: 21.00 MB
CDS: on
 - commit_granule_bytes: 65536.
 - commit_granule_words: 8192.
 - virtual_space_node_default_size: 8388608.
 - enlarge_chunks_in_place: 1.
 - use_allocation_guard: 0.


Internal statistics:

num_allocs_failed_limit: 0.
num_arena_births: 268.
num_arena_deaths: 0.
num_vsnodes_births: 2.
num_vsnodes_deaths: 0.
num_space_committed: 225.
num_space_uncommitted: 0.
num_chunks_returned_to_freelist: 0.
num_chunks_taken_from_freelist: 521.
num_chunk_merges: 0.
num_chunk_splits: 352.
num_chunks_enlarged: 220.
num_inconsistent_stats: 0.

CodeHeap 'non-profiled nmethods': size=120000Kb used=650Kb max_used=650Kb free=119349Kb
 bounds [0x0000028f57d50000, 0x0000028f57fc0000, 0x0000028f5f280000]
CodeHeap 'profiled nmethods': size=120000Kb used=2847Kb max_used=2847Kb free=117152Kb
 bounds [0x0000028f50280000, 0x0000028f50550000, 0x0000028f577b0000]
CodeHeap 'non-nmethods': size=5760Kb used=2073Kb max_used=2094Kb free=3686Kb
 bounds [0x0000028f577b0000, 0x0000028f57a20000, 0x0000028f57d50000]
 total_blobs=2555 nmethods=1567 adapters=893
 compilation: enabled
              stopped_count=0, restarted_count=0
 full_count=0

Compilation events (20 events):
Event: 2.796 Thread 0x0000028f700dc690 1557       2       sun.awt.image.ByteInterleavedRaster::setDataElements (116 bytes)
Event: 2.796 Thread 0x0000028f700bb900 1560       4       java.awt.image.ComponentColorModel::getDataElements (3175 bytes)
Event: 2.796 Thread 0x0000028f700dc690 nmethod 1557 0x0000028f50542290 code [0x0000028f50542460, 0x0000028f50542818]
Event: 2.796 Thread 0x0000028f700dc690 1558       2       sun.awt.image.SunWritableRaster::markDirty (8 bytes)
Event: 2.796 Thread 0x0000028f700dc690 nmethod 1558 0x0000028f50542a90 code [0x0000028f50542c20, 0x0000028f50542d68]
Event: 2.801 Thread 0x0000028f700dc690 1562 %     3       sun.java2d.loops.OpaqueCopyArgbToAny::Blit @ 172 (232 bytes)
Event: 2.802 Thread 0x0000028f700dc690 nmethod 1562% 0x0000028f50542e10 code [0x0000028f505430e0, 0x0000028f505446f8]
Event: 2.803 Thread 0x0000028f700dc690 1563       3       sun.java2d.loops.OpaqueCopyArgbToAny::Blit (232 bytes)
Event: 2.803 Thread 0x0000028f700dc690 nmethod 1563 0x0000028f50545390 code [0x0000028f50545640, 0x0000028f505465b0]
Event: 2.809 Thread 0x0000028f700bb900 nmethod 1560 0x0000028f57def390 code [0x0000028f57def5a0, 0x0000028f57defee8]
Event: 2.809 Thread 0x0000028f700bb900 1564 %     4       sun.java2d.loops.OpaqueCopyArgbToAny::Blit @ 172 (232 bytes)
Event: 2.821 Thread 0x0000028f700dc690 1565       3       java.util.concurrent.locks.ReentrantLock$Sync::isHeldExclusively (16 bytes)
Event: 2.821 Thread 0x0000028f700dc690 nmethod 1565 0x0000028f50546f10 code [0x0000028f505470c0, 0x0000028f50547260]
Event: 2.821 Thread 0x0000028f700dc690 1567   !   3       java.lang.ref.NativeReferenceQueue::enqueue (20 bytes)
Event: 2.822 Thread 0x0000028f700dc690 nmethod 1567 0x0000028f50547310 code [0x0000028f505474c0, 0x0000028f50547730]
Event: 2.822 Thread 0x0000028f700dc690 1566       3       java.util.concurrent.locks.AbstractQueuedSynchronizer$ConditionObject::signalAll (34 bytes)
Event: 2.822 Thread 0x0000028f700dc690 nmethod 1566 0x0000028f50547890 code [0x0000028f50547a80, 0x0000028f50547e00]
Event: 2.831 Thread 0x0000028f700bb900 nmethod 1564% 0x0000028f57df0390 code [0x0000028f57df05a0, 0x0000028f57df1b10]
Event: 2.831 Thread 0x0000028f700bb900 1561       4       sun.awt.image.ByteInterleavedRaster::setDataElements (116 bytes)
Event: 2.839 Thread 0x0000028f700bb900 nmethod 1561 0x0000028f57df2290 code [0x0000028f57df2440, 0x0000028f57df2900]

GC Heap History (4 events):
Event: 1.892 GC heap before
{Heap before GC invocations=0 (full 0):
 garbage-first heap   total 524288K, used 20480K [0x0000000601400000, 0x0000000800000000)
  region size 4096K, 6 young (24576K), 0 survivors (0K)
 Metaspace       used 11290K, committed 11520K, reserved 1114112K
  class space    used 929K, committed 1024K, reserved 1048576K
}
Event: 1.905 GC heap after
{Heap after GC invocations=1 (full 0):
 garbage-first heap   total 524288K, used 3821K [0x0000000601400000, 0x0000000800000000)
  region size 4096K, 1 young (4096K), 1 survivors (4096K)
 Metaspace       used 11290K, committed 11520K, reserved 1114112K
  class space    used 929K, committed 1024K, reserved 1048576K
}
Event: 2.818 GC heap before
{Heap before GC invocations=1 (full 0):
 garbage-first heap   total 524288K, used 40685K [0x0000000601400000, 0x0000000800000000)
  region size 4096K, 8 young (32768K), 1 survivors (4096K)
 Metaspace       used 14377K, committed 14656K, reserved 1114112K
  class space    used 1280K, committed 1408K, reserved 1048576K
}
Event: 2.821 GC heap after
{Heap after GC invocations=2 (full 0):
 garbage-first heap   total 524288K, used 14203K [0x0000000601400000, 0x0000000800000000)
  region size 4096K, 1 young (4096K), 1 survivors (4096K)
 Metaspace       used 14377K, committed 14656K, reserved 1114112K
  class space    used 1280K, committed 1408K, reserved 1048576K
}

Dll operation events (15 events):
Event: 0.008 Loaded shared library C:\Program Files\Java\jdk-21\bin\java.dll
Event: 0.046 Loaded shared library C:\Program Files\Java\jdk-21\bin\jsvml.dll
Event: 0.170 Loaded shared library C:\Program Files\Java\jdk-21\bin\jimage.dll
Event: 0.176 Loaded shared library C:\Program Files\Java\jdk-21\bin\net.dll
Event: 0.177 Loaded shared library C:\Program Files\Java\jdk-21\bin\nio.dll
Event: 0.183 Loaded shared library C:\Program Files\Java\jdk-21\bin\zip.dll
Event: 0.261 Loaded shared library C:\Program Files\Java\jdk-21\bin\awt.dll
Event: 0.839 Loaded shared library C:\Users\eva828\AppData\Local\Temp\jogamp_0000\file_cache\jln10713211879964213599\jln12507231246546436945\natives\windows-amd64\gluegen_rt.dll
Event: 0.857 Loaded shared library C:\Program Files\Java\jdk-21\bin\jawt.dll
Event: 0.860 Loaded shared library C:\Users\eva828\AppData\Local\Temp\jogamp_0000\file_cache\jln10713211879964213599\jln12507231246546436945\natives\windows-amd64\nativewindow_awt.dll
Event: 0.877 Loaded shared library C:\Users\eva828\AppData\Local\Temp\jogamp_0000\file_cache\jln10713211879964213599\jln12507231246546436945\natives\windows-amd64\nativewindow_win32.dll
Event: 1.017 Loaded shared library C:\Users\eva828\AppData\Local\Temp\jogamp_0000\file_cache\jln10713211879964213599\jln12507231246546436945\natives\windows-amd64\jogl_desktop.dll
Event: 1.274 Loaded shared library C:\Users\eva828\AppData\Local\Temp\jogamp_0000\file_cache\jln10713211879964213599\jln12507231246546436945\natives\windows-amd64\jogl_mobile.dll
Event: 2.566 Loaded shared library C:\Program Files\Java\jdk-21\bin\freetype.dll
Event: 2.568 Loaded shared library C:\Program Files\Java\jdk-21\bin\fontmanager.dll

Deoptimization events (20 events):
Event: 2.721 Thread 0x0000028f783794d0 DEOPT PACKING pc=0x0000028f5040a5ec sp=0x000000d6b03fd730
Event: 2.721 Thread 0x0000028f783794d0 DEOPT UNPACKING pc=0x0000028f57804e42 sp=0x000000d6b03fcbf8 mode 1
Event: 2.723 Thread 0x0000028f783794d0 DEOPT PACKING pc=0x0000028f5040584c sp=0x000000d6b03fd580
Event: 2.723 Thread 0x0000028f783794d0 DEOPT UNPACKING pc=0x0000028f57804e42 sp=0x000000d6b03fcb28 mode 1
Event: 2.723 Thread 0x0000028f783794d0 DEOPT PACKING pc=0x0000028f5040a5ec sp=0x000000d6b03fd730
Event: 2.723 Thread 0x0000028f783794d0 DEOPT UNPACKING pc=0x0000028f57804e42 sp=0x000000d6b03fcbf8 mode 1
Event: 2.755 Thread 0x0000028f783794d0 DEOPT PACKING pc=0x0000028f5039e5dc sp=0x000000d6b03fee00
Event: 2.755 Thread 0x0000028f783794d0 DEOPT UNPACKING pc=0x0000028f57804e42 sp=0x000000d6b03fe2b0 mode 1
Event: 2.755 Thread 0x0000028f783794d0 DEOPT PACKING pc=0x0000028f5039e5dc sp=0x000000d6b03ff340
Event: 2.755 Thread 0x0000028f783794d0 DEOPT UNPACKING pc=0x0000028f57804e42 sp=0x000000d6b03fe7f0 mode 1
Event: 2.779 Thread 0x0000028f783794d0 Uncommon trap: trap_request=0xffffff45 fr.pc=0x0000028f57dcb5b4 relative=0x0000000000000094
Event: 2.779 Thread 0x0000028f783794d0 Uncommon trap: reason=unstable_if action=reinterpret pc=0x0000028f57dcb5b4 method=java.lang.reflect.AccessibleObject.checkCanSetAccessible(Ljava/lang/Class;Ljava/lang/Class;Z)Z @ 62 c2
Event: 2.779 Thread 0x0000028f783794d0 DEOPT PACKING pc=0x0000028f57dcb5b4 sp=0x000000d6b03fc7d0
Event: 2.779 Thread 0x0000028f783794d0 DEOPT UNPACKING pc=0x0000028f578046a2 sp=0x000000d6b03fc740 mode 2
Event: 2.831 Thread 0x0000028f783794d0 DEOPT PACKING pc=0x0000028f5054455c sp=0x000000d6b03fcd20
Event: 2.831 Thread 0x0000028f783794d0 DEOPT UNPACKING pc=0x0000028f57804e42 sp=0x000000d6b03fc378 mode 0
Event: 2.832 Thread 0x0000028f783794d0 Uncommon trap: trap_request=0xffffff45 fr.pc=0x0000028f57df16a8 relative=0x0000000000001108
Event: 2.832 Thread 0x0000028f783794d0 Uncommon trap: reason=unstable_if action=reinterpret pc=0x0000028f57df16a8 method=sun.java2d.loops.OpaqueCopyArgbToAny.Blit(Lsun/java2d/SurfaceData;Lsun/java2d/SurfaceData;Ljava/awt/Composite;Lsun/java2d/pipe/Region;IIIIII)V @ 159 c2
Event: 2.832 Thread 0x0000028f783794d0 DEOPT PACKING pc=0x0000028f57df16a8 sp=0x000000d6b03fce60
Event: 2.832 Thread 0x0000028f783794d0 DEOPT UNPACKING pc=0x0000028f578046a2 sp=0x000000d6b03fce78 mode 2

Classes loaded (20 events):
Event: 2.791 Loading class sun/java2d/loops/SetFillSpansANY
Event: 2.791 Loading class sun/java2d/loops/SetFillSpansANY done
Event: 2.791 Loading class sun/java2d/loops/DrawGlyphList$General
Event: 2.791 Loading class sun/java2d/loops/DrawGlyphList$General done
Event: 2.791 Loading class sun/java2d/loops/MaskFill$General
Event: 2.791 Loading class sun/java2d/loops/MaskFill$General done
Event: 2.791 Loading class sun/java2d/loops/MaskBlit$General
Event: 2.791 Loading class sun/java2d/loops/GraphicsPrimitive$GeneralBinaryOp
Event: 2.791 Loading class sun/java2d/loops/GraphicsPrimitive$GeneralBinaryOp done
Event: 2.791 Loading class sun/java2d/loops/MaskBlit$General done
Event: 2.791 Loading class sun/java2d/loops/OpaqueCopyAnyToArgb
Event: 2.791 Loading class sun/java2d/loops/OpaqueCopyAnyToArgb done
Event: 2.792 Loading class sun/java2d/loops/OpaqueCopyArgbToAny
Event: 2.792 Loading class sun/java2d/loops/OpaqueCopyArgbToAny done
Event: 2.792 Loading class sun/java2d/loops/DrawGlyphListAA$General
Event: 2.792 Loading class sun/java2d/loops/DrawGlyphListAA$General done
Event: 2.792 Loading class sun/java2d/pipe/RegionSpanIterator
Event: 2.792 Loading class sun/java2d/pipe/SpanIterator
Event: 2.792 Loading class sun/java2d/pipe/SpanIterator done
Event: 2.792 Loading class sun/java2d/pipe/RegionSpanIterator done

Classes unloaded (0 events):
No events

Classes redefined (0 events):
No events

Internal exceptions (20 events):
Event: 0.529 Thread 0x0000028f45cfa500 Exception <a 'java/lang/ClassNotFoundException'{0x0000000620f97b50}: com/sun/swing/internal/plaf/basic/resources/spi/basicProvider> (0x0000000620f97b50) 
thrown [s\open\src\hotspot\share\classfile\systemDictionary.cpp, line 312]
Event: 0.540 Thread 0x0000028f45cfa500 Exception <a 'java/lang/NoSuchMethodError'{0x0000000620fbab18}: 'int java.lang.invoke.Invokers$Holder.invokeExact_MT(java.lang.Object, java.lang.Object)'> (0x0000000620fbab18) 
thrown [s\open\src\hotspot\share\interpreter\linkResolver.cpp, line 773]
Event: 0.639 Thread 0x0000028f45cfa500 Exception <a 'java/lang/NoSuchMethodError'{0x00000006209dee58}: 'java.lang.Object java.lang.invoke.DirectMethodHandle$Holder.invokeStaticInit(java.lang.Object, int, int, int, int)'> (0x00000006209dee58) 
thrown [s\open\src\hotspot\share\interpreter\linkResolver.cpp, line 773]
Event: 0.661 Thread 0x0000028f45cfa500 Exception <a 'java/lang/NoSuchMethodError'{0x0000000620aa62e0}: 'java.lang.Object java.lang.invoke.DirectMethodHandle$Holder.invokeStaticInit(java.lang.Object, java.lang.Object, int, int, int, int)'> (0x0000000620aa62e0) 
thrown [s\open\src\hotspot\share\interpreter\linkResolver.cpp, line 773]
Event: 0.664 Thread 0x0000028f45cfa500 Exception <a 'java/lang/NoSuchMethodError'{0x0000000620aaea80}: 'int java.lang.invoke.DirectMethodHandle$Holder.invokeSpecial(java.lang.Object, java.lang.Object, java.lang.Object)'> (0x0000000620aaea80) 
thrown [s\open\src\hotspot\share\interpreter\linkResolver.cpp, line 773]
Event: 0.693 Thread 0x0000028f45cfa500 Exception <a 'java/lang/NoSuchMethodError'{0x0000000620abdf18}: 'void java.lang.invoke.DirectMethodHandle$Holder.invokeStatic(java.lang.Object, long)'> (0x0000000620abdf18) 
thrown [s\open\src\hotspot\share\interpreter\linkResolver.cpp, line 773]
Event: 0.694 Thread 0x0000028f45cfa500 Exception <a 'java/lang/NoSuchMethodError'{0x0000000620ac2d98}: 'java.lang.Object java.lang.invoke.DirectMethodHandle$Holder.newInvokeSpecial(java.lang.Object, long)'> (0x0000000620ac2d98) 
thrown [s\open\src\hotspot\share\interpreter\linkResolver.cpp, line 773]
Event: 0.695 Thread 0x0000028f45cfa500 Exception <a 'java/lang/NoSuchMethodError'{0x0000000620ac97a0}: 'java.lang.Object java.lang.invoke.DirectMethodHandle$Holder.invokeStatic(java.lang.Object, long, java.lang.Object)'> (0x0000000620ac97a0) 
thrown [s\open\src\hotspot\share\interpreter\linkResolver.cpp, line 773]
Event: 0.695 Thread 0x0000028f45cfa500 Exception <a 'java/lang/NoSuchMethodError'{0x0000000620accf28}: 'java.lang.Object java.lang.invoke.DirectMethodHandle$Holder.invokeStaticInit(java.lang.Object, long, java.lang.Object)'> (0x0000000620accf28) 
thrown [s\open\src\hotspot\share\interpreter\linkResolver.cpp, line 773]
Event: 0.785 Thread 0x0000028f45cfa500 Exception <a 'sun/nio/fs/WindowsException'{0x0000000620af3ec8}> (0x0000000620af3ec8) 
thrown [s\open\src\hotspot\share\prims\jni.cpp, line 520]
Event: 0.840 Thread 0x0000028f45cfa500 Exception <a 'java/lang/NoSuchMethodError'{0x000000062050e4b0}: 'int java.lang.invoke.DirectMethodHandle$Holder.invokeStatic(java.lang.Object)'> (0x000000062050e4b0) 
thrown [s\open\src\hotspot\share\interpreter\linkResolver.cpp, line 773]
Event: 0.840 Thread 0x0000028f45cfa500 Exception <a 'java/lang/NoSuchMethodError'{0x0000000620511978}: 'int java.lang.invoke.DelegatingMethodHandle$Holder.reinvoke_L(java.lang.Object)'> (0x0000000620511978) 
thrown [s\open\src\hotspot\share\interpreter\linkResolver.cpp, line 773]
Event: 1.020 Thread 0x0000028f45cfa500 Exception <a 'java/lang/NoSuchMethodError'{0x00000006202e3508}: 'long java.lang.invoke.DelegatingMethodHandle$Holder.reinvoke_L(java.lang.Object, java.lang.Object)'> (0x00000006202e3508) 
thrown [s\open\src\hotspot\share\interpreter\linkResolver.cpp, line 773]
Event: 1.021 Thread 0x0000028f45cfa500 Exception <a 'java/lang/NoSuchMethodError'{0x00000006202ed2c8}: 'void java.lang.invoke.DelegatingMethodHandle$Holder.reinvoke_L(java.lang.Object, java.lang.Object, long)'> (0x00000006202ed2c8) 
thrown [s\open\src\hotspot\share\interpreter\linkResolver.cpp, line 773]
Event: 2.119 Thread 0x0000028f77870db0 Implicit null exception at 0x0000028f57dc0590 to 0x0000028f57dc092c
Event: 2.143 Thread 0x0000028f77870db0 Implicit null exception at 0x0000028f57dbb060 to 0x0000028f57dbb3a0
Event: 2.153 Thread 0x0000028f77870db0 Exception <a 'java/lang/NoSuchMethodError'{0x0000000620f4b140}: 'long java.lang.invoke.Invokers$Holder.invokeExact_MT(java.lang.Object, java.lang.Object, java.lang.Object)'> (0x0000000620f4b140) 
thrown [s\open\src\hotspot\share\interpreter\linkResolver.cpp, line 773]
Event: 2.546 Thread 0x0000028f70a47020 Exception <a 'java/lang/NoSuchMethodError'{0x0000000620b7e220}: 'void java.lang.invoke.DirectMethodHandle$Holder.invokeVirtual(java.lang.Object, java.lang.Object)'> (0x0000000620b7e220) 
thrown [s\open\src\hotspot\share\interpreter\linkResolver.cpp, line 773]
Event: 2.561 Thread 0x0000028f45cfa500 Exception <a 'java/lang/NoSuchMethodError'{0x0000000620b60f10}: 'void java.lang.invoke.DirectMethodHandle$Holder.invokeStaticInit(java.lang.Object)'> (0x0000000620b60f10) 
thrown [s\open\src\hotspot\share\interpreter\linkResolver.cpp, line 773]
Event: 2.572 Thread 0x0000028f45cfa500 Exception <a 'java/io/FileNotFoundException'{0x0000000620b6d038}> (0x0000000620b6d038) 
thrown [s\open\src\hotspot\share\prims\jni.cpp, line 520]

ZGC Phase Switch (0 events):
No events

VM Operations (20 events):
Event: 0.493 Executing VM operation: HandshakeAllThreads (Deoptimize)
Event: 0.493 Executing VM operation: HandshakeAllThreads (Deoptimize) done
Event: 0.583 Executing VM operation: HandshakeAllThreads (Deoptimize)
Event: 0.583 Executing VM operation: HandshakeAllThreads (Deoptimize) done
Event: 0.608 Executing VM operation: HandshakeAllThreads (Deoptimize)
Event: 0.608 Executing VM operation: HandshakeAllThreads (Deoptimize) done
Event: 0.610 Executing VM operation: HandshakeAllThreads (Deoptimize)
Event: 0.610 Executing VM operation: HandshakeAllThreads (Deoptimize) done
Event: 0.785 Executing VM operation: HandshakeAllThreads (Deoptimize)
Event: 0.785 Executing VM operation: HandshakeAllThreads (Deoptimize) done
Event: 1.801 Executing VM operation: Cleanup
Event: 1.875 Executing VM operation: Cleanup done
Event: 1.892 Executing VM operation: G1CollectForAllocation (G1 Evacuation Pause)
Event: 1.906 Executing VM operation: G1CollectForAllocation (G1 Evacuation Pause) done
Event: 2.637 Executing VM operation: HandshakeAllThreads (Deoptimize)
Event: 2.637 Executing VM operation: HandshakeAllThreads (Deoptimize) done
Event: 2.787 Executing VM operation: HandshakeAllThreads (Deoptimize)
Event: 2.787 Executing VM operation: HandshakeAllThreads (Deoptimize) done
Event: 2.817 Executing VM operation: G1CollectForAllocation (G1 Evacuation Pause)
Event: 2.821 Executing VM operation: G1CollectForAllocation (G1 Evacuation Pause) done

Events (20 events):
Event: 0.312 Thread 0x0000028f7048cfe0 Thread added: 0x0000028f7048cfe0
Event: 0.312 Thread 0x0000028f7048d650 Thread added: 0x0000028f7048d650
Event: 0.314 Thread 0x0000028f70a47020 Thread added: 0x0000028f70a47020
Event: 0.777 Thread 0x0000028f70308150 Thread exited: 0x0000028f70308150
Event: 0.778 Thread 0x0000028f70308150 Thread added: 0x0000028f70308150
Event: 0.787 Thread 0x0000028f70308150 Thread exited: 0x0000028f70308150
Event: 0.790 Thread 0x0000028f777cae50 Thread added: 0x0000028f777cae50
Event: 0.802 Thread 0x0000028f7784aaf0 Thread added: 0x0000028f7784aaf0
Event: 0.871 Thread 0x0000028f77883600 Thread added: 0x0000028f77883600
Event: 0.994 Thread 0x0000028f7784aaf0 Thread exited: 0x0000028f7784aaf0
Event: 1.000 Thread 0x0000028f777cae50 Thread exited: 0x0000028f777cae50
Event: 1.027 Thread 0x0000028f77870db0 Thread added: 0x0000028f77870db0
Event: 1.905 Thread 0x0000028f7048d650 Thread exited: 0x0000028f7048d650
Event: 1.979 Thread 0x0000028f77883600 Thread exited: 0x0000028f77883600
Event: 2.541 Thread 0x0000028f77883600 Thread added: 0x0000028f77883600
Event: 2.547 Thread 0x0000028f783794d0 Thread added: 0x0000028f783794d0
Event: 2.610 Thread 0x0000028f77876c80 Thread added: 0x0000028f77876c80
Event: 2.637 Thread 0x0000028f45cfa500 Thread exited: 0x0000028f45cfa500
Event: 2.637 Thread 0x0000028f7ca5be50 Thread added: 0x0000028f7ca5be50
Event: 2.645 Thread 0x0000028f7ca5c4e0 Thread added: 0x0000028f7ca5c4e0


Dynamic libraries:
0x00007ff786fc0000 - 0x00007ff786fd0000 	C:\Program Files\Java\jdk-21\bin\java.exe
0x00007fff47b70000 - 0x00007fff47d87000 	C:\Windows\SYSTEM32\ntdll.dll
0x00007fff47900000 - 0x00007fff479c4000 	C:\Windows\System32\KERNEL32.DLL
0x00007fff45170000 - 0x00007fff45516000 	C:\Windows\System32\KERNELBASE.dll
0x00007fff45050000 - 0x00007fff45161000 	C:\Windows\System32\ucrtbase.dll
0x00007ffec9b10000 - 0x00007ffec9b29000 	C:\Program Files\Java\jdk-21\bin\jli.dll
0x00007ffec9af0000 - 0x00007ffec9b0b000 	C:\Program Files\Java\jdk-21\bin\VCRUNTIME140.dll
0x00007fff47a00000 - 0x00007fff47ab1000 	C:\Windows\System32\ADVAPI32.dll
0x00007fff46da0000 - 0x00007fff46e47000 	C:\Windows\System32\msvcrt.dll
0x00007fff471d0000 - 0x00007fff47275000 	C:\Windows\System32\sechost.dll
0x00007fff46c80000 - 0x00007fff46d97000 	C:\Windows\System32\RPCRT4.dll
0x00007fff46ad0000 - 0x00007fff46c7e000 	C:\Windows\System32\USER32.dll
0x00007fff455a0000 - 0x00007fff455c6000 	C:\Windows\System32\win32u.dll
0x00007fff479d0000 - 0x00007fff479f9000 	C:\Windows\System32\GDI32.dll
0x00007fff455d0000 - 0x00007fff456e8000 	C:\Windows\System32\gdi32full.dll
0x00007fff45820000 - 0x00007fff458ba000 	C:\Windows\System32\msvcp_win.dll
0x00007fff29170000 - 0x00007fff29403000 	C:\Windows\WinSxS\amd64_microsoft.windows.common-controls_6595b64144ccf1df_6.0.22621.2506_none_270c5ae97388e100\COMCTL32.dll
0x00007fff3bab0000 - 0x00007fff3baba000 	C:\Windows\SYSTEM32\VERSION.dll
0x00007fff47010000 - 0x00007fff47041000 	C:\Windows\System32\IMM32.DLL
0x00007fff23e40000 - 0x00007fff23e4c000 	C:\Program Files\Java\jdk-21\bin\vcruntime140_1.dll
0x00007ffe522c0000 - 0x00007ffe5234e000 	C:\Program Files\Java\jdk-21\bin\msvcp140.dll
0x00007ffe387c0000 - 0x00007ffe394d5000 	C:\Program Files\Java\jdk-21\bin\server\jvm.dll
0x00007fff47150000 - 0x00007fff471c1000 	C:\Windows\System32\WS2_32.dll
0x00007fff43cf0000 - 0x00007fff43d3d000 	C:\Windows\SYSTEM32\POWRPROF.dll
0x00007fff3ae80000 - 0x00007fff3aeb4000 	C:\Windows\SYSTEM32\WINMM.dll
0x00007fff43cd0000 - 0x00007fff43ce3000 	C:\Windows\SYSTEM32\UMPDC.dll
0x00007fff43f90000 - 0x00007fff43fa8000 	C:\Windows\SYSTEM32\kernel.appcore.dll
0x00007fff20aa0000 - 0x00007fff20aaa000 	C:\Program Files\Java\jdk-21\bin\jimage.dll
0x00007fff39490000 - 0x00007fff396c3000 	C:\Windows\SYSTEM32\DBGHELP.DLL
0x00007fff47430000 - 0x00007fff477b9000 	C:\Windows\System32\combase.dll
0x00007fff47820000 - 0x00007fff478f7000 	C:\Windows\System32\OLEAUT32.dll
0x00007fff1d910000 - 0x00007fff1d942000 	C:\Windows\SYSTEM32\dbgcore.DLL
0x00007fff45520000 - 0x00007fff4559a000 	C:\Windows\System32\bcryptPrimitives.dll
0x00007ffe5af40000 - 0x00007ffe5af7c000 	C:\Program Files\Java\jdk-21\bin\jdwp.dll
0x00007ffec9ad0000 - 0x00007ffec9aef000 	C:\Program Files\Java\jdk-21\bin\java.dll
0x00007fff45df0000 - 0x00007fff4664a000 	C:\Windows\System32\SHELL32.dll
0x00007fff42dc0000 - 0x00007fff436b6000 	C:\Windows\SYSTEM32\windows.storage.dll
0x00007fff42c80000 - 0x00007fff42dbe000 	C:\Windows\SYSTEM32\wintypes.dll
0x00007fff47050000 - 0x00007fff47143000 	C:\Windows\System32\SHCORE.dll
0x00007fff477c0000 - 0x00007fff4781e000 	C:\Windows\System32\shlwapi.dll
0x00007fff44e10000 - 0x00007fff44e36000 	C:\Windows\SYSTEM32\profapi.dll
0x00007ffe521e0000 - 0x00007ffe522b7000 	C:\Program Files\Java\jdk-21\bin\jsvml.dll
0x00007fff1c540000 - 0x00007fff1c54c000 	C:\Program Files\Java\jdk-21\bin\dt_socket.dll
0x00007fff43990000 - 0x00007fff439bd000 	C:\Windows\SYSTEM32\IPHLPAPI.DLL
0x00007fff44400000 - 0x00007fff44469000 	C:\Windows\system32\mswsock.dll
0x00007fff43a00000 - 0x00007fff43af9000 	C:\Windows\SYSTEM32\DNSAPI.dll
0x00007fff47410000 - 0x00007fff47419000 	C:\Windows\System32\NSI.dll
0x0000000065390000 - 0x00000000653b6000 	C:\Program Files\Bonjour\mdnsNSP.dll
0x00007fff3d8d0000 - 0x00007fff3d8da000 	C:\Windows\System32\rasadhlp.dll
0x00007fff3ea30000 - 0x00007fff3eab3000 	C:\Windows\System32\fwpuclnt.dll
0x00007fff16ad0000 - 0x00007fff16ae0000 	C:\Program Files\Java\jdk-21\bin\net.dll
0x00007fff3f810000 - 0x00007fff3f947000 	C:\Windows\SYSTEM32\WINHTTP.dll
0x00007ffe5af20000 - 0x00007ffe5af36000 	C:\Program Files\Java\jdk-21\bin\nio.dll
0x00007ffe58720000 - 0x00007ffe58738000 	C:\Program Files\Java\jdk-21\bin\zip.dll
0x00007ffe52050000 - 0x00007ffe521df000 	C:\Program Files\Java\jdk-21\bin\awt.dll
0x00007fff42200000 - 0x00007fff42297000 	C:\Windows\SYSTEM32\apphelp.dll
0x00007fff42800000 - 0x00007fff4282b000 	C:\Windows\system32\DWMAPI.DLL
0x00007fff42380000 - 0x00007fff4242b000 	C:\Windows\system32\uxtheme.dll
0x00007ffe7e7f0000 - 0x00007ffe7e8f0000 	C:\Windows\system32\opengl32.dll
0x00007ffe80080000 - 0x00007ffe800ad000 	C:\Windows\SYSTEM32\GLU32.dll
0x00007fff424d0000 - 0x00007fff42506000 	C:\Windows\SYSTEM32\dxcore.dll
0x00007fff45ac0000 - 0x00007fff45c10000 	C:\Windows\System32\MSCTF.dll
0x00007fff458c0000 - 0x00007fff45a60000 	C:\Windows\System32\ole32.dll
0x00007fff26be0000 - 0x00007fff26d89000 	C:\Windows\system32\d3d9.dll
0x00007fff3b4d0000 - 0x00007fff3b58c000 	C:\Windows\System32\DriverStore\FileRepository\nv_dispi.inf_amd64_31dab972145ae5a9\nvldumdx.dll
0x00007fff44b80000 - 0x00007fff44b92000 	C:\Windows\SYSTEM32\msasn1.dll
0x00007fff3b490000 - 0x00007fff3b4c2000 	C:\Windows\SYSTEM32\cryptnet.dll
0x00007fff44ee0000 - 0x00007fff45046000 	C:\Windows\System32\CRYPT32.dll
0x00007fff3b330000 - 0x00007fff3b488000 	C:\Windows\SYSTEM32\drvstore.dll
0x00007fff44ba0000 - 0x00007fff44bcc000 	C:\Windows\SYSTEM32\devobj.dll
0x00007fff44bf0000 - 0x00007fff44c3e000 	C:\Windows\SYSTEM32\cfgmgr32.dll
0x00007fff44680000 - 0x00007fff446cb000 	C:\Windows\SYSTEM32\wldp.dll
0x00007fff44730000 - 0x00007fff4473c000 	C:\Windows\SYSTEM32\cryptbase.dll
0x00007fff456f0000 - 0x00007fff4575b000 	C:\Windows\System32\wintrust.dll
0x00007fff45dd0000 - 0x00007fff45def000 	C:\Windows\System32\imagehlp.dll
0x00007fff44750000 - 0x00007fff4476b000 	C:\Windows\SYSTEM32\CRYPTSP.dll
0x00007fff43ef0000 - 0x00007fff43f25000 	C:\Windows\system32\rsaenh.dll
0x00007fff44870000 - 0x00007fff44898000 	C:\Windows\SYSTEM32\bcrypt.dll
0x00007fff36a80000 - 0x00007fff38c6e000 	C:\Windows\System32\DriverStore\FileRepository\nv_dispi.inf_amd64_31dab972145ae5a9\nvgpucomp64.dll
0x00007ffeb02c0000 - 0x00007ffeb2c85000 	C:\Windows\System32\DriverStore\FileRepository\nv_dispi.inf_amd64_31dab972145ae5a9\nvd3dumx.dll
0x00007fff3f450000 - 0x00007fff3f49a000 	C:\Windows\SYSTEM32\directxdatabasehelper.dll
0x00007fff22a70000 - 0x00007fff22d41000 	C:\Windows\system32\nvspcap64.dll
0x00007fff43fb0000 - 0x00007fff43fe4000 	C:\Windows\SYSTEM32\ntmarta.dll
0x00007fff44470000 - 0x00007fff44496000 	C:\Windows\SYSTEM32\gpapi.dll
0x00007fff444a0000 - 0x00007fff444cc000 	C:\Windows\SYSTEM32\USERENV.dll
0x00007ffe57820000 - 0x00007ffe57833000 	C:\Users\eva828\AppData\Local\Temp\jogamp_0000\file_cache\jln10713211879964213599\jln12507231246546436945\natives\windows-amd64\gluegen_rt.dll
0x00007fff16a60000 - 0x00007fff16a67000 	C:\Program Files\Java\jdk-21\bin\jawt.dll
0x00007fff0cbb0000 - 0x00007fff0cbbd000 	C:\Users\eva828\AppData\Local\Temp\jogamp_0000\file_cache\jln10713211879964213599\jln12507231246546436945\natives\windows-amd64\nativewindow_awt.dll
0x00007ffe57800000 - 0x00007ffe57815000 	C:\Users\eva828\AppData\Local\Temp\jogamp_0000\file_cache\jln10713211879964213599\jln12507231246546436945\natives\windows-amd64\nativewindow_win32.dll
0x00007ffe51fc0000 - 0x00007ffe52043000 	C:\Users\eva828\AppData\Local\Temp\jogamp_0000\file_cache\jln10713211879964213599\jln12507231246546436945\natives\windows-amd64\jogl_desktop.dll
0x00007ffe546a0000 - 0x00007ffe546f2000 	C:\Users\eva828\AppData\Local\Temp\jogamp_0000\file_cache\jln10713211879964213599\jln12507231246546436945\natives\windows-amd64\jogl_mobile.dll
0x00007fff45c10000 - 0x00007fff45cc0000 	C:\Windows\System32\clbcatq.dll
0x00007fff3f310000 - 0x00007fff3f445000 	C:\Windows\System32\AppXDeploymentClient.dll
0x00007ffe2cc80000 - 0x00007ffe2f870000 	C:\Windows\System32\DriverStore\FileRepository\nv_dispi.inf_amd64_31dab972145ae5a9\nvoglv64.dll
0x00007fff46650000 - 0x00007fff46ac4000 	C:\Windows\System32\SETUPAPI.dll
0x00007fff43d40000 - 0x00007fff43d54000 	C:\Windows\SYSTEM32\WTSAPI32.dll
0x00007fff43910000 - 0x00007fff43976000 	C:\Windows\SYSTEM32\WINSTA.dll
0x00007ffe51f30000 - 0x00007ffe51fb7000 	C:\Program Files\Java\jdk-21\bin\freetype.dll
0x00007ffe51e50000 - 0x00007ffe51f23000 	C:\Program Files\Java\jdk-21\bin\fontmanager.dll
0x00007fff2cba0000 - 0x00007fff2ccea000 	C:\Windows\SYSTEM32\textinputframework.dll
0x00007fff29100000 - 0x00007fff29169000 	C:\Windows\system32\Oleacc.dll
0x00007fff41f20000 - 0x00007fff42053000 	C:\Windows\SYSTEM32\CoreMessaging.dll
0x00007fff3eb40000 - 0x00007fff3eeac000 	C:\Windows\SYSTEM32\CoreUIComponents.dll

dbghelp: loaded successfully - version: 4.0.5 - missing functions: none
symbol engine: initialized successfully - sym options: 0x614 - pdb path: .;C:\Program Files\Java\jdk-21\bin;C:\Windows\SYSTEM32;C:\Windows\WinSxS\amd64_microsoft.windows.common-controls_6595b64144ccf1df_6.0.22621.2506_none_270c5ae97388e100;C:\Program Files\Java\jdk-21\bin\server;C:\Program Files\Bonjour;C:\Windows\System32\DriverStore\FileRepository\nv_dispi.inf_amd64_31dab972145ae5a9;C:\Users\eva828\AppData\Local\Temp\jogamp_0000\file_cache\jln10713211879964213599\jln12507231246546436945\natives\windows-amd64

VM Arguments:
jvm_args: -agentlib:jdwp=transport=dt_socket,server=n,suspend=y,address=localhost:53725 --add-exports=java.desktop/sun.awt=ALL-UNNAMED --enable-preview -XX:+ShowCodeDetailsInExceptionMessages 
java_command: Main
java_class_path (initial): C:\Users\eva828\Documents\Develop\Java\MediPro\bin;c:\Users\eva828\Documents\Develop\Java\MediPro\lib\jogamp-fat.jar;c:\Users\eva828\Documents\Develop\Java\MediPro\lib\graphicslib3D.jar
Launcher Type: SUN_STANDARD

[Global flags]
     intx CICompilerCount                          = 4                                         {product} {ergonomic}
     uint ConcGCThreads                            = 2                                         {product} {ergonomic}
     uint G1ConcRefinementThreads                  = 8                                         {product} {ergonomic}
   size_t G1HeapRegionSize                         = 4194304                                   {product} {ergonomic}
    uintx GCDrainStackTargetSize                   = 64                                        {product} {ergonomic}
   size_t InitialHeapSize                          = 536870912                                 {product} {ergonomic}
   size_t MarkStackSize                            = 4194304                                   {product} {ergonomic}
   size_t MaxHeapSize                              = 8568963072                                {product} {ergonomic}
   size_t MaxNewSize                               = 5138022400                                {product} {ergonomic}
   size_t MinHeapDeltaBytes                        = 4194304                                   {product} {ergonomic}
   size_t MinHeapSize                              = 8388608                                   {product} {ergonomic}
    uintx NonNMethodCodeHeapSize                   = 5839372                                {pd product} {ergonomic}
    uintx NonProfiledCodeHeapSize                  = 122909434                              {pd product} {ergonomic}
    uintx ProfiledCodeHeapSize                     = 122909434                              {pd product} {ergonomic}
    uintx ReservedCodeCacheSize                    = 251658240                              {pd product} {ergonomic}
     bool SegmentedCodeCache                       = true                                      {product} {ergonomic}
     bool ShowCodeDetailsInExceptionMessages       = true                                   {manageable} {command line}
   size_t SoftMaxHeapSize                          = 8568963072                             {manageable} {ergonomic}
     bool UseCompressedOops                        = true                           {product lp64_product} {ergonomic}
     bool UseG1GC                                  = true                                      {product} {ergonomic}
     bool UseLargePagesIndividualAllocation        = false                                  {pd product} {ergonomic}

Logging:
Log output configuration:
 #0: stdout all=warning uptime,level,tags foldmultilines=false
 #1: stderr all=off uptime,level,tags foldmultilines=false

Environment Variables:
PATH=C:\Program Files\PowerShell\7;C:\Program Files\Common Files\Oracle\Java\javapath;C:\Program Files (x86)\Common Files\Oracle\Java\javapath;C:\Windows\system32;C:\Windows;C:\Windows\System32\Wbem;C:\Windows\System32\WindowsPowerShell\v1.0\;C:\Windows\System32\OpenSSH\;C:\Program Files\NVIDIA Corporation\NVIDIA NvDLISR;C:\Program Files (x86)\NVIDIA Corporation\PhysX\Common;C:\Program Files\nodejs\;C:\ProgramData\chocolatey\bin;C:\Program Files (x86)\Windows Kits\10\Windows Performance Toolkit\;C:\Program Files\Git\cmd;C:\Users\eva828\AppData\RoamingPython\Scripts;C:\Users\eva828\AppData\Roaming\pypoetry\venv\Scripts\poetry;C:\Program Files\dotnet\;c:\Program Files (x86)\Acustica\Framework\;c:\Program Files\Acustica\Framework\;C:\Program Files\PowerShell\7\;C:\Users\eva828\.cargo\bin;C:\Users\eva828\.pyenv\pyenv-win\bin;C:\Users\eva828\.pyenv\pyenv-win\shims;C:\Users\eva828\AppData\Local\Microsoft\WindowsApps;C:\Users\eva828\AppData\Local\Programs\Microsoft VS Code\bin;C:\Users\eva828\AppData\Roaming\npm;C:\Users\eva828\AppData\Local\GitHubDesktop\bin;C:\Users\eva828\AppData\Roaming\Python\Scripts;C:\Users\eva828\AppData\Roaming\pypoetry\venv\Scripts\poetry;C:\Users\eva828\bin;C:\Users\eva828\.dotnet\tools;C:\texlive\2023\bin\windows
USERNAME=eva828
LANG=ja_JP.UTF-8
OS=Windows_NT
PROCESSOR_IDENTIFIER=Intel64 Family 6 Model 158 Stepping 13, GenuineIntel
TMP=C:\Users\eva828\AppData\Local\Temp
TEMP=C:\Users\eva828\AppData\Local\Temp




Periodic native trim disabled

---------------  S Y S T E M  ---------------

OS:
 Windows 11 , 64 bit Build 22621 (10.0.22621.2506)
OS uptime: 3 days 19:19 hours
Hyper-V role detected

CPU: total 8 (initial active 8) (8 cores per cpu, 1 threads per core) family 6 model 158 stepping 13 microcode 0xde, cx8, cmov, fxsr, mmx, 3dnowpref, sse, sse2, sse3, ssse3, sse4.1, sse4.2, popcnt, lzcnt, tsc, tscinvbit, avx, avx2, aes, erms, clmul, bmi1, bmi2, adx, fma, vzeroupper, clflush, clflushopt, hv, rdtscp, f16c
Processor Information for all 8 processors :
  Max Mhz: 3600, Current Mhz: 3600, Mhz Limit: 3600

Memory: 4k page, system-wide physical 32684M (20376M free)
TotalPageFile size 41900M (AvailPageFile size 18933M)
current process WorkingSet (physical memory assigned to process): 186M, peak: 186M
current process commit charge ("private bytes"): 766M, peak: 766M

vm_info: Java HotSpot(TM) 64-Bit Server VM (21.0.1+12-LTS-29) for windows-amd64 JRE (21.0.1+12-LTS-29), built on 2023-10-05T13:27:09Z by "mach5one" with MS VC++ 17.1 (VS2022)

END.
